[+] /Volumes/T7-Touch/spacktivity/spack-quaxolotl-darwin/opt/spack/darwin-monterey-skylake/apple-clang-13.0.0/pkgconf-1.8.0-eliirpx3xgmze6d7dhdtxd35sdnurfif
[+] /Volumes/T7-Touch/spacktivity/spack-quaxolotl-darwin/opt/spack/darwin-monterey-skylake/apple-clang-13.0.0/berkeley-db-18.1.40-ipc5ol4muoen5pw2ne5vsrtcfhpy4s4q
[+] /Volumes/T7-Touch/spacktivity/spack-quaxolotl-darwin/opt/spack/darwin-monterey-skylake/apple-clang-13.0.0/libiconv-1.16-yxhhora32yhhzepcyfabpwnsajdtf6a6
[+] /Volumes/T7-Touch/spacktivity/spack-quaxolotl-darwin/opt/spack/darwin-monterey-skylake/apple-clang-13.0.0/zlib-1.2.12-4gd6lt3icxypmqaest5sfdfbzhot56w3
[+] /Applications/Xcode.app/Contents/Developer/Platforms/MacOSX.platform/Developer/SDKs/MacOSX.sdk (external apple-libuuid-1353.100.2-t6qlfdjchooukuag4wp2stoitefz4xr6)
[+] /Volumes/T7-Touch/spacktivity/spack-quaxolotl-darwin/opt/spack/darwin-monterey-skylake/apple-clang-13.0.0/expat-2.4.8-bzkj7hip52pg5rgidsbq3b6zeiwnpzcx
[+] /Volumes/T7-Touch/spacktivity/spack-quaxolotl-darwin/opt/spack/darwin-monterey-skylake/apple-clang-13.0.0/xz-5.2.5-xqqwp674k2kxoqwh7wbpriqkdljrfoqd
[+] /Volumes/T7-Touch/spacktivity/spack-quaxolotl-darwin/opt/spack/darwin-monterey-skylake/apple-clang-13.0.0/libffi-3.4.2-upil7iu66m6alulaqlvwhs5p33m62yff
[+] /Volumes/T7-Touch/spacktivity/spack-quaxolotl-darwin/opt/spack/darwin-monterey-skylake/apple-clang-13.0.0/ncurses-6.2-otcm5wjdzr2uieoq6gwvtk3l35nxo3eq
[+] /Volumes/T7-Touch/spacktivity/spack-quaxolotl-darwin/opt/spack/darwin-monterey-skylake/apple-clang-13.0.0/tar-1.34-x6okudqpsw6ww3eggf64tutwrvx4ve5r
[+] /Volumes/T7-Touch/spacktivity/spack-quaxolotl-darwin/opt/spack/darwin-monterey-skylake/apple-clang-13.0.0/diffutils-3.8-bvgc2nt4kynobtpis5qgs6aqbpr7hh7k
[+] /Volumes/T7-Touch/spacktivity/spack-quaxolotl-darwin/opt/spack/darwin-monterey-skylake/apple-clang-13.0.0/libxml2-2.9.12-ws3owyramfj33zqtax7pr6uedin4c7dt
[+] /Volumes/T7-Touch/spacktivity/spack-quaxolotl-darwin/opt/spack/darwin-monterey-skylake/apple-clang-13.0.0/readline-8.1-w5qjzr5pt27fwtsoapcdcnhyh44vzfs7
[+] /Volumes/T7-Touch/spacktivity/spack-quaxolotl-darwin/opt/spack/darwin-monterey-skylake/apple-clang-13.0.0/bzip2-1.0.8-i3nhmbpizu3uqsmuwgfnouxgwgwqctew
[+] /Volumes/T7-Touch/spacktivity/spack-quaxolotl-darwin/opt/spack/darwin-monterey-skylake/apple-clang-13.0.0/sqlite-3.37.2-qdpctcufrihwo4zg4pjnf2m3onfrarue
[+] /Volumes/T7-Touch/spacktivity/spack-quaxolotl-darwin/opt/spack/darwin-monterey-skylake/apple-clang-13.0.0/gdbm-1.19-w5nkt32ol3owwnflq5bhacbtrrnnqfkr
[+] /Volumes/T7-Touch/spacktivity/spack-quaxolotl-darwin/opt/spack/darwin-monterey-skylake/apple-clang-13.0.0/gettext-0.21-smd5auaxozmj6kmkzicskyygnlze2q3j
[+] /Volumes/T7-Touch/spacktivity/spack-quaxolotl-darwin/opt/spack/darwin-monterey-skylake/apple-clang-13.0.0/perl-5.34.1-i3iklgjnzayv726aypmvskgdbz57kpgj
[+] /Volumes/T7-Touch/spacktivity/spack-quaxolotl-darwin/opt/spack/darwin-monterey-skylake/apple-clang-13.0.0/openssl-1.1.1n-ggli4vctrqvnbly5dhwgxekq4zwrefpf
[+] /Volumes/T7-Touch/spacktivity/spack-quaxolotl-darwin/opt/spack/darwin-monterey-skylake/apple-clang-13.0.0/cmake-3.23.0-64ndei6ye2wnsnd4ycrkqgygecxc5vcg
[+] /Volumes/T7-Touch/spacktivity/spack-quaxolotl-darwin/opt/spack/darwin-monterey-skylake/apple-clang-13.0.0/python-3.10.2-p45jl733kyshnhyngsyq4s6w5eqkqy4y
==> Installing rocm-smi-lib-5.0.2-ebxgrajir6rgeghdoba474q276zd5bcf
==> No binary for rocm-smi-lib-5.0.2-ebxgrajir6rgeghdoba474q276zd5bcf found: installing from source
==> Using cached archive: /Volumes/T7-Touch/spacktivity/spack-quaxolotl-darwin/var/spack/cache/_source-cache/archive/a1/a169129e4ecd1cca134039dc1bf91e1b3721768781abfae4ae61fad60a633472.tar.gz
==> Applied patch /Volumes/T7-Touch/spacktivity/spack-quaxolotl-darwin/var/spack/repos/builtin/packages/rocm-smi-lib/disable_pdf_generation_with_doxygen_and_latex.patch
==> rocm-smi-lib: Executing phase: 'cmake'
==> rocm-smi-lib: Executing phase: 'build'
==> Error: ProcessError: Command exited with status 2:
    'make' '-j16'

37 errors found in build log:
     104    [ 51%] Building CXX object rocm_smi/CMakeFiles/rocm_smi64.dir/__/src/rocm_smi_counters.cc.o
     105    [ 51%] Building CXX object oam/CMakeFiles/oam.dir/__/src/rocm_smi_gpu_metrics.cc.o
     106    [ 55%] Building CXX object oam/CMakeFiles/oam.dir/__/src/rocm_smi.cc.o
     107    cd /private/var/folders/ld/z0sr6fhn0rz4tndl4nfm941m0000gn/T/dantopa/spack-stage/spack-stage-rocm-smi-lib-5.0.2-ebxgrajir6rgeghdoba474q276zd5bcf/spack-build-ebxgraj/oam && /Volumes/T7-Touch/spacktivity/spack-quaxolotl
            -darwin/lib/spack/env/gcc/g++ -Doam_EXPORTS -I/var/folders/ld/z0sr6fhn0rz4tndl4nfm941m0000gn/T/dantopa/spack-stage/spack-stage-rocm-smi-lib-5.0.2-ebxgrajir6rgeghdoba474q276zd5bcf/spack-src/include -I/var/folders/ld/z
            0sr6fhn0rz4tndl4nfm941m0000gn/T/dantopa/spack-stage/spack-stage-rocm-smi-lib-5.0.2-ebxgrajir6rgeghdoba474q276zd5bcf/spack-src/third_party/shared_mutex -I/var/folders/ld/z0sr6fhn0rz4tndl4nfm941m0000gn/T/dantopa/spack-
            stage/spack-stage-rocm-smi-lib-5.0.2-ebxgrajir6rgeghdoba474q276zd5bcf/spack-src/oam/include -I/var/folders/ld/z0sr6fhn0rz4tndl4nfm941m0000gn/T/dantopa/spack-stage/spack-stage-rocm-smi-lib-5.0.2-ebxgrajir6rgeghdoba474
            q276zd5bcf/spack-src/common/shared_mutex -Wall -Wextra -fno-rtti -m64 -msse -msse2 -std=c++11  -Wconversion -Wcast-align  -Wformat=2 -fno-common -Wstrict-overflow   -Woverloaded-virtual -Wreorder  -DFORTIFY_SOURCE=2 
            -fstack-protector-all -Wcast-align -Wl,-z,noexecstack -Wl,-znoexecheap -Wl,-z,relro  -Wtrampolines -Wl,-z,now -fPIE -O2 -O3 -DNDEBUG -isysroot /Applications/Xcode.app/Contents/Developer/Platforms/MacOSX.platform/Deve
            loper/SDKs/MacOSX.sdk -mmacosx-version-min=12 -fPIC -MD -MT oam/CMakeFiles/oam.dir/__/src/rocm_smi_gpu_metrics.cc.o -MF CMakeFiles/oam.dir/__/src/rocm_smi_gpu_metrics.cc.o.d -o CMakeFiles/oam.dir/__/src/rocm_smi_gpu_
            metrics.cc.o -c /var/folders/ld/z0sr6fhn0rz4tndl4nfm941m0000gn/T/dantopa/spack-stage/spack-stage-rocm-smi-lib-5.0.2-ebxgrajir6rgeghdoba474q276zd5bcf/spack-src/src/rocm_smi_gpu_metrics.cc
     108    cd /private/var/folders/ld/z0sr6fhn0rz4tndl4nfm941m0000gn/T/dantopa/spack-stage/spack-stage-rocm-smi-lib-5.0.2-ebxgrajir6rgeghdoba474q276zd5bcf/spack-build-ebxgraj/rocm_smi && /Volumes/T7-Touch/spacktivity/spack-quax
            olotl-darwin/lib/spack/env/gcc/g++ -Drocm_smi64_EXPORTS -I/var/folders/ld/z0sr6fhn0rz4tndl4nfm941m0000gn/T/dantopa/spack-stage/spack-stage-rocm-smi-lib-5.0.2-ebxgrajir6rgeghdoba474q276zd5bcf/spack-src/include -I/var/
            folders/ld/z0sr6fhn0rz4tndl4nfm941m0000gn/T/dantopa/spack-stage/spack-stage-rocm-smi-lib-5.0.2-ebxgrajir6rgeghdoba474q276zd5bcf/spack-src/third_party/shared_mutex -I/var/folders/ld/z0sr6fhn0rz4tndl4nfm941m0000gn/T/da
            ntopa/spack-stage/spack-stage-rocm-smi-lib-5.0.2-ebxgrajir6rgeghdoba474q276zd5bcf/spack-src/rocm_smi -I/var/folders/ld/z0sr6fhn0rz4tndl4nfm941m0000gn/T/dantopa/spack-stage/spack-stage-rocm-smi-lib-5.0.2-ebxgrajir6rge
            ghdoba474q276zd5bcf/spack-src/common/shared_mutex -I/var/folders/ld/z0sr6fhn0rz4tndl4nfm941m0000gn/T/dantopa/spack-stage/spack-stage-rocm-smi-lib-5.0.2-ebxgrajir6rgeghdoba474q276zd5bcf/spack-src/rocm_smi/include -Wal
            l -Wextra -fno-rtti -m64 -msse -msse2 -std=c++11  -Wconversion -Wcast-align  -Wformat=2 -fno-common -Wstrict-overflow   -Woverloaded-virtual -Wreorder  -DFORTIFY_SOURCE=2 -fstack-protector-all -Wcast-align -Wl,-z,noe
            xecstack -Wl,-znoexecheap -Wl,-z,relro  -Wtrampolines -Wl,-z,now -fPIE -O2 -O3 -DNDEBUG -isysroot /Applications/Xcode.app/Contents/Developer/Platforms/MacOSX.platform/Developer/SDKs/MacOSX.sdk -mmacosx-version-min=12
             -fPIC -MD -MT rocm_smi/CMakeFiles/rocm_smi64.dir/__/src/rocm_smi_counters.cc.o -MF CMakeFiles/rocm_smi64.dir/__/src/rocm_smi_counters.cc.o.d -o CMakeFiles/rocm_smi64.dir/__/src/rocm_smi_counters.cc.o -c /var/folders
            /ld/z0sr6fhn0rz4tndl4nfm941m0000gn/T/dantopa/spack-stage/spack-stage-rocm-smi-lib-5.0.2-ebxgrajir6rgeghdoba474q276zd5bcf/spack-src/src/rocm_smi_counters.cc
     109    cd /private/var/folders/ld/z0sr6fhn0rz4tndl4nfm941m0000gn/T/dantopa/spack-stage/spack-stage-rocm-smi-lib-5.0.2-ebxgrajir6rgeghdoba474q276zd5bcf/spack-build-ebxgraj/oam && /Volumes/T7-Touch/spacktivity/spack-quaxolotl
            -darwin/lib/spack/env/gcc/g++ -Doam_EXPORTS -I/var/folders/ld/z0sr6fhn0rz4tndl4nfm941m0000gn/T/dantopa/spack-stage/spack-stage-rocm-smi-lib-5.0.2-ebxgrajir6rgeghdoba474q276zd5bcf/spack-src/include -I/var/folders/ld/z
            0sr6fhn0rz4tndl4nfm941m0000gn/T/dantopa/spack-stage/spack-stage-rocm-smi-lib-5.0.2-ebxgrajir6rgeghdoba474q276zd5bcf/spack-src/third_party/shared_mutex -I/var/folders/ld/z0sr6fhn0rz4tndl4nfm941m0000gn/T/dantopa/spack-
            stage/spack-stage-rocm-smi-lib-5.0.2-ebxgrajir6rgeghdoba474q276zd5bcf/spack-src/oam/include -I/var/folders/ld/z0sr6fhn0rz4tndl4nfm941m0000gn/T/dantopa/spack-stage/spack-stage-rocm-smi-lib-5.0.2-ebxgrajir6rgeghdoba474
            q276zd5bcf/spack-src/common/shared_mutex -Wall -Wextra -fno-rtti -m64 -msse -msse2 -std=c++11  -Wconversion -Wcast-align  -Wformat=2 -fno-common -Wstrict-overflow   -Woverloaded-virtual -Wreorder  -DFORTIFY_SOURCE=2 
            -fstack-protector-all -Wcast-align -Wl,-z,noexecstack -Wl,-znoexecheap -Wl,-z,relro  -Wtrampolines -Wl,-z,now -fPIE -O2 -O3 -DNDEBUG -isysroot /Applications/Xcode.app/Contents/Developer/Platforms/MacOSX.platform/Deve
            loper/SDKs/MacOSX.sdk -mmacosx-version-min=12 -fPIC -MD -MT oam/CMakeFiles/oam.dir/__/src/rocm_smi.cc.o -MF CMakeFiles/oam.dir/__/src/rocm_smi.cc.o.d -o CMakeFiles/oam.dir/__/src/rocm_smi.cc.o -c /var/folders/ld/z0sr
            6fhn0rz4tndl4nfm941m0000gn/T/dantopa/spack-stage/spack-stage-rocm-smi-lib-5.0.2-ebxgrajir6rgeghdoba474q276zd5bcf/spack-src/src/rocm_smi.cc
  >> 110    /var/folders/ld/z0sr6fhn0rz4tndl4nfm941m0000gn/T/dantopa/spack-stage/spack-stage-rocm-smi-lib-5.0.2-ebxgrajir6rgeghdoba474q276zd5bcf/spack-src/src/rocm_smi_counters.cc:46:10: fatal error: linux/perf_event.h: No such 
            file or directory
     111       46 | #include <linux/perf_event.h>
     112          |          ^~~~~~~~~~~~~~~~~~~~
     113    compilation terminated.
  >> 114    make[2]: *** [oam/CMakeFiles/oam.dir/__/src/rocm_smi_counters.cc.o] Error 1
     115    make[2]: *** Waiting for unfinished jobs....
     116    [ 58%] Building CXX object rocm_smi/CMakeFiles/rocm_smi64.dir/__/src/rocm_smi_kfd.cc.o
     117    cd /private/var/folders/ld/z0sr6fhn0rz4tndl4nfm941m0000gn/T/dantopa/spack-stage/spack-stage-rocm-smi-lib-5.0.2-ebxgrajir6rgeghdoba474q276zd5bcf/spack-build-ebxgraj/rocm_smi && /Volumes/T7-Touch/spacktivity/spack-quax
            olotl-darwin/lib/spack/env/gcc/g++ -Drocm_smi64_EXPORTS -I/var/folders/ld/z0sr6fhn0rz4tndl4nfm941m0000gn/T/dantopa/spack-stage/spack-stage-rocm-smi-lib-5.0.2-ebxgrajir6rgeghdoba474q276zd5bcf/spack-src/include -I/var/
            folders/ld/z0sr6fhn0rz4tndl4nfm941m0000gn/T/dantopa/spack-stage/spack-stage-rocm-smi-lib-5.0.2-ebxgrajir6rgeghdoba474q276zd5bcf/spack-src/third_party/shared_mutex -I/var/folders/ld/z0sr6fhn0rz4tndl4nfm941m0000gn/T/da
            ntopa/spack-stage/spack-stage-rocm-smi-lib-5.0.2-ebxgrajir6rgeghdoba474q276zd5bcf/spack-src/rocm_smi -I/var/folders/ld/z0sr6fhn0rz4tndl4nfm941m0000gn/T/dantopa/spack-stage/spack-stage-rocm-smi-lib-5.0.2-ebxgrajir6rge
            ghdoba474q276zd5bcf/spack-src/common/shared_mutex -I/var/folders/ld/z0sr6fhn0rz4tndl4nfm941m0000gn/T/dantopa/spack-stage/spack-stage-rocm-smi-lib-5.0.2-ebxgrajir6rgeghdoba474q276zd5bcf/spack-src/rocm_smi/include -Wal
            l -Wextra -fno-rtti -m64 -msse -msse2 -std=c++11  -Wconversion -Wcast-align  -Wformat=2 -fno-common -Wstrict-overflow   -Woverloaded-virtual -Wreorder  -DFORTIFY_SOURCE=2 -fstack-protector-all -Wcast-align -Wl,-z,noe
            xecstack -Wl,-znoexecheap -Wl,-z,relro  -Wtrampolines -Wl,-z,now -fPIE -O2 -O3 -DNDEBUG -isysroot /Applications/Xcode.app/Contents/Developer/Platforms/MacOSX.platform/Developer/SDKs/MacOSX.sdk -mmacosx-version-min=12
             -fPIC -MD -MT rocm_smi/CMakeFiles/rocm_smi64.dir/__/src/rocm_smi_kfd.cc.o -MF CMakeFiles/rocm_smi64.dir/__/src/rocm_smi_kfd.cc.o.d -o CMakeFiles/rocm_smi64.dir/__/src/rocm_smi_kfd.cc.o -c /var/folders/ld/z0sr6fhn0rz
            4tndl4nfm941m0000gn/T/dantopa/spack-stage/spack-stage-rocm-smi-lib-5.0.2-ebxgrajir6rgeghdoba474q276zd5bcf/spack-src/src/rocm_smi_kfd.cc
  >> 118    /var/folders/ld/z0sr6fhn0rz4tndl4nfm941m0000gn/T/dantopa/spack-stage/spack-stage-rocm-smi-lib-5.0.2-ebxgrajir6rgeghdoba474q276zd5bcf/spack-src/src/rocm_smi_counters.cc:46:10: fatal error: linux/perf_event.h: No such 
            file or directory
     119       46 | #include <linux/perf_event.h>
     120          |          ^~~~~~~~~~~~~~~~~~~~
     121    compilation terminated.
  >> 122    make[2]: *** [rocm_smi/CMakeFiles/rocm_smi64.dir/__/src/rocm_smi_counters.cc.o] Error 1
     123    make[2]: *** Waiting for unfinished jobs....
     124    In file included from /var/folders/ld/z0sr6fhn0rz4tndl4nfm941m0000gn/T/dantopa/spack-stage/spack-stage-rocm-smi-lib-5.0.2-ebxgrajir6rgeghdoba474q276zd5bcf/spack-src/include/rocm_smi/rocm_smi.h:56,
     125                     from /var/folders/ld/z0sr6fhn0rz4tndl4nfm941m0000gn/T/dantopa/spack-stage/spack-stage-rocm-smi-lib-5.0.2-ebxgrajir6rgeghdoba474q276zd5bcf/spack-src/src/rocm_smi_utils.cc:55:
  >> 126    /var/folders/ld/z0sr6fhn0rz4tndl4nfm941m0000gn/T/dantopa/spack-stage/spack-stage-rocm-smi-lib-5.0.2-ebxgrajir6rgeghdoba474q276zd5bcf/spack-src/include/rocm_smi/kfd_ioctl.h:26:10: fatal error: linux/types.h: No such f
            ile or directory
     127       26 | #include <linux/types.h>
     128          |          ^~~~~~~~~~~~~~~
     129    In file included from /var/folders/ld/z0sr6fhn0rz4tndl4nfm941m0000gn/T/dantopa/spack-stage/spack-stage-rocm-smi-lib-5.0.2-ebxgrajir6rgeghdoba474q276zd5bcf/spack-src/include/rocm_smi/rocm_smi.h:56,
     130                     from /var/folders/ld/z0sr6fhn0rz4tndl4nfm941m0000gn/T/dantopa/spack-stage/spack-stage-rocm-smi-lib-5.0.2-ebxgrajir6rgeghdoba474q276zd5bcf/spack-src/src/rocm_smi_utils.cc:55:
  >> 131    /var/folders/ld/z0sr6fhn0rz4tndl4nfm941m0000gn/T/dantopa/spack-stage/spack-stage-rocm-smi-lib-5.0.2-ebxgrajir6rgeghdoba474q276zd5bcf/spack-src/include/rocm_smi/kfd_ioctl.h:26:10: fatal error: linux/types.h: No such f
            ile or directory
     132       26 | #include <linux/types.h>
     133          |          ^~~~~~~~~~~~~~~
     134    compilation terminated.
     135    compilation terminated.
  >> 136    make[2]: *** [rocm_smi/CMakeFiles/rocm_smi64.dir/__/src/rocm_smi_utils.cc.o] Error 1
  >> 137    make[2]: *** [oam/CMakeFiles/oam.dir/__/src/rocm_smi_utils.cc.o] Error 1
     138    In file included from /var/folders/ld/z0sr6fhn0rz4tndl4nfm941m0000gn/T/dantopa/spack-stage/spack-stage-rocm-smi-lib-5.0.2-ebxgrajir6rgeghdoba474q276zd5bcf/spack-src/include/rocm_smi/rocm_smi.h:56,
     139                     from /var/folders/ld/z0sr6fhn0rz4tndl4nfm941m0000gn/T/dantopa/spack-stage/spack-stage-rocm-smi-lib-5.0.2-ebxgrajir6rgeghdoba474q276zd5bcf/spack-src/src/rocm_smi_io_link.cc:56:
  >> 140    /var/folders/ld/z0sr6fhn0rz4tndl4nfm941m0000gn/T/dantopa/spack-stage/spack-stage-rocm-smi-lib-5.0.2-ebxgrajir6rgeghdoba474q276zd5bcf/spack-src/include/rocm_smi/kfd_ioctl.h:26:10: fatal error: linux/types.h: No such f
            ile or directory
     141       26 | #include <linux/types.h>
     142          |          ^~~~~~~~~~~~~~~
     143    compilation terminated.
  >> 144    make[2]: *** [oam/CMakeFiles/oam.dir/__/src/rocm_smi_io_link.cc.o] Error 1
     145    In file included from /var/folders/ld/z0sr6fhn0rz4tndl4nfm941m0000gn/T/dantopa/spack-stage/spack-stage-rocm-smi-lib-5.0.2-ebxgrajir6rgeghdoba474q276zd5bcf/spack-src/include/rocm_smi/rocm_smi.h:56,
     146                     from /var/folders/ld/z0sr6fhn0rz4tndl4nfm941m0000gn/T/dantopa/spack-stage/spack-stage-rocm-smi-lib-5.0.2-ebxgrajir6rgeghdoba474q276zd5bcf/spack-src/src/rocm_smi_main.cc:61:
  >> 147    /var/folders/ld/z0sr6fhn0rz4tndl4nfm941m0000gn/T/dantopa/spack-stage/spack-stage-rocm-smi-lib-5.0.2-ebxgrajir6rgeghdoba474q276zd5bcf/spack-src/include/rocm_smi/kfd_ioctl.h:26:10: fatal error: linux/types.h: No such f
            ile or directory
     148       26 | #include <linux/types.h>
     149          |          ^~~~~~~~~~~~~~~
     150    compilation terminated.
     151    In file included from /var/folders/ld/z0sr6fhn0rz4tndl4nfm941m0000gn/T/dantopa/spack-stage/spack-stage-rocm-smi-lib-5.0.2-ebxgrajir6rgeghdoba474q276zd5bcf/spack-src/include/rocm_smi/rocm_smi.h:56,
     152                     from /var/folders/ld/z0sr6fhn0rz4tndl4nfm941m0000gn/T/dantopa/spack-stage/spack-stage-rocm-smi-lib-5.0.2-ebxgrajir6rgeghdoba474q276zd5bcf/spack-src/src/rocm_smi_main.cc:61:
  >> 153    /var/folders/ld/z0sr6fhn0rz4tndl4nfm941m0000gn/T/dantopa/spack-stage/spack-stage-rocm-smi-lib-5.0.2-ebxgrajir6rgeghdoba474q276zd5bcf/spack-src/include/rocm_smi/kfd_ioctl.h:26:10: fatal error: linux/types.h: No such f
            ile or directory
     154       26 | #include <linux/types.h>
     155          |          ^~~~~~~~~~~~~~~
     156    compilation terminated.
     157    In file included from /var/folders/ld/z0sr6fhn0rz4tndl4nfm941m0000gn/T/dantopa/spack-stage/spack-stage-rocm-smi-lib-5.0.2-ebxgrajir6rgeghdoba474q276zd5bcf/spack-src/include/rocm_smi/rocm_smi.h:56,
     158                     from /var/folders/ld/z0sr6fhn0rz4tndl4nfm941m0000gn/T/dantopa/spack-stage/spack-stage-rocm-smi-lib-5.0.2-ebxgrajir6rgeghdoba474q276zd5bcf/spack-src/include/rocm_smi/rocm_smi_io_link.h:53,
     159                     from /var/folders/ld/z0sr6fhn0rz4tndl4nfm941m0000gn/T/dantopa/spack-stage/spack-stage-rocm-smi-lib-5.0.2-ebxgrajir6rgeghdoba474q276zd5bcf/spack-src/src/rocm_smi_kfd.cc:56:
  >> 160    /var/folders/ld/z0sr6fhn0rz4tndl4nfm941m0000gn/T/dantopa/spack-stage/spack-stage-rocm-smi-lib-5.0.2-ebxgrajir6rgeghdoba474q276zd5bcf/spack-src/include/rocm_smi/kfd_ioctl.h:26:10: fatal error: linux/types.h: No such f
            ile or directory
     161       26 | #include <linux/types.h>
     162          |          ^~~~~~~~~~~~~~~
     163    compilation terminated.
     164    In file included from /var/folders/ld/z0sr6fhn0rz4tndl4nfm941m0000gn/T/dantopa/spack-stage/spack-stage-rocm-smi-lib-5.0.2-ebxgrajir6rgeghdoba474q276zd5bcf/spack-src/include/rocm_smi/rocm_smi.h:56,
     165                     from /var/folders/ld/z0sr6fhn0rz4tndl4nfm941m0000gn/T/dantopa/spack-stage/spack-stage-rocm-smi-lib-5.0.2-ebxgrajir6rgeghdoba474q276zd5bcf/spack-src/include/rocm_smi/rocm_smi_io_link.h:53,
     166                     from /var/folders/ld/z0sr6fhn0rz4tndl4nfm941m0000gn/T/dantopa/spack-stage/spack-stage-rocm-smi-lib-5.0.2-ebxgrajir6rgeghdoba474q276zd5bcf/spack-src/include/rocm_smi/rocm_smi_main.h:59,
     167                     from /var/folders/ld/z0sr6fhn0rz4tndl4nfm941m0000gn/T/dantopa/spack-stage/spack-stage-rocm-smi-lib-5.0.2-ebxgrajir6rgeghdoba474q276zd5bcf/spack-src/src/rocm_smi_power_mon.cc:53:
  >> 168    /var/folders/ld/z0sr6fhn0rz4tndl4nfm941m0000gn/T/dantopa/spack-stage/spack-stage-rocm-smi-lib-5.0.2-ebxgrajir6rgeghdoba474q276zd5bcf/spack-src/include/rocm_smi/kfd_ioctl.h:26:10: fatal error: linux/types.h: No such f
            ile or directory
     169       26 | #include <linux/types.h>
     170          |          ^~~~~~~~~~~~~~~
     171    compilation terminated.
     172    In file included from /var/folders/ld/z0sr6fhn0rz4tndl4nfm941m0000gn/T/dantopa/spack-stage/spack-stage-rocm-smi-lib-5.0.2-ebxgrajir6rgeghdoba474q276zd5bcf/spack-src/include/rocm_smi/rocm_smi.h:56,
     173                     from /var/folders/ld/z0sr6fhn0rz4tndl4nfm941m0000gn/T/dantopa/spack-stage/spack-stage-rocm-smi-lib-5.0.2-ebxgrajir6rgeghdoba474q276zd5bcf/spack-src/include/rocm_smi/rocm_smi_io_link.h:53,
     174                     from /var/folders/ld/z0sr6fhn0rz4tndl4nfm941m0000gn/T/dantopa/spack-stage/spack-stage-rocm-smi-lib-5.0.2-ebxgrajir6rgeghdoba474q276zd5bcf/spack-src/include/rocm_smi/rocm_smi_main.h:59,
     175                     from /var/folders/ld/z0sr6fhn0rz4tndl4nfm941m0000gn/T/dantopa/spack-stage/spack-stage-rocm-smi-lib-5.0.2-ebxgrajir6rgeghdoba474q276zd5bcf/spack-src/src/rocm_smi_power_mon.cc:53:
  >> 176    /var/folders/ld/z0sr6fhn0rz4tndl4nfm941m0000gn/T/dantopa/spack-stage/spack-stage-rocm-smi-lib-5.0.2-ebxgrajir6rgeghdoba474q276zd5bcf/spack-src/include/rocm_smi/kfd_ioctl.h:26:10: fatal error: linux/types.h: No such f
            ile or directory
     177       26 | #include <linux/types.h>
     178          |          ^~~~~~~~~~~~~~~
     179    compilation terminated.
  >> 180    make[2]: *** [rocm_smi/CMakeFiles/rocm_smi64.dir/__/src/rocm_smi_main.cc.o] Error 1
  >> 181    make[2]: *** [oam/CMakeFiles/oam.dir/__/src/rocm_smi_main.cc.o] Error 1
  >> 182    make[2]: *** [oam/CMakeFiles/oam.dir/__/src/rocm_smi_kfd.cc.o] Error 1
  >> 183    make[2]: *** [rocm_smi/CMakeFiles/rocm_smi64.dir/__/src/rocm_smi_power_mon.cc.o] Error 1
  >> 184    make[2]: *** [oam/CMakeFiles/oam.dir/__/src/rocm_smi_power_mon.cc.o] Error 1
     185    In file included from /var/folders/ld/z0sr6fhn0rz4tndl4nfm941m0000gn/T/dantopa/spack-stage/spack-stage-rocm-smi-lib-5.0.2-ebxgrajir6rgeghdoba474q276zd5bcf/spack-src/include/rocm_smi/rocm_smi.h:56,
     186                     from /var/folders/ld/z0sr6fhn0rz4tndl4nfm941m0000gn/T/dantopa/spack-stage/spack-stage-rocm-smi-lib-5.0.2-ebxgrajir6rgeghdoba474q276zd5bcf/spack-src/include/rocm_smi/rocm_smi_io_link.h:53,
     187                     from /var/folders/ld/z0sr6fhn0rz4tndl4nfm941m0000gn/T/dantopa/spack-stage/spack-stage-rocm-smi-lib-5.0.2-ebxgrajir6rgeghdoba474q276zd5bcf/spack-src/include/rocm_smi/rocm_smi_main.h:59,
     188                     from /var/folders/ld/z0sr6fhn0rz4tndl4nfm941m0000gn/T/dantopa/spack-stage/spack-stage-rocm-smi-lib-5.0.2-ebxgrajir6rgeghdoba474q276zd5bcf/spack-src/src/rocm_smi_device.cc:62:
  >> 189    /var/folders/ld/z0sr6fhn0rz4tndl4nfm941m0000gn/T/dantopa/spack-stage/spack-stage-rocm-smi-lib-5.0.2-ebxgrajir6rgeghdoba474q276zd5bcf/spack-src/include/rocm_smi/kfd_ioctl.h:26:10: fatal error: linux/types.h: No such f
            ile or directory
     190       26 | #include <linux/types.h>
     191          |          ^~~~~~~~~~~~~~~
     192    compilation terminated.
  >> 193    make[2]: *** [rocm_smi/CMakeFiles/rocm_smi64.dir/__/src/rocm_smi_device.cc.o] Error 1
     194    In file included from /var/folders/ld/z0sr6fhn0rz4tndl4nfm941m0000gn/T/dantopa/spack-stage/spack-stage-rocm-smi-lib-5.0.2-ebxgrajir6rgeghdoba474q276zd5bcf/spack-src/include/rocm_smi/rocm_smi.h:56,
     195                     from /var/folders/ld/z0sr6fhn0rz4tndl4nfm941m0000gn/T/dantopa/spack-stage/spack-stage-rocm-smi-lib-5.0.2-ebxgrajir6rgeghdoba474q276zd5bcf/spack-src/include/rocm_smi/rocm_smi_io_link.h:53,
     196                     from /var/folders/ld/z0sr6fhn0rz4tndl4nfm941m0000gn/T/dantopa/spack-stage/spack-stage-rocm-smi-lib-5.0.2-ebxgrajir6rgeghdoba474q276zd5bcf/spack-src/include/rocm_smi/rocm_smi_main.h:59,
     197                     from /var/folders/ld/z0sr6fhn0rz4tndl4nfm941m0000gn/T/dantopa/spack-stage/spack-stage-rocm-smi-lib-5.0.2-ebxgrajir6rgeghdoba474q276zd5bcf/spack-src/src/rocm_smi_device.cc:62:
  >> 198    /var/folders/ld/z0sr6fhn0rz4tndl4nfm941m0000gn/T/dantopa/spack-stage/spack-stage-rocm-smi-lib-5.0.2-ebxgrajir6rgeghdoba474q276zd5bcf/spack-src/include/rocm_smi/kfd_ioctl.h:26:10: fatal error: linux/types.h: No such f
            ile or directory
     199       26 | #include <linux/types.h>
     200          |          ^~~~~~~~~~~~~~~
     201    compilation terminated.
     202    In file included from /var/folders/ld/z0sr6fhn0rz4tndl4nfm941m0000gn/T/dantopa/spack-stage/spack-stage-rocm-smi-lib-5.0.2-ebxgrajir6rgeghdoba474q276zd5bcf/spack-src/include/rocm_smi/rocm_smi.h:56,
     203                     from /var/folders/ld/z0sr6fhn0rz4tndl4nfm941m0000gn/T/dantopa/spack-stage/spack-stage-rocm-smi-lib-5.0.2-ebxgrajir6rgeghdoba474q276zd5bcf/spack-src/src/rocm_smi.cc:66:
  >> 204    /var/folders/ld/z0sr6fhn0rz4tndl4nfm941m0000gn/T/dantopa/spack-stage/spack-stage-rocm-smi-lib-5.0.2-ebxgrajir6rgeghdoba474q276zd5bcf/spack-src/include/rocm_smi/kfd_ioctl.h:26:10: fatal error: linux/types.h: No such f
            ile or directory
     205       26 | #include <linux/types.h>
     206          |          ^~~~~~~~~~~~~~~
     207    compilation terminated.
  >> 208    make[2]: *** [oam/CMakeFiles/oam.dir/__/src/rocm_smi_device.cc.o] Error 1
  >> 209    make[2]: *** [oam/CMakeFiles/oam.dir/__/src/rocm_smi.cc.o] Error 1
     210    In file included from /var/folders/ld/z0sr6fhn0rz4tndl4nfm941m0000gn/T/dantopa/spack-stage/spack-stage-rocm-smi-lib-5.0.2-ebxgrajir6rgeghdoba474q276zd5bcf/spack-src/include/rocm_smi/rocm_smi.h:56,
     211                     from /var/folders/ld/z0sr6fhn0rz4tndl4nfm941m0000gn/T/dantopa/spack-stage/spack-stage-rocm-smi-lib-5.0.2-ebxgrajir6rgeghdoba474q276zd5bcf/spack-src/include/rocm_smi/rocm_smi_io_link.h:53,
     212                     from /var/folders/ld/z0sr6fhn0rz4tndl4nfm941m0000gn/T/dantopa/spack-stage/spack-stage-rocm-smi-lib-5.0.2-ebxgrajir6rgeghdoba474q276zd5bcf/spack-src/include/rocm_smi/rocm_smi_main.h:59,
     213                     from /var/folders/ld/z0sr6fhn0rz4tndl4nfm941m0000gn/T/dantopa/spack-stage/spack-stage-rocm-smi-lib-5.0.2-ebxgrajir6rgeghdoba474q276zd5bcf/spack-src/src/rocm_smi_monitor.cc:56:
  >> 214    /var/folders/ld/z0sr6fhn0rz4tndl4nfm941m0000gn/T/dantopa/spack-stage/spack-stage-rocm-smi-lib-5.0.2-ebxgrajir6rgeghdoba474q276zd5bcf/spack-src/include/rocm_smi/kfd_ioctl.h:26:10: fatal error: linux/types.h: No such f
            ile or directory
     215       26 | #include <linux/types.h>
     216          |          ^~~~~~~~~~~~~~~
     217    compilation terminated.
     218    In file included from /var/folders/ld/z0sr6fhn0rz4tndl4nfm941m0000gn/T/dantopa/spack-stage/spack-stage-rocm-smi-lib-5.0.2-ebxgrajir6rgeghdoba474q276zd5bcf/spack-src/include/rocm_smi/rocm_smi.h:56,
     219                     from /var/folders/ld/z0sr6fhn0rz4tndl4nfm941m0000gn/T/dantopa/spack-stage/spack-stage-rocm-smi-lib-5.0.2-ebxgrajir6rgeghdoba474q276zd5bcf/spack-src/include/rocm_smi/rocm_smi_io_link.h:53,
     220                     from /var/folders/ld/z0sr6fhn0rz4tndl4nfm941m0000gn/T/dantopa/spack-stage/spack-stage-rocm-smi-lib-5.0.2-ebxgrajir6rgeghdoba474q276zd5bcf/spack-src/include/rocm_smi/rocm_smi_main.h:59,
     221                     from /var/folders/ld/z0sr6fhn0rz4tndl4nfm941m0000gn/T/dantopa/spack-stage/spack-stage-rocm-smi-lib-5.0.2-ebxgrajir6rgeghdoba474q276zd5bcf/spack-src/src/rocm_smi_monitor.cc:56:
  >> 222    /var/folders/ld/z0sr6fhn0rz4tndl4nfm941m0000gn/T/dantopa/spack-stage/spack-stage-rocm-smi-lib-5.0.2-ebxgrajir6rgeghdoba474q276zd5bcf/spack-src/include/rocm_smi/kfd_ioctl.h:26:10: fatal error: linux/types.h: No such f
            ile or directory
     223       26 | #include <linux/types.h>
     224          |          ^~~~~~~~~~~~~~~
     225    compilation terminated.
  >> 226    make[2]: *** [oam/CMakeFiles/oam.dir/__/src/rocm_smi_monitor.cc.o] Error 1
  >> 227    make[2]: *** [rocm_smi/CMakeFiles/rocm_smi64.dir/__/src/rocm_smi_monitor.cc.o] Error 1
     228    In file included from /var/folders/ld/z0sr6fhn0rz4tndl4nfm941m0000gn/T/dantopa/spack-stage/spack-stage-rocm-smi-lib-5.0.2-ebxgrajir6rgeghdoba474q276zd5bcf/spack-src/include/rocm_smi/rocm_smi.h:56,
     229                     from /var/folders/ld/z0sr6fhn0rz4tndl4nfm941m0000gn/T/dantopa/spack-stage/spack-stage-rocm-smi-lib-5.0.2-ebxgrajir6rgeghdoba474q276zd5bcf/spack-src/include/rocm_smi/rocm_smi_io_link.h:53,
     230                     from /var/folders/ld/z0sr6fhn0rz4tndl4nfm941m0000gn/T/dantopa/spack-stage/spack-stage-rocm-smi-lib-5.0.2-ebxgrajir6rgeghdoba474q276zd5bcf/spack-src/include/rocm_smi/rocm_smi_main.h:59,
     231                     from /var/folders/ld/z0sr6fhn0rz4tndl4nfm941m0000gn/T/dantopa/spack-stage/spack-stage-rocm-smi-lib-5.0.2-ebxgrajir6rgeghdoba474q276zd5bcf/spack-src/src/rocm_smi_gpu_metrics.cc:58:
  >> 232    /var/folders/ld/z0sr6fhn0rz4tndl4nfm941m0000gn/T/dantopa/spack-stage/spack-stage-rocm-smi-lib-5.0.2-ebxgrajir6rgeghdoba474q276zd5bcf/spack-src/include/rocm_smi/kfd_ioctl.h:26:10: fatal error: linux/types.h: No such f
            ile or directory
     233       26 | #include <linux/types.h>
     234          |          ^~~~~~~~~~~~~~~
     235    compilation terminated.
  >> 236    make[2]: *** [oam/CMakeFiles/oam.dir/__/src/rocm_smi_gpu_metrics.cc.o] Error 1
  >> 237    make[1]: *** [oam/CMakeFiles/oam.dir/all] Error 2
     238    make[1]: *** Waiting for unfinished jobs....
     239    In file included from /var/folders/ld/z0sr6fhn0rz4tndl4nfm941m0000gn/T/dantopa/spack-stage/spack-stage-rocm-smi-lib-5.0.2-ebxgrajir6rgeghdoba474q276zd5bcf/spack-src/include/rocm_smi/rocm_smi.h:56,
     240                     from /var/folders/ld/z0sr6fhn0rz4tndl4nfm941m0000gn/T/dantopa/spack-stage/spack-stage-rocm-smi-lib-5.0.2-ebxgrajir6rgeghdoba474q276zd5bcf/spack-src/include/rocm_smi/rocm_smi_io_link.h:53,
     241                     from /var/folders/ld/z0sr6fhn0rz4tndl4nfm941m0000gn/T/dantopa/spack-stage/spack-stage-rocm-smi-lib-5.0.2-ebxgrajir6rgeghdoba474q276zd5bcf/spack-src/src/rocm_smi_kfd.cc:56:
  >> 242    /var/folders/ld/z0sr6fhn0rz4tndl4nfm941m0000gn/T/dantopa/spack-stage/spack-stage-rocm-smi-lib-5.0.2-ebxgrajir6rgeghdoba474q276zd5bcf/spack-src/include/rocm_smi/kfd_ioctl.h:26:10: fatal error: linux/types.h: No such f
            ile or directory
     243       26 | #include <linux/types.h>
     244          |          ^~~~~~~~~~~~~~~
     245    compilation terminated.
  >> 246    make[2]: *** [rocm_smi/CMakeFiles/rocm_smi64.dir/__/src/rocm_smi_kfd.cc.o] Error 1
  >> 247    make[1]: *** [rocm_smi/CMakeFiles/rocm_smi64.dir/all] Error 2
  >> 248    make: *** [all] Error 2

See build log for details:
  /var/folders/ld/z0sr6fhn0rz4tndl4nfm941m0000gn/T/dantopa/spack-stage/spack-stage-rocm-smi-lib-5.0.2-ebxgrajir6rgeghdoba474q276zd5bcf/spack-build-out.txt

[+] /Volumes/T7-Touch/spacktivity/spack-quaxolotl-darwin/opt/spack/darwin-monterey-skylake/apple-clang-13.0.0/pkgconf-1.8.0-eliirpx3xgmze6d7dhdtxd35sdnurfif
[+] /Volumes/T7-Touch/spacktivity/spack-quaxolotl-darwin/opt/spack/darwin-monterey-skylake/apple-clang-13.0.0/berkeley-db-18.1.40-ipc5ol4muoen5pw2ne5vsrtcfhpy4s4q
[+] /Volumes/T7-Touch/spacktivity/spack-quaxolotl-darwin/opt/spack/darwin-monterey-skylake/apple-clang-13.0.0/libiconv-1.16-yxhhora32yhhzepcyfabpwnsajdtf6a6
[+] /Volumes/T7-Touch/spacktivity/spack-quaxolotl-darwin/opt/spack/darwin-monterey-skylake/apple-clang-13.0.0/zlib-1.2.12-4gd6lt3icxypmqaest5sfdfbzhot56w3
[+] /Applications/Xcode.app/Contents/Developer/Platforms/MacOSX.platform/Developer/SDKs/MacOSX.sdk (external apple-libuuid-1353.100.2-t6qlfdjchooukuag4wp2stoitefz4xr6)
[+] /Volumes/T7-Touch/spacktivity/spack-quaxolotl-darwin/opt/spack/darwin-monterey-skylake/apple-clang-13.0.0/expat-2.4.8-bzkj7hip52pg5rgidsbq3b6zeiwnpzcx
[+] /Volumes/T7-Touch/spacktivity/spack-quaxolotl-darwin/opt/spack/darwin-monterey-skylake/apple-clang-13.0.0/xz-5.2.5-xqqwp674k2kxoqwh7wbpriqkdljrfoqd
[+] /Volumes/T7-Touch/spacktivity/spack-quaxolotl-darwin/opt/spack/darwin-monterey-skylake/apple-clang-13.0.0/libffi-3.4.2-upil7iu66m6alulaqlvwhs5p33m62yff
[+] /Volumes/T7-Touch/spacktivity/spack-quaxolotl-darwin/opt/spack/darwin-monterey-skylake/apple-clang-13.0.0/ncurses-6.2-otcm5wjdzr2uieoq6gwvtk3l35nxo3eq
[+] /Volumes/T7-Touch/spacktivity/spack-quaxolotl-darwin/opt/spack/darwin-monterey-skylake/apple-clang-13.0.0/tar-1.34-x6okudqpsw6ww3eggf64tutwrvx4ve5r
[+] /Volumes/T7-Touch/spacktivity/spack-quaxolotl-darwin/opt/spack/darwin-monterey-skylake/apple-clang-13.0.0/diffutils-3.8-bvgc2nt4kynobtpis5qgs6aqbpr7hh7k
[+] /Volumes/T7-Touch/spacktivity/spack-quaxolotl-darwin/opt/spack/darwin-monterey-skylake/apple-clang-13.0.0/libxml2-2.9.12-ws3owyramfj33zqtax7pr6uedin4c7dt
[+] /Volumes/T7-Touch/spacktivity/spack-quaxolotl-darwin/opt/spack/darwin-monterey-skylake/apple-clang-13.0.0/readline-8.1-w5qjzr5pt27fwtsoapcdcnhyh44vzfs7
[+] /Volumes/T7-Touch/spacktivity/spack-quaxolotl-darwin/opt/spack/darwin-monterey-skylake/apple-clang-13.0.0/bzip2-1.0.8-i3nhmbpizu3uqsmuwgfnouxgwgwqctew
[+] /Volumes/T7-Touch/spacktivity/spack-quaxolotl-darwin/opt/spack/darwin-monterey-skylake/apple-clang-13.0.0/gdbm-1.19-w5nkt32ol3owwnflq5bhacbtrrnnqfkr
[+] /Volumes/T7-Touch/spacktivity/spack-quaxolotl-darwin/opt/spack/darwin-monterey-skylake/apple-clang-13.0.0/sqlite-3.37.2-qdpctcufrihwo4zg4pjnf2m3onfrarue
[+] /Volumes/T7-Touch/spacktivity/spack-quaxolotl-darwin/opt/spack/darwin-monterey-skylake/apple-clang-13.0.0/gettext-0.21-smd5auaxozmj6kmkzicskyygnlze2q3j
[+] /Volumes/T7-Touch/spacktivity/spack-quaxolotl-darwin/opt/spack/darwin-monterey-skylake/apple-clang-13.0.0/perl-5.34.1-i3iklgjnzayv726aypmvskgdbz57kpgj
[+] /Volumes/T7-Touch/spacktivity/spack-quaxolotl-darwin/opt/spack/darwin-monterey-skylake/apple-clang-13.0.0/openssl-1.1.1n-ggli4vctrqvnbly5dhwgxekq4zwrefpf
[+] /Volumes/T7-Touch/spacktivity/spack-quaxolotl-darwin/opt/spack/darwin-monterey-skylake/apple-clang-13.0.0/python-3.10.2-p45jl733kyshnhyngsyq4s6w5eqkqy4y
[+] /Volumes/T7-Touch/spacktivity/spack-quaxolotl-darwin/opt/spack/darwin-monterey-skylake/apple-clang-13.0.0/cmake-3.23.0-64ndei6ye2wnsnd4ycrkqgygecxc5vcg
==> Installing rocm-smi-lib-5.0.0-d2nm5jefdmmz2djx56gbzvkitllvchfx
==> No binary for rocm-smi-lib-5.0.0-d2nm5jefdmmz2djx56gbzvkitllvchfx found: installing from source
==> Fetching https://mirror.spack.io/_source-cache/archive/9d/9d0e560072f815b441528a5d6124e901570a5a04e9cff1f21329861609b37203.tar.gz
==> Applied patch /Volumes/T7-Touch/spacktivity/spack-quaxolotl-darwin/var/spack/repos/builtin/packages/rocm-smi-lib/disable_pdf_generation_with_doxygen_and_latex.patch
==> rocm-smi-lib: Executing phase: 'cmake'
==> rocm-smi-lib: Executing phase: 'build'
==> Error: ProcessError: Command exited with status 2:
    'make' '-j16'

37 errors found in build log:
     104    [ 48%] Building CXX object rocm_smi/CMakeFiles/rocm_smi64.dir/__/src/rocm_smi_counters.cc.o
     105    cd /private/var/folders/ld/z0sr6fhn0rz4tndl4nfm941m0000gn/T/dantopa/spack-stage/spack-stage-rocm-smi-lib-5.0.0-d2nm5jefdmmz2djx56gbzvkitllvchfx/spack-build-d2nm5je/rocm_smi && /Volumes/T7-Touch/spacktivity/spack-quax
            olotl-darwin/lib/spack/env/gcc/g++ -Drocm_smi64_EXPORTS -I/var/folders/ld/z0sr6fhn0rz4tndl4nfm941m0000gn/T/dantopa/spack-stage/spack-stage-rocm-smi-lib-5.0.0-d2nm5jefdmmz2djx56gbzvkitllvchfx/spack-src/include -I/var/
            folders/ld/z0sr6fhn0rz4tndl4nfm941m0000gn/T/dantopa/spack-stage/spack-stage-rocm-smi-lib-5.0.0-d2nm5jefdmmz2djx56gbzvkitllvchfx/spack-src/third_party/shared_mutex -I/var/folders/ld/z0sr6fhn0rz4tndl4nfm941m0000gn/T/da
            ntopa/spack-stage/spack-stage-rocm-smi-lib-5.0.0-d2nm5jefdmmz2djx56gbzvkitllvchfx/spack-src/rocm_smi -I/var/folders/ld/z0sr6fhn0rz4tndl4nfm941m0000gn/T/dantopa/spack-stage/spack-stage-rocm-smi-lib-5.0.0-d2nm5jefdmmz2
            djx56gbzvkitllvchfx/spack-src/common/shared_mutex -I/var/folders/ld/z0sr6fhn0rz4tndl4nfm941m0000gn/T/dantopa/spack-stage/spack-stage-rocm-smi-lib-5.0.0-d2nm5jefdmmz2djx56gbzvkitllvchfx/spack-src/rocm_smi/include -Wal
            l -Wextra -fno-rtti -m64 -msse -msse2 -std=c++11  -Wconversion -Wcast-align  -Wformat=2 -fno-common -Wstrict-overflow   -Woverloaded-virtual -Wreorder  -DFORTIFY_SOURCE=2 -fstack-protector-all -Wcast-align -Wl,-z,noe
            xecstack -Wl,-znoexecheap -Wl,-z,relro  -Wtrampolines -Wl,-z,now -fPIE -O2 -O3 -DNDEBUG -isysroot /Applications/Xcode.app/Contents/Developer/Platforms/MacOSX.platform/Developer/SDKs/MacOSX.sdk -mmacosx-version-min=12
             -fPIC -MD -MT rocm_smi/CMakeFiles/rocm_smi64.dir/__/src/rocm_smi_counters.cc.o -MF CMakeFiles/rocm_smi64.dir/__/src/rocm_smi_counters.cc.o.d -o CMakeFiles/rocm_smi64.dir/__/src/rocm_smi_counters.cc.o -c /var/folders
            /ld/z0sr6fhn0rz4tndl4nfm941m0000gn/T/dantopa/spack-stage/spack-stage-rocm-smi-lib-5.0.0-d2nm5jefdmmz2djx56gbzvkitllvchfx/spack-src/src/rocm_smi_counters.cc
     106    [ 51%] Building CXX object oam/CMakeFiles/oam.dir/__/src/rocm_smi_gpu_metrics.cc.o
     107    cd /private/var/folders/ld/z0sr6fhn0rz4tndl4nfm941m0000gn/T/dantopa/spack-stage/spack-stage-rocm-smi-lib-5.0.0-d2nm5jefdmmz2djx56gbzvkitllvchfx/spack-build-d2nm5je/oam && /Volumes/T7-Touch/spacktivity/spack-quaxolotl
            -darwin/lib/spack/env/gcc/g++ -Doam_EXPORTS -I/var/folders/ld/z0sr6fhn0rz4tndl4nfm941m0000gn/T/dantopa/spack-stage/spack-stage-rocm-smi-lib-5.0.0-d2nm5jefdmmz2djx56gbzvkitllvchfx/spack-src/include -I/var/folders/ld/z
            0sr6fhn0rz4tndl4nfm941m0000gn/T/dantopa/spack-stage/spack-stage-rocm-smi-lib-5.0.0-d2nm5jefdmmz2djx56gbzvkitllvchfx/spack-src/third_party/shared_mutex -I/var/folders/ld/z0sr6fhn0rz4tndl4nfm941m0000gn/T/dantopa/spack-
            stage/spack-stage-rocm-smi-lib-5.0.0-d2nm5jefdmmz2djx56gbzvkitllvchfx/spack-src/oam/include -I/var/folders/ld/z0sr6fhn0rz4tndl4nfm941m0000gn/T/dantopa/spack-stage/spack-stage-rocm-smi-lib-5.0.0-d2nm5jefdmmz2djx56gbzv
            kitllvchfx/spack-src/common/shared_mutex -Wall -Wextra -fno-rtti -m64 -msse -msse2 -std=c++11  -Wconversion -Wcast-align  -Wformat=2 -fno-common -Wstrict-overflow   -Woverloaded-virtual -Wreorder  -DFORTIFY_SOURCE=2 
            -fstack-protector-all -Wcast-align -Wl,-z,noexecstack -Wl,-znoexecheap -Wl,-z,relro  -Wtrampolines -Wl,-z,now -fPIE -O2 -O3 -DNDEBUG -isysroot /Applications/Xcode.app/Contents/Developer/Platforms/MacOSX.platform/Deve
            loper/SDKs/MacOSX.sdk -mmacosx-version-min=12 -fPIC -MD -MT oam/CMakeFiles/oam.dir/__/src/rocm_smi_gpu_metrics.cc.o -MF CMakeFiles/oam.dir/__/src/rocm_smi_gpu_metrics.cc.o.d -o CMakeFiles/oam.dir/__/src/rocm_smi_gpu_
            metrics.cc.o -c /var/folders/ld/z0sr6fhn0rz4tndl4nfm941m0000gn/T/dantopa/spack-stage/spack-stage-rocm-smi-lib-5.0.0-d2nm5jefdmmz2djx56gbzvkitllvchfx/spack-src/src/rocm_smi_gpu_metrics.cc
     108    [ 55%] Building CXX object rocm_smi/CMakeFiles/rocm_smi64.dir/__/src/rocm_smi_kfd.cc.o
     109    cd /private/var/folders/ld/z0sr6fhn0rz4tndl4nfm941m0000gn/T/dantopa/spack-stage/spack-stage-rocm-smi-lib-5.0.0-d2nm5jefdmmz2djx56gbzvkitllvchfx/spack-build-d2nm5je/rocm_smi && /Volumes/T7-Touch/spacktivity/spack-quax
            olotl-darwin/lib/spack/env/gcc/g++ -Drocm_smi64_EXPORTS -I/var/folders/ld/z0sr6fhn0rz4tndl4nfm941m0000gn/T/dantopa/spack-stage/spack-stage-rocm-smi-lib-5.0.0-d2nm5jefdmmz2djx56gbzvkitllvchfx/spack-src/include -I/var/
            folders/ld/z0sr6fhn0rz4tndl4nfm941m0000gn/T/dantopa/spack-stage/spack-stage-rocm-smi-lib-5.0.0-d2nm5jefdmmz2djx56gbzvkitllvchfx/spack-src/third_party/shared_mutex -I/var/folders/ld/z0sr6fhn0rz4tndl4nfm941m0000gn/T/da
            ntopa/spack-stage/spack-stage-rocm-smi-lib-5.0.0-d2nm5jefdmmz2djx56gbzvkitllvchfx/spack-src/rocm_smi -I/var/folders/ld/z0sr6fhn0rz4tndl4nfm941m0000gn/T/dantopa/spack-stage/spack-stage-rocm-smi-lib-5.0.0-d2nm5jefdmmz2
            djx56gbzvkitllvchfx/spack-src/common/shared_mutex -I/var/folders/ld/z0sr6fhn0rz4tndl4nfm941m0000gn/T/dantopa/spack-stage/spack-stage-rocm-smi-lib-5.0.0-d2nm5jefdmmz2djx56gbzvkitllvchfx/spack-src/rocm_smi/include -Wal
            l -Wextra -fno-rtti -m64 -msse -msse2 -std=c++11  -Wconversion -Wcast-align  -Wformat=2 -fno-common -Wstrict-overflow   -Woverloaded-virtual -Wreorder  -DFORTIFY_SOURCE=2 -fstack-protector-all -Wcast-align -Wl,-z,noe
            xecstack -Wl,-znoexecheap -Wl,-z,relro  -Wtrampolines -Wl,-z,now -fPIE -O2 -O3 -DNDEBUG -isysroot /Applications/Xcode.app/Contents/Developer/Platforms/MacOSX.platform/Developer/SDKs/MacOSX.sdk -mmacosx-version-min=12
             -fPIC -MD -MT rocm_smi/CMakeFiles/rocm_smi64.dir/__/src/rocm_smi_kfd.cc.o -MF CMakeFiles/rocm_smi64.dir/__/src/rocm_smi_kfd.cc.o.d -o CMakeFiles/rocm_smi64.dir/__/src/rocm_smi_kfd.cc.o -c /var/folders/ld/z0sr6fhn0rz
            4tndl4nfm941m0000gn/T/dantopa/spack-stage/spack-stage-rocm-smi-lib-5.0.0-d2nm5jefdmmz2djx56gbzvkitllvchfx/spack-src/src/rocm_smi_kfd.cc
  >> 110    /var/folders/ld/z0sr6fhn0rz4tndl4nfm941m0000gn/T/dantopa/spack-stage/spack-stage-rocm-smi-lib-5.0.0-d2nm5jefdmmz2djx56gbzvkitllvchfx/spack-src/src/rocm_smi_counters.cc:46:10: fatal error: linux/perf_event.h: No such 
            file or directory
     111       46 | #include <linux/perf_event.h>
     112          |          ^~~~~~~~~~~~~~~~~~~~
     113    compilation terminated.
  >> 114    make[2]: *** [oam/CMakeFiles/oam.dir/__/src/rocm_smi_counters.cc.o] Error 1
     115    make[2]: *** Waiting for unfinished jobs....
  >> 116    /var/folders/ld/z0sr6fhn0rz4tndl4nfm941m0000gn/T/dantopa/spack-stage/spack-stage-rocm-smi-lib-5.0.0-d2nm5jefdmmz2djx56gbzvkitllvchfx/spack-src/src/rocm_smi_counters.cc:46:10: fatal error: linux/perf_event.h: No such 
            file or directory
     117       46 | #include <linux/perf_event.h>
     118          |          ^~~~~~~~~~~~~~~~~~~~
     119    compilation terminated.
     120    [ 58%] Building CXX object rocm_smi/CMakeFiles/rocm_smi64.dir/__/src/rocm_smi_io_link.cc.o
     121    cd /private/var/folders/ld/z0sr6fhn0rz4tndl4nfm941m0000gn/T/dantopa/spack-stage/spack-stage-rocm-smi-lib-5.0.0-d2nm5jefdmmz2djx56gbzvkitllvchfx/spack-build-d2nm5je/rocm_smi && /Volumes/T7-Touch/spacktivity/spack-quax
            olotl-darwin/lib/spack/env/gcc/g++ -Drocm_smi64_EXPORTS -I/var/folders/ld/z0sr6fhn0rz4tndl4nfm941m0000gn/T/dantopa/spack-stage/spack-stage-rocm-smi-lib-5.0.0-d2nm5jefdmmz2djx56gbzvkitllvchfx/spack-src/include -I/var/
            folders/ld/z0sr6fhn0rz4tndl4nfm941m0000gn/T/dantopa/spack-stage/spack-stage-rocm-smi-lib-5.0.0-d2nm5jefdmmz2djx56gbzvkitllvchfx/spack-src/third_party/shared_mutex -I/var/folders/ld/z0sr6fhn0rz4tndl4nfm941m0000gn/T/da
            ntopa/spack-stage/spack-stage-rocm-smi-lib-5.0.0-d2nm5jefdmmz2djx56gbzvkitllvchfx/spack-src/rocm_smi -I/var/folders/ld/z0sr6fhn0rz4tndl4nfm941m0000gn/T/dantopa/spack-stage/spack-stage-rocm-smi-lib-5.0.0-d2nm5jefdmmz2
            djx56gbzvkitllvchfx/spack-src/common/shared_mutex -I/var/folders/ld/z0sr6fhn0rz4tndl4nfm941m0000gn/T/dantopa/spack-stage/spack-stage-rocm-smi-lib-5.0.0-d2nm5jefdmmz2djx56gbzvkitllvchfx/spack-src/rocm_smi/include -Wal
            l -Wextra -fno-rtti -m64 -msse -msse2 -std=c++11  -Wconversion -Wcast-align  -Wformat=2 -fno-common -Wstrict-overflow   -Woverloaded-virtual -Wreorder  -DFORTIFY_SOURCE=2 -fstack-protector-all -Wcast-align -Wl,-z,noe
            xecstack -Wl,-znoexecheap -Wl,-z,relro  -Wtrampolines -Wl,-z,now -fPIE -O2 -O3 -DNDEBUG -isysroot /Applications/Xcode.app/Contents/Developer/Platforms/MacOSX.platform/Developer/SDKs/MacOSX.sdk -mmacosx-version-min=12
             -fPIC -MD -MT rocm_smi/CMakeFiles/rocm_smi64.dir/__/src/rocm_smi_io_link.cc.o -MF CMakeFiles/rocm_smi64.dir/__/src/rocm_smi_io_link.cc.o.d -o CMakeFiles/rocm_smi64.dir/__/src/rocm_smi_io_link.cc.o -c /var/folders/ld
            /z0sr6fhn0rz4tndl4nfm941m0000gn/T/dantopa/spack-stage/spack-stage-rocm-smi-lib-5.0.0-d2nm5jefdmmz2djx56gbzvkitllvchfx/spack-src/src/rocm_smi_io_link.cc
  >> 122    make[2]: *** [rocm_smi/CMakeFiles/rocm_smi64.dir/__/src/rocm_smi_counters.cc.o] Error 1
     123    make[2]: *** Waiting for unfinished jobs....
     124    In file included from /var/folders/ld/z0sr6fhn0rz4tndl4nfm941m0000gn/T/dantopa/spack-stage/spack-stage-rocm-smi-lib-5.0.0-d2nm5jefdmmz2djx56gbzvkitllvchfx/spack-src/include/rocm_smi/rocm_smi.h:56,
     125                     from /var/folders/ld/z0sr6fhn0rz4tndl4nfm941m0000gn/T/dantopa/spack-stage/spack-stage-rocm-smi-lib-5.0.0-d2nm5jefdmmz2djx56gbzvkitllvchfx/spack-src/src/rocm_smi_utils.cc:55:
  >> 126    /var/folders/ld/z0sr6fhn0rz4tndl4nfm941m0000gn/T/dantopa/spack-stage/spack-stage-rocm-smi-lib-5.0.0-d2nm5jefdmmz2djx56gbzvkitllvchfx/spack-src/include/rocm_smi/kfd_ioctl.h:26:10: fatal error: linux/types.h: No such f
            ile or directory
     127       26 | #include <linux/types.h>
     128          |          ^~~~~~~~~~~~~~~
     129    compilation terminated.
  >> 130    make[2]: *** [oam/CMakeFiles/oam.dir/__/src/rocm_smi_utils.cc.o] Error 1
     131    In file included from /var/folders/ld/z0sr6fhn0rz4tndl4nfm941m0000gn/T/dantopa/spack-stage/spack-stage-rocm-smi-lib-5.0.0-d2nm5jefdmmz2djx56gbzvkitllvchfx/spack-src/include/rocm_smi/rocm_smi.h:56,
     132                     from /var/folders/ld/z0sr6fhn0rz4tndl4nfm941m0000gn/T/dantopa/spack-stage/spack-stage-rocm-smi-lib-5.0.0-d2nm5jefdmmz2djx56gbzvkitllvchfx/spack-src/src/rocm_smi_utils.cc:55:
  >> 133    /var/folders/ld/z0sr6fhn0rz4tndl4nfm941m0000gn/T/dantopa/spack-stage/spack-stage-rocm-smi-lib-5.0.0-d2nm5jefdmmz2djx56gbzvkitllvchfx/spack-src/include/rocm_smi/kfd_ioctl.h:26:10: fatal error: linux/types.h: No such f
            ile or directory
     134       26 | #include <linux/types.h>
     135          |          ^~~~~~~~~~~~~~~
     136    compilation terminated.
  >> 137    make[2]: *** [rocm_smi/CMakeFiles/rocm_smi64.dir/__/src/rocm_smi_utils.cc.o] Error 1
     138    In file included from /var/folders/ld/z0sr6fhn0rz4tndl4nfm941m0000gn/T/dantopa/spack-stage/spack-stage-rocm-smi-lib-5.0.0-d2nm5jefdmmz2djx56gbzvkitllvchfx/spack-src/include/rocm_smi/rocm_smi.h:56,
     139                     from /var/folders/ld/z0sr6fhn0rz4tndl4nfm941m0000gn/T/dantopa/spack-stage/spack-stage-rocm-smi-lib-5.0.0-d2nm5jefdmmz2djx56gbzvkitllvchfx/spack-src/include/rocm_smi/rocm_smi_io_link.h:53,
     140                     from /var/folders/ld/z0sr6fhn0rz4tndl4nfm941m0000gn/T/dantopa/spack-stage/spack-stage-rocm-smi-lib-5.0.0-d2nm5jefdmmz2djx56gbzvkitllvchfx/spack-src/src/rocm_smi_kfd.cc:56:
  >> 141    /var/folders/ld/z0sr6fhn0rz4tndl4nfm941m0000gn/T/dantopa/spack-stage/spack-stage-rocm-smi-lib-5.0.0-d2nm5jefdmmz2djx56gbzvkitllvchfx/spack-src/include/rocm_smi/kfd_ioctl.h:26:10: fatal error: linux/types.h: No such f
            ile or directory
     142       26 | #include <linux/types.h>
     143          |          ^~~~~~~~~~~~~~~
     144    compilation terminated.
     145    In file included from /var/folders/ld/z0sr6fhn0rz4tndl4nfm941m0000gn/T/dantopa/spack-stage/spack-stage-rocm-smi-lib-5.0.0-d2nm5jefdmmz2djx56gbzvkitllvchfx/spack-src/include/rocm_smi/rocm_smi.h:56,
     146                     from /var/folders/ld/z0sr6fhn0rz4tndl4nfm941m0000gn/T/dantopa/spack-stage/spack-stage-rocm-smi-lib-5.0.0-d2nm5jefdmmz2djx56gbzvkitllvchfx/spack-src/src/rocm_smi_main.cc:61:
  >> 147    /var/folders/ld/z0sr6fhn0rz4tndl4nfm941m0000gn/T/dantopa/spack-stage/spack-stage-rocm-smi-lib-5.0.0-d2nm5jefdmmz2djx56gbzvkitllvchfx/spack-src/include/rocm_smi/kfd_ioctl.h:26:10: fatal error: linux/types.h: No such f
            ile or directory
     148       26 | #include <linux/types.h>
     149          |          ^~~~~~~~~~~~~~~
     150    compilation terminated.
     151    In file included from /var/folders/ld/z0sr6fhn0rz4tndl4nfm941m0000gn/T/dantopa/spack-stage/spack-stage-rocm-smi-lib-5.0.0-d2nm5jefdmmz2djx56gbzvkitllvchfx/spack-src/include/rocm_smi/rocm_smi.h:56,
     152                     from /var/folders/ld/z0sr6fhn0rz4tndl4nfm941m0000gn/T/dantopa/spack-stage/spack-stage-rocm-smi-lib-5.0.0-d2nm5jefdmmz2djx56gbzvkitllvchfx/spack-src/src/rocm_smi_io_link.cc:56:
  >> 153    /var/folders/ld/z0sr6fhn0rz4tndl4nfm941m0000gn/T/dantopa/spack-stage/spack-stage-rocm-smi-lib-5.0.0-d2nm5jefdmmz2djx56gbzvkitllvchfx/spack-src/include/rocm_smi/kfd_ioctl.h:26:10: fatal error: linux/types.h: No such f
            ile or directory
     154       26 | #include <linux/types.h>
     155          |          ^~~~~~~~~~~~~~~
     156    compilation terminated.
     157    In file included from /var/folders/ld/z0sr6fhn0rz4tndl4nfm941m0000gn/T/dantopa/spack-stage/spack-stage-rocm-smi-lib-5.0.0-d2nm5jefdmmz2djx56gbzvkitllvchfx/spack-src/include/rocm_smi/rocm_smi.h:56,
     158                     from /var/folders/ld/z0sr6fhn0rz4tndl4nfm941m0000gn/T/dantopa/spack-stage/spack-stage-rocm-smi-lib-5.0.0-d2nm5jefdmmz2djx56gbzvkitllvchfx/spack-src/include/rocm_smi/rocm_smi_io_link.h:53,
     159                     from /var/folders/ld/z0sr6fhn0rz4tndl4nfm941m0000gn/T/dantopa/spack-stage/spack-stage-rocm-smi-lib-5.0.0-d2nm5jefdmmz2djx56gbzvkitllvchfx/spack-src/include/rocm_smi/rocm_smi_main.h:59,
     160                     from /var/folders/ld/z0sr6fhn0rz4tndl4nfm941m0000gn/T/dantopa/spack-stage/spack-stage-rocm-smi-lib-5.0.0-d2nm5jefdmmz2djx56gbzvkitllvchfx/spack-src/src/rocm_smi_power_mon.cc:53:
  >> 161    /var/folders/ld/z0sr6fhn0rz4tndl4nfm941m0000gn/T/dantopa/spack-stage/spack-stage-rocm-smi-lib-5.0.0-d2nm5jefdmmz2djx56gbzvkitllvchfx/spack-src/include/rocm_smi/kfd_ioctl.h:26:10: fatal error: linux/types.h: No such f
            ile or directory
     162       26 | #include <linux/types.h>
     163          |          ^~~~~~~~~~~~~~~
     164    compilation terminated.
  >> 165    make[2]: *** [oam/CMakeFiles/oam.dir/__/src/rocm_smi_main.cc.o] Error 1
     166    In file included from /var/folders/ld/z0sr6fhn0rz4tndl4nfm941m0000gn/T/dantopa/spack-stage/spack-stage-rocm-smi-lib-5.0.0-d2nm5jefdmmz2djx56gbzvkitllvchfx/spack-src/include/rocm_smi/rocm_smi.h:56,
     167                     from /var/folders/ld/z0sr6fhn0rz4tndl4nfm941m0000gn/T/dantopa/spack-stage/spack-stage-rocm-smi-lib-5.0.0-d2nm5jefdmmz2djx56gbzvkitllvchfx/spack-src/src/rocm_smi_main.cc:61:
  >> 168    /var/folders/ld/z0sr6fhn0rz4tndl4nfm941m0000gn/T/dantopa/spack-stage/spack-stage-rocm-smi-lib-5.0.0-d2nm5jefdmmz2djx56gbzvkitllvchfx/spack-src/include/rocm_smi/kfd_ioctl.h:26:10: fatal error: linux/types.h: No such f
            ile or directory
     169       26 | #include <linux/types.h>
     170          |          ^~~~~~~~~~~~~~~
     171    compilation terminated.
  >> 172    make[2]: *** [oam/CMakeFiles/oam.dir/__/src/rocm_smi_kfd.cc.o] Error 1
     173    In file included from /var/folders/ld/z0sr6fhn0rz4tndl4nfm941m0000gn/T/dantopa/spack-stage/spack-stage-rocm-smi-lib-5.0.0-d2nm5jefdmmz2djx56gbzvkitllvchfx/spack-src/include/rocm_smi/rocm_smi.h:56,
     174                     from /var/folders/ld/z0sr6fhn0rz4tndl4nfm941m0000gn/T/dantopa/spack-stage/spack-stage-rocm-smi-lib-5.0.0-d2nm5jefdmmz2djx56gbzvkitllvchfx/spack-src/include/rocm_smi/rocm_smi_io_link.h:53,
     175                     from /var/folders/ld/z0sr6fhn0rz4tndl4nfm941m0000gn/T/dantopa/spack-stage/spack-stage-rocm-smi-lib-5.0.0-d2nm5jefdmmz2djx56gbzvkitllvchfx/spack-src/include/rocm_smi/rocm_smi_main.h:59,
     176                     from /var/folders/ld/z0sr6fhn0rz4tndl4nfm941m0000gn/T/dantopa/spack-stage/spack-stage-rocm-smi-lib-5.0.0-d2nm5jefdmmz2djx56gbzvkitllvchfx/spack-src/src/rocm_smi_power_mon.cc:53:
  >> 177    /var/folders/ld/z0sr6fhn0rz4tndl4nfm941m0000gn/T/dantopa/spack-stage/spack-stage-rocm-smi-lib-5.0.0-d2nm5jefdmmz2djx56gbzvkitllvchfx/spack-src/include/rocm_smi/kfd_ioctl.h:26:10: fatal error: linux/types.h: No such f
            ile or directory
     178       26 | #include <linux/types.h>
     179          |          ^~~~~~~~~~~~~~~
     180    compilation terminated.
  >> 181    make[2]: *** [oam/CMakeFiles/oam.dir/__/src/rocm_smi_io_link.cc.o] Error 1
  >> 182    make[2]: *** [oam/CMakeFiles/oam.dir/__/src/rocm_smi_power_mon.cc.o] Error 1
  >> 183    make[2]: *** [rocm_smi/CMakeFiles/rocm_smi64.dir/__/src/rocm_smi_main.cc.o] Error 1
  >> 184    make[2]: *** [rocm_smi/CMakeFiles/rocm_smi64.dir/__/src/rocm_smi_power_mon.cc.o] Error 1
     185    In file included from /var/folders/ld/z0sr6fhn0rz4tndl4nfm941m0000gn/T/dantopa/spack-stage/spack-stage-rocm-smi-lib-5.0.0-d2nm5jefdmmz2djx56gbzvkitllvchfx/spack-src/include/rocm_smi/rocm_smi.h:56,
     186                     from /var/folders/ld/z0sr6fhn0rz4tndl4nfm941m0000gn/T/dantopa/spack-stage/spack-stage-rocm-smi-lib-5.0.0-d2nm5jefdmmz2djx56gbzvkitllvchfx/spack-src/include/rocm_smi/rocm_smi_io_link.h:53,
     187                     from /var/folders/ld/z0sr6fhn0rz4tndl4nfm941m0000gn/T/dantopa/spack-stage/spack-stage-rocm-smi-lib-5.0.0-d2nm5jefdmmz2djx56gbzvkitllvchfx/spack-src/src/rocm_smi_kfd.cc:56:
  >> 188    /var/folders/ld/z0sr6fhn0rz4tndl4nfm941m0000gn/T/dantopa/spack-stage/spack-stage-rocm-smi-lib-5.0.0-d2nm5jefdmmz2djx56gbzvkitllvchfx/spack-src/include/rocm_smi/kfd_ioctl.h:26:10: fatal error: linux/types.h: No such f
            ile or directory
     189       26 | #include <linux/types.h>
     190          |          ^~~~~~~~~~~~~~~
     191    compilation terminated.
     192    In file included from /var/folders/ld/z0sr6fhn0rz4tndl4nfm941m0000gn/T/dantopa/spack-stage/spack-stage-rocm-smi-lib-5.0.0-d2nm5jefdmmz2djx56gbzvkitllvchfx/spack-src/include/rocm_smi/rocm_smi.h:56,
     193                     from /var/folders/ld/z0sr6fhn0rz4tndl4nfm941m0000gn/T/dantopa/spack-stage/spack-stage-rocm-smi-lib-5.0.0-d2nm5jefdmmz2djx56gbzvkitllvchfx/spack-src/include/rocm_smi/rocm_smi_io_link.h:53,
     194                     from /var/folders/ld/z0sr6fhn0rz4tndl4nfm941m0000gn/T/dantopa/spack-stage/spack-stage-rocm-smi-lib-5.0.0-d2nm5jefdmmz2djx56gbzvkitllvchfx/spack-src/include/rocm_smi/rocm_smi_main.h:59,
     195                     from /var/folders/ld/z0sr6fhn0rz4tndl4nfm941m0000gn/T/dantopa/spack-stage/spack-stage-rocm-smi-lib-5.0.0-d2nm5jefdmmz2djx56gbzvkitllvchfx/spack-src/src/rocm_smi_device.cc:62:
  >> 196    /var/folders/ld/z0sr6fhn0rz4tndl4nfm941m0000gn/T/dantopa/spack-stage/spack-stage-rocm-smi-lib-5.0.0-d2nm5jefdmmz2djx56gbzvkitllvchfx/spack-src/include/rocm_smi/kfd_ioctl.h:26:10: fatal error: linux/types.h: No such f
            ile or directory
     197       26 | #include <linux/types.h>
     198          |          ^~~~~~~~~~~~~~~
     199    compilation terminated.
     200    In file included from /var/folders/ld/z0sr6fhn0rz4tndl4nfm941m0000gn/T/dantopa/spack-stage/spack-stage-rocm-smi-lib-5.0.0-d2nm5jefdmmz2djx56gbzvkitllvchfx/spack-src/include/rocm_smi/rocm_smi.h:56,
     201                     from /var/folders/ld/z0sr6fhn0rz4tndl4nfm941m0000gn/T/dantopa/spack-stage/spack-stage-rocm-smi-lib-5.0.0-d2nm5jefdmmz2djx56gbzvkitllvchfx/spack-src/include/rocm_smi/rocm_smi_io_link.h:53,
     202                     from /var/folders/ld/z0sr6fhn0rz4tndl4nfm941m0000gn/T/dantopa/spack-stage/spack-stage-rocm-smi-lib-5.0.0-d2nm5jefdmmz2djx56gbzvkitllvchfx/spack-src/include/rocm_smi/rocm_smi_main.h:59,
     203                     from /var/folders/ld/z0sr6fhn0rz4tndl4nfm941m0000gn/T/dantopa/spack-stage/spack-stage-rocm-smi-lib-5.0.0-d2nm5jefdmmz2djx56gbzvkitllvchfx/spack-src/src/rocm_smi_device.cc:62:
  >> 204    /var/folders/ld/z0sr6fhn0rz4tndl4nfm941m0000gn/T/dantopa/spack-stage/spack-stage-rocm-smi-lib-5.0.0-d2nm5jefdmmz2djx56gbzvkitllvchfx/spack-src/include/rocm_smi/kfd_ioctl.h:26:10: fatal error: linux/types.h: No such f
            ile or directory
     205       26 | #include <linux/types.h>
     206          |          ^~~~~~~~~~~~~~~
     207    compilation terminated.
  >> 208    make[2]: *** [rocm_smi/CMakeFiles/rocm_smi64.dir/__/src/rocm_smi_kfd.cc.o] Error 1
  >> 209    make[2]: *** [rocm_smi/CMakeFiles/rocm_smi64.dir/__/src/rocm_smi_device.cc.o] Error 1
  >> 210    make[2]: *** [oam/CMakeFiles/oam.dir/__/src/rocm_smi_device.cc.o] Error 1
     211    In file included from /var/folders/ld/z0sr6fhn0rz4tndl4nfm941m0000gn/T/dantopa/spack-stage/spack-stage-rocm-smi-lib-5.0.0-d2nm5jefdmmz2djx56gbzvkitllvchfx/spack-src/include/rocm_smi/rocm_smi.h:56,
     212                     from /var/folders/ld/z0sr6fhn0rz4tndl4nfm941m0000gn/T/dantopa/spack-stage/spack-stage-rocm-smi-lib-5.0.0-d2nm5jefdmmz2djx56gbzvkitllvchfx/spack-src/include/rocm_smi/rocm_smi_io_link.h:53,
     213                     from /var/folders/ld/z0sr6fhn0rz4tndl4nfm941m0000gn/T/dantopa/spack-stage/spack-stage-rocm-smi-lib-5.0.0-d2nm5jefdmmz2djx56gbzvkitllvchfx/spack-src/include/rocm_smi/rocm_smi_main.h:59,
     214                     from /var/folders/ld/z0sr6fhn0rz4tndl4nfm941m0000gn/T/dantopa/spack-stage/spack-stage-rocm-smi-lib-5.0.0-d2nm5jefdmmz2djx56gbzvkitllvchfx/spack-src/src/rocm_smi_monitor.cc:56:
  >> 215    /var/folders/ld/z0sr6fhn0rz4tndl4nfm941m0000gn/T/dantopa/spack-stage/spack-stage-rocm-smi-lib-5.0.0-d2nm5jefdmmz2djx56gbzvkitllvchfx/spack-src/include/rocm_smi/kfd_ioctl.h:26:10: fatal error: linux/types.h: No such f
            ile or directory
     216       26 | #include <linux/types.h>
     217          |          ^~~~~~~~~~~~~~~
     218    compilation terminated.
  >> 219    make[2]: *** [rocm_smi/CMakeFiles/rocm_smi64.dir/__/src/rocm_smi_monitor.cc.o] Error 1
     220    In file included from /var/folders/ld/z0sr6fhn0rz4tndl4nfm941m0000gn/T/dantopa/spack-stage/spack-stage-rocm-smi-lib-5.0.0-d2nm5jefdmmz2djx56gbzvkitllvchfx/spack-src/include/rocm_smi/rocm_smi.h:56,
     221                     from /var/folders/ld/z0sr6fhn0rz4tndl4nfm941m0000gn/T/dantopa/spack-stage/spack-stage-rocm-smi-lib-5.0.0-d2nm5jefdmmz2djx56gbzvkitllvchfx/spack-src/include/rocm_smi/rocm_smi_io_link.h:53,
     222                     from /var/folders/ld/z0sr6fhn0rz4tndl4nfm941m0000gn/T/dantopa/spack-stage/spack-stage-rocm-smi-lib-5.0.0-d2nm5jefdmmz2djx56gbzvkitllvchfx/spack-src/include/rocm_smi/rocm_smi_main.h:59,
     223                     from /var/folders/ld/z0sr6fhn0rz4tndl4nfm941m0000gn/T/dantopa/spack-stage/spack-stage-rocm-smi-lib-5.0.0-d2nm5jefdmmz2djx56gbzvkitllvchfx/spack-src/src/rocm_smi_monitor.cc:56:
  >> 224    /var/folders/ld/z0sr6fhn0rz4tndl4nfm941m0000gn/T/dantopa/spack-stage/spack-stage-rocm-smi-lib-5.0.0-d2nm5jefdmmz2djx56gbzvkitllvchfx/spack-src/include/rocm_smi/kfd_ioctl.h:26:10: fatal error: linux/types.h: No such f
            ile or directory
     225       26 | #include <linux/types.h>
     226          |          ^~~~~~~~~~~~~~~
     227    compilation terminated.
  >> 228    make[2]: *** [oam/CMakeFiles/oam.dir/__/src/rocm_smi_monitor.cc.o] Error 1
     229    In file included from /var/folders/ld/z0sr6fhn0rz4tndl4nfm941m0000gn/T/dantopa/spack-stage/spack-stage-rocm-smi-lib-5.0.0-d2nm5jefdmmz2djx56gbzvkitllvchfx/spack-src/include/rocm_smi/rocm_smi.h:56,
     230                     from /var/folders/ld/z0sr6fhn0rz4tndl4nfm941m0000gn/T/dantopa/spack-stage/spack-stage-rocm-smi-lib-5.0.0-d2nm5jefdmmz2djx56gbzvkitllvchfx/spack-src/include/rocm_smi/rocm_smi_io_link.h:53,
     231                     from /var/folders/ld/z0sr6fhn0rz4tndl4nfm941m0000gn/T/dantopa/spack-stage/spack-stage-rocm-smi-lib-5.0.0-d2nm5jefdmmz2djx56gbzvkitllvchfx/spack-src/include/rocm_smi/rocm_smi_main.h:59,
     232                     from /var/folders/ld/z0sr6fhn0rz4tndl4nfm941m0000gn/T/dantopa/spack-stage/spack-stage-rocm-smi-lib-5.0.0-d2nm5jefdmmz2djx56gbzvkitllvchfx/spack-src/src/rocm_smi_gpu_metrics.cc:58:
  >> 233    /var/folders/ld/z0sr6fhn0rz4tndl4nfm941m0000gn/T/dantopa/spack-stage/spack-stage-rocm-smi-lib-5.0.0-d2nm5jefdmmz2djx56gbzvkitllvchfx/spack-src/include/rocm_smi/kfd_ioctl.h:26:10: fatal error: linux/types.h: No such f
            ile or directory
     234       26 | #include <linux/types.h>
     235          |          ^~~~~~~~~~~~~~~
     236    compilation terminated.
  >> 237    make[2]: *** [oam/CMakeFiles/oam.dir/__/src/rocm_smi_gpu_metrics.cc.o] Error 1
  >> 238    make[1]: *** [oam/CMakeFiles/oam.dir/all] Error 2
     239    make[1]: *** Waiting for unfinished jobs....
     240    In file included from /var/folders/ld/z0sr6fhn0rz4tndl4nfm941m0000gn/T/dantopa/spack-stage/spack-stage-rocm-smi-lib-5.0.0-d2nm5jefdmmz2djx56gbzvkitllvchfx/spack-src/include/rocm_smi/rocm_smi.h:56,
     241                     from /var/folders/ld/z0sr6fhn0rz4tndl4nfm941m0000gn/T/dantopa/spack-stage/spack-stage-rocm-smi-lib-5.0.0-d2nm5jefdmmz2djx56gbzvkitllvchfx/spack-src/src/rocm_smi_io_link.cc:56:
  >> 242    /var/folders/ld/z0sr6fhn0rz4tndl4nfm941m0000gn/T/dantopa/spack-stage/spack-stage-rocm-smi-lib-5.0.0-d2nm5jefdmmz2djx56gbzvkitllvchfx/spack-src/include/rocm_smi/kfd_ioctl.h:26:10: fatal error: linux/types.h: No such f
            ile or directory
     243       26 | #include <linux/types.h>
     244          |          ^~~~~~~~~~~~~~~
     245    compilation terminated.
  >> 246    make[2]: *** [rocm_smi/CMakeFiles/rocm_smi64.dir/__/src/rocm_smi_io_link.cc.o] Error 1
  >> 247    make[1]: *** [rocm_smi/CMakeFiles/rocm_smi64.dir/all] Error 2
  >> 248    make: *** [all] Error 2

See build log for details:
  /var/folders/ld/z0sr6fhn0rz4tndl4nfm941m0000gn/T/dantopa/spack-stage/spack-stage-rocm-smi-lib-5.0.0-d2nm5jefdmmz2djx56gbzvkitllvchfx/spack-build-out.txt

[+] /Volumes/T7-Touch/spacktivity/spack-quaxolotl-darwin/opt/spack/darwin-monterey-skylake/apple-clang-13.0.0/pkgconf-1.8.0-eliirpx3xgmze6d7dhdtxd35sdnurfif
[+] /Volumes/T7-Touch/spacktivity/spack-quaxolotl-darwin/opt/spack/darwin-monterey-skylake/apple-clang-13.0.0/berkeley-db-18.1.40-ipc5ol4muoen5pw2ne5vsrtcfhpy4s4q
[+] /Volumes/T7-Touch/spacktivity/spack-quaxolotl-darwin/opt/spack/darwin-monterey-skylake/apple-clang-13.0.0/libiconv-1.16-yxhhora32yhhzepcyfabpwnsajdtf6a6
[+] /Volumes/T7-Touch/spacktivity/spack-quaxolotl-darwin/opt/spack/darwin-monterey-skylake/apple-clang-13.0.0/zlib-1.2.12-4gd6lt3icxypmqaest5sfdfbzhot56w3
[+] /Applications/Xcode.app/Contents/Developer/Platforms/MacOSX.platform/Developer/SDKs/MacOSX.sdk (external apple-libuuid-1353.100.2-t6qlfdjchooukuag4wp2stoitefz4xr6)
[+] /Volumes/T7-Touch/spacktivity/spack-quaxolotl-darwin/opt/spack/darwin-monterey-skylake/apple-clang-13.0.0/expat-2.4.8-bzkj7hip52pg5rgidsbq3b6zeiwnpzcx
[+] /Volumes/T7-Touch/spacktivity/spack-quaxolotl-darwin/opt/spack/darwin-monterey-skylake/apple-clang-13.0.0/xz-5.2.5-xqqwp674k2kxoqwh7wbpriqkdljrfoqd
[+] /Volumes/T7-Touch/spacktivity/spack-quaxolotl-darwin/opt/spack/darwin-monterey-skylake/apple-clang-13.0.0/libffi-3.4.2-upil7iu66m6alulaqlvwhs5p33m62yff
[+] /Volumes/T7-Touch/spacktivity/spack-quaxolotl-darwin/opt/spack/darwin-monterey-skylake/apple-clang-13.0.0/pcre-8.45-dk6bofldwlkdvvib6evqgn4eilyw2m4n
[+] /Volumes/T7-Touch/spacktivity/spack-quaxolotl-darwin/opt/spack/darwin-monterey-skylake/apple-clang-13.0.0/ncurses-6.2-otcm5wjdzr2uieoq6gwvtk3l35nxo3eq
[+] /Volumes/T7-Touch/spacktivity/spack-quaxolotl-darwin/opt/spack/darwin-monterey-skylake/apple-clang-13.0.0/diffutils-3.8-bvgc2nt4kynobtpis5qgs6aqbpr7hh7k
[+] /Volumes/T7-Touch/spacktivity/spack-quaxolotl-darwin/opt/spack/darwin-monterey-skylake/apple-clang-13.0.0/tar-1.34-x6okudqpsw6ww3eggf64tutwrvx4ve5r
[+] /Volumes/T7-Touch/spacktivity/spack-quaxolotl-darwin/opt/spack/darwin-monterey-skylake/apple-clang-13.0.0/libxml2-2.9.12-ws3owyramfj33zqtax7pr6uedin4c7dt
[+] /Volumes/T7-Touch/spacktivity/spack-quaxolotl-darwin/opt/spack/darwin-monterey-skylake/apple-clang-13.0.0/swig-4.0.2-x6de7zqp2w6qevihabags35w56rug2nt
[+] /Volumes/T7-Touch/spacktivity/spack-quaxolotl-darwin/opt/spack/darwin-monterey-skylake/apple-clang-13.0.0/readline-8.1-w5qjzr5pt27fwtsoapcdcnhyh44vzfs7
[+] /Volumes/T7-Touch/spacktivity/spack-quaxolotl-darwin/opt/spack/darwin-monterey-skylake/apple-clang-13.0.0/libedit-3.1-20210216-hl4l6dpk72likp6hcwh4jpfpvurwuskk
[+] /Volumes/T7-Touch/spacktivity/spack-quaxolotl-darwin/opt/spack/darwin-monterey-skylake/apple-clang-13.0.0/bzip2-1.0.8-i3nhmbpizu3uqsmuwgfnouxgwgwqctew
[+] /Volumes/T7-Touch/spacktivity/spack-quaxolotl-darwin/opt/spack/darwin-monterey-skylake/apple-clang-13.0.0/hwloc-2.7.1-6bvwposeiytbybo5ikvccj2s4lzdubd6
[+] /Volumes/T7-Touch/spacktivity/spack-quaxolotl-darwin/opt/spack/darwin-monterey-skylake/apple-clang-13.0.0/gdbm-1.19-w5nkt32ol3owwnflq5bhacbtrrnnqfkr
[+] /Volumes/T7-Touch/spacktivity/spack-quaxolotl-darwin/opt/spack/darwin-monterey-skylake/apple-clang-13.0.0/sqlite-3.37.2-qdpctcufrihwo4zg4pjnf2m3onfrarue
[+] /Volumes/T7-Touch/spacktivity/spack-quaxolotl-darwin/opt/spack/darwin-monterey-skylake/apple-clang-13.0.0/gettext-0.21-smd5auaxozmj6kmkzicskyygnlze2q3j
[+] /Volumes/T7-Touch/spacktivity/spack-quaxolotl-darwin/opt/spack/darwin-monterey-skylake/apple-clang-13.0.0/perl-5.34.1-i3iklgjnzayv726aypmvskgdbz57kpgj
[+] /Volumes/T7-Touch/spacktivity/spack-quaxolotl-darwin/opt/spack/darwin-monterey-skylake/apple-clang-13.0.0/perl-data-dumper-2.173-4t5xzeqv6tfvqvzykgzsqzxnb3dxdcak
[+] /Volumes/T7-Touch/spacktivity/spack-quaxolotl-darwin/opt/spack/darwin-monterey-skylake/apple-clang-13.0.0/openssl-1.1.1n-ggli4vctrqvnbly5dhwgxekq4zwrefpf
[+] /Volumes/T7-Touch/spacktivity/spack-quaxolotl-darwin/opt/spack/darwin-monterey-skylake/apple-clang-13.0.0/cmake-3.23.0-64ndei6ye2wnsnd4ycrkqgygecxc5vcg
[+] /Volumes/T7-Touch/spacktivity/spack-quaxolotl-darwin/opt/spack/darwin-monterey-skylake/apple-clang-13.0.0/python-3.10.2-p45jl733kyshnhyngsyq4s6w5eqkqy4y
==> Installing python-3.9.12-wu5oax6yrbjuxehtcn5sq2ilixxl6t5a
==> No binary for python-3.9.12-wu5oax6yrbjuxehtcn5sq2ilixxl6t5a found: installing from source
==> Fetching https://www.python.org/ftp/python/3.9.12/Python-3.9.12.tgz
==> Applied patch /Volumes/T7-Touch/spacktivity/spack-quaxolotl-darwin/var/spack/repos/builtin/packages/python/python-3.7.4+-distutils-C++.patch
==> Applied patch /Volumes/T7-Touch/spacktivity/spack-quaxolotl-darwin/var/spack/repos/builtin/packages/python/python-3.7.4+-distutils-C++-testsuite.patch
==> Applied patch /Volumes/T7-Touch/spacktivity/spack-quaxolotl-darwin/var/spack/repos/builtin/packages/python/tkinter-3.8.patch
==> Ran patch() for python
==> python: Executing phase: 'configure'
==> python: Executing phase: 'build'
==> python: Executing phase: 'install'
==> python: Successfully installed python-3.9.12-wu5oax6yrbjuxehtcn5sq2ilixxl6t5a
  Fetch: 2.99s.  Build: 2m 11.92s.  Total: 2m 14.91s.
[+] /Volumes/T7-Touch/spacktivity/spack-quaxolotl-darwin/opt/spack/darwin-monterey-skylake/apple-clang-13.0.0/python-3.9.12-wu5oax6yrbjuxehtcn5sq2ilixxl6t5a
[+] /Volumes/T7-Touch/spacktivity/spack-quaxolotl-darwin/opt/spack/darwin-monterey-skylake/apple-clang-13.0.0/ninja-1.10.2-t3jttgwjdwd5lpz5fw7sqxtubefuv57b
==> Installing rocm-smi-lib-5.0.0-3rwgmfbljnotqy7xrpfi5bywdpk3izaq
==> No binary for rocm-smi-lib-5.0.0-3rwgmfbljnotqy7xrpfi5bywdpk3izaq found: installing from source
==> Using cached archive: /Volumes/T7-Touch/spacktivity/spack-quaxolotl-darwin/var/spack/cache/_source-cache/archive/9d/9d0e560072f815b441528a5d6124e901570a5a04e9cff1f21329861609b37203.tar.gz
==> Applied patch /Volumes/T7-Touch/spacktivity/spack-quaxolotl-darwin/var/spack/repos/builtin/packages/rocm-smi-lib/disable_pdf_generation_with_doxygen_and_latex.patch
==> rocm-smi-lib: Executing phase: 'cmake'
==> rocm-smi-lib: Executing phase: 'build'
==> Error: ProcessError: Command exited with status 2:
    'make' '-j16'

37 errors found in build log:
     173    clang: warning: -Wl,-z,relro: 'linker' input unused [-Wunused-command-line-argument]
     174    clang: warning: -Wl,-z,now: 'linker' input unused [-Wunused-command-line-argument]
     175    clang: warning: -Wl,-z,noexecstack: 'linker' input unused [-Wunused-command-line-argument]
     176    clang: warning: -Wl,-znoexecheap: 'linker' input unused [-Wunused-command-line-argument]
     177    clang: warning: -Wl,-z,relro: 'linker' input unused [-Wunused-command-line-argument]
     178    clang: warning: -Wl,-z,now: 'linker' input unused [-Wunused-command-line-argument]
  >> 179    /var/folders/ld/z0sr6fhn0rz4tndl4nfm941m0000gn/T/dantopa/spack-stage/spack-stage-rocm-smi-lib-5.0.0-3rwgmfbljnotqy7xrpfi5bywdpk3izaq/spack-src/src/rocm_smi_counters.cc:46:10: fatal error: 'linux/perf_event.h' file no
            t found
     180    #include <linux/perf_event.h>
     181             ^~~~~~~~~~~~~~~~~~~~
     182    warning: unknown warning option '-Wtrampolines' [-Wunknown-warning-option]
     183    warning: unknown warning option '-Wtrampolines' [-Wunknown-warning-option]
     184    warning: unknown warning option '-Wtrampolines' [-Wunknown-warning-option]
  >> 185    /var/folders/ld/z0sr6fhn0rz4tndl4nfm941m0000gn/T/dantopa/spack-stage/spack-stage-rocm-smi-lib-5.0.0-3rwgmfbljnotqy7xrpfi5bywdpk3izaq/spack-src/src/rocm_smi_counters.cc:46:10: fatal error: 'linux/perf_event.h' file no
            t found
     186    #include <linux/perf_event.h>
     187             ^~~~~~~~~~~~~~~~~~~~
     188    1 warning and 1 error generated.
  >> 189    make[2]: *** [oam/CMakeFiles/oam.dir/__/src/rocm_smi_counters.cc.o] Error 1
     190    make[2]: *** Waiting for unfinished jobs....
     191    1 warning and 1 error generated.
  >> 192    make[2]: *** [rocm_smi/CMakeFiles/rocm_smi64.dir/__/src/rocm_smi_counters.cc.o] Error 1
     193    make[2]: *** Waiting for unfinished jobs....
     194    In file included from /var/folders/ld/z0sr6fhn0rz4tndl4nfm941m0000gn/T/dantopa/spack-stage/spack-stage-rocm-smi-lib-5.0.0-3rwgmfbljnotqy7xrpfi5bywdpk3izaq/spack-src/src/rocm_smi_utils.cc:55:
     195    In file included from /var/folders/ld/z0sr6fhn0rz4tndl4nfm941m0000gn/T/dantopa/spack-stage/spack-stage-rocm-smi-lib-5.0.0-3rwgmfbljnotqy7xrpfi5bywdpk3izaq/spack-src/include/rocm_smi/rocm_smi.h:56:
  >> 196    /var/folders/ld/z0sr6fhn0rz4tndl4nfm941m0000gn/T/dantopa/spack-stage/spack-stage-rocm-smi-lib-5.0.0-3rwgmfbljnotqy7xrpfi5bywdpk3izaq/spack-src/include/rocm_smi/kfd_ioctl.h:26:10: fatal error: 'linux/types.h' file not
             found
     197    #include <linux/types.h>
     198             ^~~~~~~~~~~~~~~
     199    In file included from /var/folders/ld/z0sr6fhn0rz4tndl4nfm941m0000gn/T/dantopa/spack-stage/spack-stage-rocm-smi-lib-5.0.0-3rwgmfbljnotqy7xrpfi5bywdpk3izaq/spack-src/src/rocm_smi_utils.cc:55:
     200    In file included from /var/folders/ld/z0sr6fhn0rz4tndl4nfm941m0000gn/T/dantopa/spack-stage/spack-stage-rocm-smi-lib-5.0.0-3rwgmfbljnotqy7xrpfi5bywdpk3izaq/spack-src/include/rocm_smi/rocm_smi.h:56:
  >> 201    /var/folders/ld/z0sr6fhn0rz4tndl4nfm941m0000gn/T/dantopa/spack-stage/spack-stage-rocm-smi-lib-5.0.0-3rwgmfbljnotqy7xrpfi5bywdpk3izaq/spack-src/include/rocm_smi/kfd_ioctl.h:26:10: fatal error: 'linux/types.h' file not
             found
     202    #include <linux/types.h>
     203             ^~~~~~~~~~~~~~~
     204    [ 58%] Building CXX object rocm_smi/CMakeFiles/rocm_smi64.dir/__/src/rocm_smi_kfd.cc.o
     205    cd /private/var/folders/ld/z0sr6fhn0rz4tndl4nfm941m0000gn/T/dantopa/spack-stage/spack-stage-rocm-smi-lib-5.0.0-3rwgmfbljnotqy7xrpfi5bywdpk3izaq/spack-build-3rwgmfb/rocm_smi && /Volumes/T7-Touch/spacktivity/spack-quax
            olotl-darwin/lib/spack/env/clang/clang++ -Drocm_smi64_EXPORTS -I/var/folders/ld/z0sr6fhn0rz4tndl4nfm941m0000gn/T/dantopa/spack-stage/spack-stage-rocm-smi-lib-5.0.0-3rwgmfbljnotqy7xrpfi5bywdpk3izaq/spack-src/include -
            I/var/folders/ld/z0sr6fhn0rz4tndl4nfm941m0000gn/T/dantopa/spack-stage/spack-stage-rocm-smi-lib-5.0.0-3rwgmfbljnotqy7xrpfi5bywdpk3izaq/spack-src/third_party/shared_mutex -I/var/folders/ld/z0sr6fhn0rz4tndl4nfm941m0000g
            n/T/dantopa/spack-stage/spack-stage-rocm-smi-lib-5.0.0-3rwgmfbljnotqy7xrpfi5bywdpk3izaq/spack-src/rocm_smi -I/var/folders/ld/z0sr6fhn0rz4tndl4nfm941m0000gn/T/dantopa/spack-stage/spack-stage-rocm-smi-lib-5.0.0-3rwgmfb
            ljnotqy7xrpfi5bywdpk3izaq/spack-src/common/shared_mutex -I/var/folders/ld/z0sr6fhn0rz4tndl4nfm941m0000gn/T/dantopa/spack-stage/spack-stage-rocm-smi-lib-5.0.0-3rwgmfbljnotqy7xrpfi5bywdpk3izaq/spack-src/rocm_smi/includ
            e -Wall -Wextra -fno-rtti -m64 -msse -msse2 -std=c++11  -Wconversion -Wcast-align  -Wformat=2 -fno-common -Wstrict-overflow   -Woverloaded-virtual -Wreorder  -DFORTIFY_SOURCE=2 -fstack-protector-all -Wcast-align -Wl,
            -z,noexecstack -Wl,-znoexecheap -Wl,-z,relro  -Wtrampolines -Wl,-z,now -fPIE -O2 -O3 -DNDEBUG -isysroot /Applications/Xcode.app/Contents/Developer/Platforms/MacOSX.platform/Developer/SDKs/MacOSX.sdk -mmacosx-version-
            min=12 -fPIC -MD -MT rocm_smi/CMakeFiles/rocm_smi64.dir/__/src/rocm_smi_kfd.cc.o -MF CMakeFiles/rocm_smi64.dir/__/src/rocm_smi_kfd.cc.o.d -o CMakeFiles/rocm_smi64.dir/__/src/rocm_smi_kfd.cc.o -c /var/folders/ld/z0sr6
            fhn0rz4tndl4nfm941m0000gn/T/dantopa/spack-stage/spack-stage-rocm-smi-lib-5.0.0-3rwgmfbljnotqy7xrpfi5bywdpk3izaq/spack-src/src/rocm_smi_kfd.cc
     206    In file included from /var/folders/ld/z0sr6fhn0rz4tndl4nfm941m0000gn/T/dantopa/spack-stage/spack-stage-rocm-smi-lib-5.0.0-3rwgmfbljnotqy7xrpfi5bywdpk3izaq/spack-src/src/rocm_smi_io_link.cc:56:
     207    In file included from /var/folders/ld/z0sr6fhn0rz4tndl4nfm941m0000gn/T/dantopa/spack-stage/spack-stage-rocm-smi-lib-5.0.0-3rwgmfbljnotqy7xrpfi5bywdpk3izaq/spack-src/include/rocm_smi/rocm_smi.h:56:
  >> 208    /var/folders/ld/z0sr6fhn0rz4tndl4nfm941m0000gn/T/dantopa/spack-stage/spack-stage-rocm-smi-lib-5.0.0-3rwgmfbljnotqy7xrpfi5bywdpk3izaq/spack-src/include/rocm_smi/kfd_ioctl.h:26:10: fatal error: 'linux/types.h' file not
             found
     209    #include <linux/types.h>
     210             ^~~~~~~~~~~~~~~
     211    clang: warning: -Wl,-z,noexecstack: 'linker' input unused [-Wunused-command-line-argument]
     212    clang: warning: -Wl,-znoexecheap: 'linker' input unused [-Wunused-command-line-argument]
     213    clang: warning: -Wl,-z,relro: 'linker' input unused [-Wunused-command-line-argument]
     214    clang: warning: -Wl,-z,now: 'linker' input unused [-Wunused-command-line-argument]
     215    In file included from /var/folders/ld/z0sr6fhn0rz4tndl4nfm941m0000gn/T/dantopa/spack-stage/spack-stage-rocm-smi-lib-5.0.0-3rwgmfbljnotqy7xrpfi5bywdpk3izaq/spack-src/src/rocm_smi_main.cc:61:
     216    In file included from /var/folders/ld/z0sr6fhn0rz4tndl4nfm941m0000gn/T/dantopa/spack-stage/spack-stage-rocm-smi-lib-5.0.0-3rwgmfbljnotqy7xrpfi5bywdpk3izaq/spack-src/include/rocm_smi/rocm_smi.h:56:
  >> 217    /var/folders/ld/z0sr6fhn0rz4tndl4nfm941m0000gn/T/dantopa/spack-stage/spack-stage-rocm-smi-lib-5.0.0-3rwgmfbljnotqy7xrpfi5bywdpk3izaq/spack-src/include/rocm_smi/kfd_ioctl.h:26:10: fatal error: 'linux/types.h' file not
             found
     218    #include <linux/types.h>
     219             ^~~~~~~~~~~~~~~
     220    In file included from /var/folders/ld/z0sr6fhn0rz4tndl4nfm941m0000gn/T/dantopa/spack-stage/spack-stage-rocm-smi-lib-5.0.0-3rwgmfbljnotqy7xrpfi5bywdpk3izaq/spack-src/src/rocm_smi_main.cc:61:
     221    In file included from /var/folders/ld/z0sr6fhn0rz4tndl4nfm941m0000gn/T/dantopa/spack-stage/spack-stage-rocm-smi-lib-5.0.0-3rwgmfbljnotqy7xrpfi5bywdpk3izaq/spack-src/include/rocm_smi/rocm_smi.h:56:
  >> 222    /var/folders/ld/z0sr6fhn0rz4tndl4nfm941m0000gn/T/dantopa/spack-stage/spack-stage-rocm-smi-lib-5.0.0-3rwgmfbljnotqy7xrpfi5bywdpk3izaq/spack-src/include/rocm_smi/kfd_ioctl.h:26:10: fatal error: 'linux/types.h' file not
             found
     223    #include <linux/types.h>
     224             ^~~~~~~~~~~~~~~
     225    warning: unknown warning option '-Wtrampolines' [-Wunknown-warning-option]
     226    In file included from /var/folders/ld/z0sr6fhn0rz4tndl4nfm941m0000gn/T/dantopa/spack-stage/spack-stage-rocm-smi-lib-5.0.0-3rwgmfbljnotqy7xrpfi5bywdpk3izaq/spack-src/src/rocm_smi_kfd.cc:56:
     227    In file included from /var/folders/ld/z0sr6fhn0rz4tndl4nfm941m0000gn/T/dantopa/spack-stage/spack-stage-rocm-smi-lib-5.0.0-3rwgmfbljnotqy7xrpfi5bywdpk3izaq/spack-src/include/rocm_smi/rocm_smi_io_link.h:53:
     228    In file included from /var/folders/ld/z0sr6fhn0rz4tndl4nfm941m0000gn/T/dantopa/spack-stage/spack-stage-rocm-smi-lib-5.0.0-3rwgmfbljnotqy7xrpfi5bywdpk3izaq/spack-src/include/rocm_smi/rocm_smi.h:56:
  >> 229    /var/folders/ld/z0sr6fhn0rz4tndl4nfm941m0000gn/T/dantopa/spack-stage/spack-stage-rocm-smi-lib-5.0.0-3rwgmfbljnotqy7xrpfi5bywdpk3izaq/spack-src/include/rocm_smi/kfd_ioctl.h:26:10: fatal error: 'linux/types.h' file not
             found
     230    #include <linux/types.h>
     231             ^~~~~~~~~~~~~~~
     232    In file included from /var/folders/ld/z0sr6fhn0rz4tndl4nfm941m0000gn/T/dantopa/spack-stage/spack-stage-rocm-smi-lib-5.0.0-3rwgmfbljnotqy7xrpfi5bywdpk3izaq/spack-src/src/rocm_smi_power_mon.cc:53:
     233    In file included from /var/folders/ld/z0sr6fhn0rz4tndl4nfm941m0000gn/T/dantopa/spack-stage/spack-stage-rocm-smi-lib-5.0.0-3rwgmfbljnotqy7xrpfi5bywdpk3izaq/spack-src/include/rocm_smi/rocm_smi_main.h:59:
     234    In file included from /var/folders/ld/z0sr6fhn0rz4tndl4nfm941m0000gn/T/dantopa/spack-stage/spack-stage-rocm-smi-lib-5.0.0-3rwgmfbljnotqy7xrpfi5bywdpk3izaq/spack-src/include/rocm_smi/rocm_smi_io_link.h:53:
     235    In file included from /var/folders/ld/z0sr6fhn0rz4tndl4nfm941m0000gn/T/dantopa/spack-stage/spack-stage-rocm-smi-lib-5.0.0-3rwgmfbljnotqy7xrpfi5bywdpk3izaq/spack-src/include/rocm_smi/rocm_smi.h:56:
  >> 236    /var/folders/ld/z0sr6fhn0rz4tndl4nfm941m0000gn/T/dantopa/spack-stage/spack-stage-rocm-smi-lib-5.0.0-3rwgmfbljnotqy7xrpfi5bywdpk3izaq/spack-src/include/rocm_smi/kfd_ioctl.h:26:10: fatal error: 'linux/types.h' file not
             found
     237    #include <linux/types.h>
     238             ^~~~~~~~~~~~~~~
     239    In file included from /var/folders/ld/z0sr6fhn0rz4tndl4nfm941m0000gn/T/dantopa/spack-stage/spack-stage-rocm-smi-lib-5.0.0-3rwgmfbljnotqy7xrpfi5bywdpk3izaq/spack-src/src/rocm_smi_device.cc:62:
     240    In file included from /var/folders/ld/z0sr6fhn0rz4tndl4nfm941m0000gn/T/dantopa/spack-stage/spack-stage-rocm-smi-lib-5.0.0-3rwgmfbljnotqy7xrpfi5bywdpk3izaq/spack-src/include/rocm_smi/rocm_smi_main.h:59:
     241    In file included from /var/folders/ld/z0sr6fhn0rz4tndl4nfm941m0000gn/T/dantopa/spack-stage/spack-stage-rocm-smi-lib-5.0.0-3rwgmfbljnotqy7xrpfi5bywdpk3izaq/spack-src/include/rocm_smi/rocm_smi_io_link.h:53:
     242    In file included from /var/folders/ld/z0sr6fhn0rz4tndl4nfm941m0000gn/T/dantopa/spack-stage/spack-stage-rocm-smi-lib-5.0.0-3rwgmfbljnotqy7xrpfi5bywdpk3izaq/spack-src/include/rocm_smi/rocm_smi.h:56:
  >> 243    /var/folders/ld/z0sr6fhn0rz4tndl4nfm941m0000gn/T/dantopa/spack-stage/spack-stage-rocm-smi-lib-5.0.0-3rwgmfbljnotqy7xrpfi5bywdpk3izaq/spack-src/include/rocm_smi/kfd_ioctl.h:26:10: fatal error: 'linux/types.h' file not
             found
     244    #include <linux/types.h>
     245             ^~~~~~~~~~~~~~~
     246    In file included from /var/folders/ld/z0sr6fhn0rz4tndl4nfm941m0000gn/T/dantopa/spack-stage/spack-stage-rocm-smi-lib-5.0.0-3rwgmfbljnotqy7xrpfi5bywdpk3izaq/spack-src/src/rocm_smi_power_mon.cc:53:
     247    In file included from /var/folders/ld/z0sr6fhn0rz4tndl4nfm941m0000gn/T/dantopa/spack-stage/spack-stage-rocm-smi-lib-5.0.0-3rwgmfbljnotqy7xrpfi5bywdpk3izaq/spack-src/include/rocm_smi/rocm_smi_main.h:59:
     248    In file included from /var/folders/ld/z0sr6fhn0rz4tndl4nfm941m0000gn/T/dantopa/spack-stage/spack-stage-rocm-smi-lib-5.0.0-3rwgmfbljnotqy7xrpfi5bywdpk3izaq/spack-src/include/rocm_smi/rocm_smi_io_link.h:53:
     249    In file included from /var/folders/ld/z0sr6fhn0rz4tndl4nfm941m0000gn/T/dantopa/spack-stage/spack-stage-rocm-smi-lib-5.0.0-3rwgmfbljnotqy7xrpfi5bywdpk3izaq/spack-src/include/rocm_smi/rocm_smi.h:56:
  >> 250    /var/folders/ld/z0sr6fhn0rz4tndl4nfm941m0000gn/T/dantopa/spack-stage/spack-stage-rocm-smi-lib-5.0.0-3rwgmfbljnotqy7xrpfi5bywdpk3izaq/spack-src/include/rocm_smi/kfd_ioctl.h:26:10: fatal error: 'linux/types.h' file not
             found
     251    #include <linux/types.h>
     252             ^~~~~~~~~~~~~~~
     253    1 warning and 1 error generated.
     254    In file included from /var/folders/ld/z0sr6fhn0rz4tndl4nfm941m0000gn/T/dantopa/spack-stage/spack-stage-rocm-smi-lib-5.0.0-3rwgmfbljnotqy7xrpfi5bywdpk3izaq/spack-src/src/rocm_smi_device.cc:62:
     255    In file included from /var/folders/ld/z0sr6fhn0rz4tndl4nfm941m0000gn/T/dantopa/spack-stage/spack-stage-rocm-smi-lib-5.0.0-3rwgmfbljnotqy7xrpfi5bywdpk3izaq/spack-src/include/rocm_smi/rocm_smi_main.h:59:
     256    In file included from /var/folders/ld/z0sr6fhn0rz4tndl4nfm941m0000gn/T/dantopa/spack-stage/spack-stage-rocm-smi-lib-5.0.0-3rwgmfbljnotqy7xrpfi5bywdpk3izaq/spack-src/include/rocm_smi/rocm_smi_io_link.h:53:
     257    In file included from /var/folders/ld/z0sr6fhn0rz4tndl4nfm941m0000gn/T/dantopa/spack-stage/spack-stage-rocm-smi-lib-5.0.0-3rwgmfbljnotqy7xrpfi5bywdpk3izaq/spack-src/include/rocm_smi/rocm_smi.h:56:
  >> 258    /var/folders/ld/z0sr6fhn0rz4tndl4nfm941m0000gn/T/dantopa/spack-stage/spack-stage-rocm-smi-lib-5.0.0-3rwgmfbljnotqy7xrpfi5bywdpk3izaq/spack-src/include/rocm_smi/kfd_ioctl.h:26:10: fatal error: 'linux/types.h' file not
             found
     259    #include <linux/types.h>
     260             ^~~~~~~~~~~~~~~
     261    1 warning and 1 error generated.
  >> 262    make[2]: *** [oam/CMakeFiles/oam.dir/__/src/rocm_smi_io_link.cc.o] Error 1
     263    1 warning and 1 error generated.
     264    1 warning and 1 error generated.
     265    1 warning and 1 error generated.
  >> 266    make[2]: *** [rocm_smi/CMakeFiles/rocm_smi64.dir/__/src/rocm_smi_utils.cc.o] Error 1
     267    1 warning and 1 error generated.
     268    1 warning and 1 error generated.
  >> 269    make[2]: *** [oam/CMakeFiles/oam.dir/__/src/rocm_smi_utils.cc.o] Error 1
  >> 270    make[2]: *** [rocm_smi/CMakeFiles/rocm_smi64.dir/__/src/rocm_smi_main.cc.o] Error 1
  >> 271    make[2]: *** [rocm_smi/CMakeFiles/rocm_smi64.dir/__/src/rocm_smi_power_mon.cc.o] Error 1
     272    1 warning and 1 error generated.
  >> 273    make[2]: *** [oam/CMakeFiles/oam.dir/__/src/rocm_smi_power_mon.cc.o] Error 1
  >> 274    make[2]: *** [oam/CMakeFiles/oam.dir/__/src/rocm_smi_device.cc.o] Error 1
  >> 275    make[2]: *** [oam/CMakeFiles/oam.dir/__/src/rocm_smi_main.cc.o] Error 1
     276    1 warning and 1 error generated.
     277    1 warning and 1 error generated.
     278    In file included from /var/folders/ld/z0sr6fhn0rz4tndl4nfm941m0000gn/T/dantopa/spack-stage/spack-stage-rocm-smi-lib-5.0.0-3rwgmfbljnotqy7xrpfi5bywdpk3izaq/spack-src/src/rocm_smi.cc:66:
     279    In file included from /var/folders/ld/z0sr6fhn0rz4tndl4nfm941m0000gn/T/dantopa/spack-stage/spack-stage-rocm-smi-lib-5.0.0-3rwgmfbljnotqy7xrpfi5bywdpk3izaq/spack-src/include/rocm_smi/rocm_smi.h:56:
  >> 280    /var/folders/ld/z0sr6fhn0rz4tndl4nfm941m0000gn/T/dantopa/spack-stage/spack-stage-rocm-smi-lib-5.0.0-3rwgmfbljnotqy7xrpfi5bywdpk3izaq/spack-src/include/rocm_smi/kfd_ioctl.h:26:10: fatal error: 'linux/types.h' file not
             found
     281    #include <linux/types.h>
     282             ^~~~~~~~~~~~~~~
  >> 283    make[2]: *** [rocm_smi/CMakeFiles/rocm_smi64.dir/__/src/rocm_smi_device.cc.o] Error 1
  >> 284    make[2]: *** [oam/CMakeFiles/oam.dir/__/src/rocm_smi_kfd.cc.o] Error 1
     285    In file included from /var/folders/ld/z0sr6fhn0rz4tndl4nfm941m0000gn/T/dantopa/spack-stage/spack-stage-rocm-smi-lib-5.0.0-3rwgmfbljnotqy7xrpfi5bywdpk3izaq/spack-src/src/rocm_smi_monitor.cc:56:
     286    In file included from /var/folders/ld/z0sr6fhn0rz4tndl4nfm941m0000gn/T/dantopa/spack-stage/spack-stage-rocm-smi-lib-5.0.0-3rwgmfbljnotqy7xrpfi5bywdpk3izaq/spack-src/include/rocm_smi/rocm_smi_main.h:59:
     287    In file included from /var/folders/ld/z0sr6fhn0rz4tndl4nfm941m0000gn/T/dantopa/spack-stage/spack-stage-rocm-smi-lib-5.0.0-3rwgmfbljnotqy7xrpfi5bywdpk3izaq/spack-src/include/rocm_smi/rocm_smi_io_link.h:53:
     288    In file included from /var/folders/ld/z0sr6fhn0rz4tndl4nfm941m0000gn/T/dantopa/spack-stage/spack-stage-rocm-smi-lib-5.0.0-3rwgmfbljnotqy7xrpfi5bywdpk3izaq/spack-src/include/rocm_smi/rocm_smi.h:56:
  >> 289    /var/folders/ld/z0sr6fhn0rz4tndl4nfm941m0000gn/T/dantopa/spack-stage/spack-stage-rocm-smi-lib-5.0.0-3rwgmfbljnotqy7xrpfi5bywdpk3izaq/spack-src/include/rocm_smi/kfd_ioctl.h:26:10: fatal error: 'linux/types.h' file not
             found
     290    #include <linux/types.h>
     291             ^~~~~~~~~~~~~~~
     292    In file included from /var/folders/ld/z0sr6fhn0rz4tndl4nfm941m0000gn/T/dantopa/spack-stage/spack-stage-rocm-smi-lib-5.0.0-3rwgmfbljnotqy7xrpfi5bywdpk3izaq/spack-src/src/rocm_smi_monitor.cc:56:
     293    In file included from /var/folders/ld/z0sr6fhn0rz4tndl4nfm941m0000gn/T/dantopa/spack-stage/spack-stage-rocm-smi-lib-5.0.0-3rwgmfbljnotqy7xrpfi5bywdpk3izaq/spack-src/include/rocm_smi/rocm_smi_main.h:59:
     294    In file included from /var/folders/ld/z0sr6fhn0rz4tndl4nfm941m0000gn/T/dantopa/spack-stage/spack-stage-rocm-smi-lib-5.0.0-3rwgmfbljnotqy7xrpfi5bywdpk3izaq/spack-src/include/rocm_smi/rocm_smi_io_link.h:53:
     295    In file included from /var/folders/ld/z0sr6fhn0rz4tndl4nfm941m0000gn/T/dantopa/spack-stage/spack-stage-rocm-smi-lib-5.0.0-3rwgmfbljnotqy7xrpfi5bywdpk3izaq/spack-src/include/rocm_smi/rocm_smi.h:56:
  >> 296    /var/folders/ld/z0sr6fhn0rz4tndl4nfm941m0000gn/T/dantopa/spack-stage/spack-stage-rocm-smi-lib-5.0.0-3rwgmfbljnotqy7xrpfi5bywdpk3izaq/spack-src/include/rocm_smi/kfd_ioctl.h:26:10: fatal error: 'linux/types.h' file not
             found
     297    #include <linux/types.h>
     298             ^~~~~~~~~~~~~~~
     299    1 warning and 1 error generated.
     300    In file included from /var/folders/ld/z0sr6fhn0rz4tndl4nfm941m0000gn/T/dantopa/spack-stage/spack-stage-rocm-smi-lib-5.0.0-3rwgmfbljnotqy7xrpfi5bywdpk3izaq/spack-src/src/rocm_smi_gpu_metrics.cc:58:
     301    In file included from /var/folders/ld/z0sr6fhn0rz4tndl4nfm941m0000gn/T/dantopa/spack-stage/spack-stage-rocm-smi-lib-5.0.0-3rwgmfbljnotqy7xrpfi5bywdpk3izaq/spack-src/include/rocm_smi/rocm_smi_main.h:59:
     302    In file included from /var/folders/ld/z0sr6fhn0rz4tndl4nfm941m0000gn/T/dantopa/spack-stage/spack-stage-rocm-smi-lib-5.0.0-3rwgmfbljnotqy7xrpfi5bywdpk3izaq/spack-src/include/rocm_smi/rocm_smi_io_link.h:53:
     303    In file included from /var/folders/ld/z0sr6fhn0rz4tndl4nfm941m0000gn/T/dantopa/spack-stage/spack-stage-rocm-smi-lib-5.0.0-3rwgmfbljnotqy7xrpfi5bywdpk3izaq/spack-src/include/rocm_smi/rocm_smi.h:56:
  >> 304    /var/folders/ld/z0sr6fhn0rz4tndl4nfm941m0000gn/T/dantopa/spack-stage/spack-stage-rocm-smi-lib-5.0.0-3rwgmfbljnotqy7xrpfi5bywdpk3izaq/spack-src/include/rocm_smi/kfd_ioctl.h:26:10: fatal error: 'linux/types.h' file not
             found
     305    #include <linux/types.h>
     306             ^~~~~~~~~~~~~~~
  >> 307    make[2]: *** [rocm_smi/CMakeFiles/rocm_smi64.dir/__/src/rocm_smi_monitor.cc.o] Error 1
     308    1 warning and 1 error generated.
     309    1 warning and 1 error generated.
  >> 310    make[2]: *** [oam/CMakeFiles/oam.dir/__/src/rocm_smi_monitor.cc.o] Error 1
  >> 311    make[2]: *** [oam/CMakeFiles/oam.dir/__/src/rocm_smi_gpu_metrics.cc.o] Error 1
     312    1 warning and 1 error generated.
  >> 313    make[2]: *** [oam/CMakeFiles/oam.dir/__/src/rocm_smi.cc.o] Error 1
  >> 314    make[1]: *** [oam/CMakeFiles/oam.dir/all] Error 2
     315    make[1]: *** Waiting for unfinished jobs....
     316    In file included from /var/folders/ld/z0sr6fhn0rz4tndl4nfm941m0000gn/T/dantopa/spack-stage/spack-stage-rocm-smi-lib-5.0.0-3rwgmfbljnotqy7xrpfi5bywdpk3izaq/spack-src/src/rocm_smi_kfd.cc:56:
     317    In file included from /var/folders/ld/z0sr6fhn0rz4tndl4nfm941m0000gn/T/dantopa/spack-stage/spack-stage-rocm-smi-lib-5.0.0-3rwgmfbljnotqy7xrpfi5bywdpk3izaq/spack-src/include/rocm_smi/rocm_smi_io_link.h:53:
     318    In file included from /var/folders/ld/z0sr6fhn0rz4tndl4nfm941m0000gn/T/dantopa/spack-stage/spack-stage-rocm-smi-lib-5.0.0-3rwgmfbljnotqy7xrpfi5bywdpk3izaq/spack-src/include/rocm_smi/rocm_smi.h:56:
  >> 319    /var/folders/ld/z0sr6fhn0rz4tndl4nfm941m0000gn/T/dantopa/spack-stage/spack-stage-rocm-smi-lib-5.0.0-3rwgmfbljnotqy7xrpfi5bywdpk3izaq/spack-src/include/rocm_smi/kfd_ioctl.h:26:10: fatal error: 'linux/types.h' file not
             found
     320    #include <linux/types.h>
     321             ^~~~~~~~~~~~~~~
     322    1 warning and 1 error generated.
  >> 323    make[2]: *** [rocm_smi/CMakeFiles/rocm_smi64.dir/__/src/rocm_smi_kfd.cc.o] Error 1
  >> 324    make[1]: *** [rocm_smi/CMakeFiles/rocm_smi64.dir/all] Error 2
  >> 325    make: *** [all] Error 2

See build log for details:
  /var/folders/ld/z0sr6fhn0rz4tndl4nfm941m0000gn/T/dantopa/spack-stage/spack-stage-rocm-smi-lib-5.0.0-3rwgmfbljnotqy7xrpfi5bywdpk3izaq/spack-build-out.txt

==> Error: rocm-smi-lib-5.0.0-3rwgmfbljnotqy7xrpfi5bywdpk3izaq: ProcessError: Command exited with status 2:
    'make' '-j16'
==> Error: rocm-smi-lib-5.0.0-3rwgmfbljnotqy7xrpfi5bywdpk3izaq: Package was not installed
==> Error: Installation request failed.  Refer to reported errors for failing package(s).
[+] /Volumes/T7-Touch/spacktivity/spack-quaxolotl-darwin/opt/spack/darwin-monterey-skylake/apple-clang-13.0.0/llvm-14.0.0-tifxrhvgddagqzn62rkm2tjuppne3wzu
==> Error: Package 'apple-clang' not found.
==> Error: Package 'apple-clang' not found.
==> Error: Package 'apple-clang' not found.
