[+] /Volumes/T7-Touch/spacktivity/spack-quaxolotl-darwin/opt/spack/darwin-monterey-skylake/apple-clang-13.0.0/libiconv-1.16-yxhhora32yhhzepcyfabpwnsajdtf6a6
[+] /Volumes/T7-Touch/spacktivity/spack-quaxolotl-darwin/opt/spack/darwin-monterey-skylake/apple-clang-13.0.0/pkgconf-1.8.0-eliirpx3xgmze6d7dhdtxd35sdnurfif
[+] /Volumes/T7-Touch/spacktivity/spack-quaxolotl-darwin/opt/spack/darwin-monterey-skylake/apple-clang-13.0.0/xz-5.2.5-xqqwp674k2kxoqwh7wbpriqkdljrfoqd
[+] /Volumes/T7-Touch/spacktivity/spack-quaxolotl-darwin/opt/spack/darwin-monterey-skylake/apple-clang-13.0.0/zlib-1.2.12-4gd6lt3icxypmqaest5sfdfbzhot56w3
[+] /Volumes/T7-Touch/spacktivity/spack-quaxolotl-darwin/opt/spack/darwin-monterey-skylake/apple-clang-13.0.0/berkeley-db-18.1.40-ipc5ol4muoen5pw2ne5vsrtcfhpy4s4q
[+] /Applications/Xcode.app/Contents/Developer/Platforms/MacOSX.platform/Developer/SDKs/MacOSX.sdk (external apple-libuuid-1353.100.2-t6qlfdjchooukuag4wp2stoitefz4xr6)
[+] /Volumes/T7-Touch/spacktivity/spack-quaxolotl-darwin/opt/spack/darwin-monterey-skylake/apple-clang-13.0.0/expat-2.4.8-bzkj7hip52pg5rgidsbq3b6zeiwnpzcx
[+] /Volumes/T7-Touch/spacktivity/spack-quaxolotl-darwin/opt/spack/darwin-monterey-skylake/apple-clang-13.0.0/libffi-3.4.2-upil7iu66m6alulaqlvwhs5p33m62yff
==> Installing openjdk-11.0.14.1_1-v4jgdgoo3225xioyb6qcv2rwa6um4j2b
==> No binary for openjdk-11.0.14.1_1-v4jgdgoo3225xioyb6qcv2rwa6um4j2b found: installing from source
==> Fetching https://github.com/adoptium/temurin11-binaries/releases/download/jdk-11.0.14.1%2B1/OpenJDK11U-jdk_x64_mac_hotspot_11.0.14.1_1.tar.gz
==> No patches needed for openjdk
==> openjdk: Executing phase: 'install'
==> openjdk: Successfully installed openjdk-11.0.14.1_1-v4jgdgoo3225xioyb6qcv2rwa6um4j2b
  Fetch: 21.62s.  Build: 4.43s.  Total: 26.05s.
[+] /Volumes/T7-Touch/spacktivity/spack-quaxolotl-darwin/opt/spack/darwin-monterey-skylake/gcc-11.2.0/openjdk-11.0.14.1_1-v4jgdgoo3225xioyb6qcv2rwa6um4j2b
==> Installing otf2-2.3-ecjew2vxoxagx5dvmhzt2433oxrrkjpf
==> No binary for otf2-2.3-ecjew2vxoxagx5dvmhzt2433oxrrkjpf found: installing from source
==> Fetching https://mirror.spack.io/_source-cache/archive/36/36957428d37c40d35b6b45208f050fb5cfe23c54e874189778a24b0e9219c7e3.tar.gz
==> No patches needed for otf2
==> otf2: Executing phase: 'autoreconf'
==> otf2: Executing phase: 'configure'
==> otf2: Executing phase: 'build'
==> otf2: Executing phase: 'install'
==> otf2: Successfully installed otf2-2.3-ecjew2vxoxagx5dvmhzt2433oxrrkjpf
  Fetch: 1.59s.  Build: 28.16s.  Total: 29.75s.
[+] /Volumes/T7-Touch/spacktivity/spack-quaxolotl-darwin/opt/spack/darwin-monterey-skylake/gcc-11.2.0/otf2-2.3-ecjew2vxoxagx5dvmhzt2433oxrrkjpf
==> Installing pdt-3.25.1-naeacbnhxp6xueqak5l6dnbkqtol5ll7
==> No binary for pdt-3.25.1-naeacbnhxp6xueqak5l6dnbkqtol5ll7 found: installing from source
==> Fetching https://mirror.spack.io/_source-cache/archive/0b/0b6f8a6b8769c181b2ae6cae7298f04b8e3e3d68066f598ed24574e19500bc97.tar.gz
==> Ran patch() for pdt
==> pdt: Executing phase: 'autoreconf'
==> pdt: Executing phase: 'configure'
==> pdt: Executing phase: 'build'
==> pdt: Executing phase: 'install'
==> pdt: Successfully installed pdt-3.25.1-naeacbnhxp6xueqak5l6dnbkqtol5ll7
  Fetch: 57.34s.  Build: 32.03s.  Total: 1m 29.37s.
[+] /Volumes/T7-Touch/spacktivity/spack-quaxolotl-darwin/opt/spack/darwin-monterey-skylake/gcc-11.2.0/pdt-3.25.1-naeacbnhxp6xueqak5l6dnbkqtol5ll7
[+] /Volumes/T7-Touch/spacktivity/spack-quaxolotl-darwin/opt/spack/darwin-monterey-skylake/apple-clang-13.0.0/tar-1.34-x6okudqpsw6ww3eggf64tutwrvx4ve5r
[+] /Volumes/T7-Touch/spacktivity/spack-quaxolotl-darwin/opt/spack/darwin-monterey-skylake/apple-clang-13.0.0/diffutils-3.8-bvgc2nt4kynobtpis5qgs6aqbpr7hh7k
[+] /Volumes/T7-Touch/spacktivity/spack-quaxolotl-darwin/opt/spack/darwin-monterey-skylake/apple-clang-13.0.0/ncurses-6.2-otcm5wjdzr2uieoq6gwvtk3l35nxo3eq
[+] /Volumes/T7-Touch/spacktivity/spack-quaxolotl-darwin/opt/spack/darwin-monterey-skylake/apple-clang-13.0.0/libxml2-2.9.12-ws3owyramfj33zqtax7pr6uedin4c7dt
[+] /Volumes/T7-Touch/spacktivity/spack-quaxolotl-darwin/opt/spack/darwin-monterey-skylake/apple-clang-13.0.0/bzip2-1.0.8-i3nhmbpizu3uqsmuwgfnouxgwgwqctew
[+] /Volumes/T7-Touch/spacktivity/spack-quaxolotl-darwin/opt/spack/darwin-monterey-skylake/apple-clang-13.0.0/readline-8.1-w5qjzr5pt27fwtsoapcdcnhyh44vzfs7
[+] /Volumes/T7-Touch/spacktivity/spack-quaxolotl-darwin/opt/spack/darwin-monterey-skylake/apple-clang-13.0.0/libedit-3.1-20210216-hl4l6dpk72likp6hcwh4jpfpvurwuskk
[+] /Volumes/T7-Touch/spacktivity/spack-quaxolotl-darwin/opt/spack/darwin-monterey-skylake/apple-clang-13.0.0/gettext-0.21-smd5auaxozmj6kmkzicskyygnlze2q3j
[+] /Volumes/T7-Touch/spacktivity/spack-quaxolotl-darwin/opt/spack/darwin-monterey-skylake/apple-clang-13.0.0/sqlite-3.37.2-qdpctcufrihwo4zg4pjnf2m3onfrarue
[+] /Volumes/T7-Touch/spacktivity/spack-quaxolotl-darwin/opt/spack/darwin-monterey-skylake/apple-clang-13.0.0/gdbm-1.19-w5nkt32ol3owwnflq5bhacbtrrnnqfkr
==> Installing binutils-2.38-c5a5kywopeu3ajqnz56ainpaow2ziplc
==> No binary for binutils-2.38-c5a5kywopeu3ajqnz56ainpaow2ziplc found: installing from source
==> Fetching https://mirror.spack.io/_source-cache/archive/07/070ec71cf077a6a58e0b959f05a09a35015378c2d8a51e90f3aeabfe30590ef8.tar.bz2
==> No patches needed for binutils
==> binutils: Executing phase: 'autoreconf'
==> binutils: Executing phase: 'configure'
==> binutils: Executing phase: 'build'
==> Error: ProcessError: Command exited with status 2:
    'make' '-j16' 'V=1'

6 errors found in build log:
     3626    /bin/sh ./libtool  --tag=CC   --mode=link /Volumes/T7-Touch/spacktivity/spack-quaxolotl-darwin/lib/spack/env/clang/clang -std=gnu99 -Wall -W -Wall -Wno-narrowing -Wwrite-strings -Wmissing-format-attribute -Wstrict-p
             rototypes -Wmissing-prototypes -Wold-style-definition -pedantic -Wno-long-long   -g -O2     -version-info 0:0:0  -export-symbols-regex ctf_.* -lintl -o libctf-nobfd.la -rpath /Volumes/T7-Touch/spacktivity/spack-quax
             olotl-darwin/opt/spack/darwin-monterey-skylake/apple-clang-13.0.0/binutils-2.38-c5a5kywopeu3ajqnz56ainpaow2ziplc/lib libctf_nobfd_la-ctf-archive.lo libctf_nobfd_la-ctf-dump.lo libctf_nobfd_la-ctf-create.lo libctf_no
             bfd_la-ctf-decl.lo libctf_nobfd_la-ctf-error.lo libctf_nobfd_la-ctf-hash.lo libctf_nobfd_la-ctf-labels.lo libctf_nobfd_la-ctf-dedup.lo libctf_nobfd_la-ctf-link.lo libctf_nobfd_la-ctf-lookup.lo libctf_nobfd_la-ctf-op
             en.lo libctf_nobfd_la-ctf-serialize.lo libctf_nobfd_la-ctf-sha1.lo libctf_nobfd_la-ctf-string.lo libctf_nobfd_la-ctf-subr.lo libctf_nobfd_la-ctf-types.lo libctf_nobfd_la-ctf-util.lo  -L/private/var/folders/ld/z0sr6f
             hn0rz4tndl4nfm941m0000gn/T/dantopa/spack-stage/spack-stage-binutils-2.38-c5a5kywopeu3ajqnz56ainpaow2ziplc/spack-src/libctf/../libiberty/pic -liberty  -lz
     3627    libtool: link: /opt/local/bin/nm -B  .libs/libctf_nobfd_la-ctf-archive.o .libs/libctf_nobfd_la-ctf-dump.o .libs/libctf_nobfd_la-ctf-create.o .libs/libctf_nobfd_la-ctf-decl.o .libs/libctf_nobfd_la-ctf-error.o .libs/l
             ibctf_nobfd_la-ctf-hash.o .libs/libctf_nobfd_la-ctf-labels.o .libs/libctf_nobfd_la-ctf-dedup.o .libs/libctf_nobfd_la-ctf-link.o .libs/libctf_nobfd_la-ctf-lookup.o .libs/libctf_nobfd_la-ctf-open.o .libs/libctf_nobfd_
             la-ctf-serialize.o .libs/libctf_nobfd_la-ctf-sha1.o .libs/libctf_nobfd_la-ctf-string.o .libs/libctf_nobfd_la-ctf-subr.o .libs/libctf_nobfd_la-ctf-types.o .libs/libctf_nobfd_la-ctf-util.o   | sed -n -e 's/^.*[	 ]\([A
             BCDGIRSTW][ABCDGIRSTW]*\)[	 ][	 ]*_\([_A-Za-z][_A-Za-z0-9]*\)$/\1 _\2 \2/p' | /usr/bin/sed 's/.* //' | sort | uniq > .libs/libctf-nobfd.exp
     3628    libtool: link: /usr/bin/grep -E -e "ctf_.*" ".libs/libctf-nobfd.exp" > ".libs/libctf-nobfd.expT"
     3629    libtool: link: mv -f ".libs/libctf-nobfd.expT" ".libs/libctf-nobfd.exp"
     3630    libtool: link: sed 's,^,_,' < .libs/libctf-nobfd.exp > .libs/libctf-nobfd-symbols.expsym
     3631    libtool: link: /Volumes/T7-Touch/spacktivity/spack-quaxolotl-darwin/lib/spack/env/clang/clang -dynamiclib  -o .libs/libctf-nobfd.0.dylib  .libs/libctf_nobfd_la-ctf-archive.o .libs/libctf_nobfd_la-ctf-dump.o .libs/li
             bctf_nobfd_la-ctf-create.o .libs/libctf_nobfd_la-ctf-decl.o .libs/libctf_nobfd_la-ctf-error.o .libs/libctf_nobfd_la-ctf-hash.o .libs/libctf_nobfd_la-ctf-labels.o .libs/libctf_nobfd_la-ctf-dedup.o .libs/libctf_nobfd_
             la-ctf-link.o .libs/libctf_nobfd_la-ctf-lookup.o .libs/libctf_nobfd_la-ctf-open.o .libs/libctf_nobfd_la-ctf-serialize.o .libs/libctf_nobfd_la-ctf-sha1.o .libs/libctf_nobfd_la-ctf-string.o .libs/libctf_nobfd_la-ctf-s
             ubr.o .libs/libctf_nobfd_la-ctf-types.o .libs/libctf_nobfd_la-ctf-util.o   -lintl -L/private/var/folders/ld/z0sr6fhn0rz4tndl4nfm941m0000gn/T/dantopa/spack-stage/spack-stage-binutils-2.38-c5a5kywopeu3ajqnz56ainpaow2z
             iplc/spack-src/libctf/../libiberty/pic -liberty -lz    -install_name  /Volumes/T7-Touch/spacktivity/spack-quaxolotl-darwin/opt/spack/darwin-monterey-skylake/apple-clang-13.0.0/binutils-2.38-c5a5kywopeu3ajqnz56ainpao
             w2ziplc/lib/libctf-nobfd.0.dylib -compatibility_version 1 -current_version 1.0 -Wl,-single_module -Wl,-exported_symbols_list,.libs/libctf-nobfd-symbols.expsym
  >> 3632    Undefined symbols for architecture x86_64:
     3633      "_ctf_open", referenced from:
     3634          _ctf_link_add_ctf in libctf_nobfd_la-ctf-link.o
     3635          _ctf_link_deduplicating_count_inputs in libctf_nobfd_la-ctf-link.o
     3636    ld: symbol(s) not found for architecture x86_64
  >> 3637    clang: error: linker command failed with exit code 1 (use -v to see invocation)
  >> 3638    make[3]: *** [libctf-nobfd.la] Error 1
  >> 3639    make[2]: *** [all] Error 2
  >> 3640    make[1]: *** [all-libctf] Error 2
  >> 3641    make: *** [all] Error 2

See build log for details:
  /var/folders/ld/z0sr6fhn0rz4tndl4nfm941m0000gn/T/dantopa/spack-stage/spack-stage-binutils-2.38-c5a5kywopeu3ajqnz56ainpaow2ziplc/spack-build-out.txt

[+] /Volumes/T7-Touch/spacktivity/spack-quaxolotl-darwin/opt/spack/darwin-monterey-skylake/apple-clang-13.0.0/perl-5.34.1-i3iklgjnzayv726aypmvskgdbz57kpgj
[+] /Volumes/T7-Touch/spacktivity/spack-quaxolotl-darwin/opt/spack/darwin-monterey-skylake/apple-clang-13.0.0/openssl-1.1.1n-ggli4vctrqvnbly5dhwgxekq4zwrefpf
==> Installing libevent-2.1.12-s4mruhfint2ghqaxzfuml4enb7nmdkod
==> No binary for libevent-2.1.12-s4mruhfint2ghqaxzfuml4enb7nmdkod found: installing from source
==> Warning: Skipping build of tau-2.31-2xibyk3gudfreulpxh7uln2xli6afg46 since binutils-2.38-c5a5kywopeu3ajqnz56ainpaow2ziplc failed
==> Using cached archive: /Volumes/T7-Touch/spacktivity/spack-quaxolotl-darwin/var/spack/cache/_source-cache/archive/92/92e6de1be9ec176428fd2367677e61ceffc2ee1cb119035037a27d346b0403bb.tar.gz
==> Ran patch() for libevent
==> libevent: Executing phase: 'autoreconf'
==> libevent: Executing phase: 'configure'
==> libevent: Executing phase: 'build'
==> libevent: Executing phase: 'install'
==> libevent: Successfully installed libevent-2.1.12-s4mruhfint2ghqaxzfuml4enb7nmdkod
  Fetch: 0.01s.  Build: 35.30s.  Total: 35.31s.
[+] /Volumes/T7-Touch/spacktivity/spack-quaxolotl-darwin/opt/spack/darwin-monterey-skylake/apple-clang-13.0.0/libevent-2.1.12-s4mruhfint2ghqaxzfuml4enb7nmdkod
[+] /Volumes/T7-Touch/spacktivity/spack-quaxolotl-darwin/opt/spack/darwin-monterey-skylake/apple-clang-13.0.0/cmake-3.23.0-64ndei6ye2wnsnd4ycrkqgygecxc5vcg
==> Installing openssh-8.9p1-oryyqrve4o6pe35zie7b3eqrjiflrvpv
==> No binary for openssh-8.9p1-oryyqrve4o6pe35zie7b3eqrjiflrvpv found: installing from source
==> Using cached archive: /Volumes/T7-Touch/spacktivity/spack-quaxolotl-darwin/var/spack/cache/_source-cache/archive/fd/fd497654b7ab1686dac672fb83dfb4ba4096e8b5ffcdaccd262380ae58bec5e7.tar.gz
==> No patches needed for openssh
==> openssh: Executing phase: 'autoreconf'
==> openssh: Executing phase: 'configure'
==> openssh: Executing phase: 'build'
==> openssh: Executing phase: 'install'
==> openssh: Successfully installed openssh-8.9p1-oryyqrve4o6pe35zie7b3eqrjiflrvpv
  Fetch: 0.01s.  Build: 1m 29.91s.  Total: 1m 29.92s.
[+] /Volumes/T7-Touch/spacktivity/spack-quaxolotl-darwin/opt/spack/darwin-monterey-skylake/apple-clang-13.0.0/openssh-8.9p1-oryyqrve4o6pe35zie7b3eqrjiflrvpv
[+] /Volumes/T7-Touch/spacktivity/spack-quaxolotl-darwin/opt/spack/darwin-monterey-skylake/apple-clang-13.0.0/python-3.10.2-p45jl733kyshnhyngsyq4s6w5eqkqy4y
==> Installing openmpi-4.1.2-pzfq6gqplcpevtkfhq6kjynjhtnrecxb
==> No binary for openmpi-4.1.2-pzfq6gqplcpevtkfhq6kjynjhtnrecxb found: installing from source
==> Using cached archive: /Volumes/T7-Touch/spacktivity/spack-quaxolotl-darwin/var/spack/cache/_source-cache/archive/9b/9b78c7cf7fc32131c5cf43dd2ab9740149d9d87cadb2e2189f02685749a6b527.tar.bz2
==> No patches needed for openmpi
==> openmpi: Executing phase: 'autoreconf'
==> openmpi: Executing phase: 'configure'
==> openmpi: Executing phase: 'build'
==> openmpi: Executing phase: 'install'
==> openmpi: Successfully installed openmpi-4.1.2-pzfq6gqplcpevtkfhq6kjynjhtnrecxb
  Fetch: 0.03s.  Build: 14m 10.22s.  Total: 14m 10.25s.
[+] /Volumes/T7-Touch/spacktivity/spack-quaxolotl-darwin/opt/spack/darwin-monterey-skylake/apple-clang-13.0.0/openmpi-4.1.2-pzfq6gqplcpevtkfhq6kjynjhtnrecxb
==> Installing rocm-smi-lib-5.0.2-2zqxlqlddl5x6comzmgvauatyrgdku74
==> No binary for rocm-smi-lib-5.0.2-2zqxlqlddl5x6comzmgvauatyrgdku74 found: installing from source
==> Fetching https://mirror.spack.io/_source-cache/archive/a1/a169129e4ecd1cca134039dc1bf91e1b3721768781abfae4ae61fad60a633472.tar.gz
==> Applied patch /Volumes/T7-Touch/spacktivity/spack-quaxolotl-darwin/var/spack/repos/builtin/packages/rocm-smi-lib/disable_pdf_generation_with_doxygen_and_latex.patch
==> rocm-smi-lib: Executing phase: 'cmake'
==> rocm-smi-lib: Executing phase: 'build'
==> Error: ProcessError: Command exited with status 2:
    'make' '-j16'

37 errors found in build log:
     173    clang: warning: -Wl,-z,relro: 'linker' input unused [-Wunused-command-line-argument]
     174    clang: warning: -Wl,-z,now: 'linker' input unused [-Wunused-command-line-argument]
     175    clang: warning: -Wl,-z,noexecstack: 'linker' input unused [-Wunused-command-line-argument]
     176    clang: warning: -Wl,-znoexecheap: 'linker' input unused [-Wunused-command-line-argument]
     177    clang: warning: -Wl,-z,relro: 'linker' input unused [-Wunused-command-line-argument]
     178    clang: warning: -Wl,-z,now: 'linker' input unused [-Wunused-command-line-argument]
  >> 179    /var/folders/ld/z0sr6fhn0rz4tndl4nfm941m0000gn/T/dantopa/spack-stage/spack-stage-rocm-smi-lib-5.0.2-2zqxlqlddl5x6comzmgvauatyrgdku74/spack-src/src/rocm_smi_counters.cc:46:10: fatal error: 'linux/perf_event.h' file no
            t found
     180    #include <linux/perf_event.h>
     181             ^~~~~~~~~~~~~~~~~~~~
  >> 182    /var/folders/ld/z0sr6fhn0rz4tndl4nfm941m0000gn/T/dantopa/spack-stage/spack-stage-rocm-smi-lib-5.0.2-2zqxlqlddl5x6comzmgvauatyrgdku74/spack-src/src/rocm_smi_counters.cc:46:10: fatal error: 'linux/perf_event.h' file no
            t found
     183    #include <linux/perf_event.h>
     184             ^~~~~~~~~~~~~~~~~~~~
     185    warning: unknown warning option '-Wtrampolines' [-Wunknown-warning-option]
     186    warning: unknown warning option '-Wtrampolines' [-Wunknown-warning-option]
     187    warning: unknown warning option '-Wtrampolines' [-Wunknown-warning-option]
     188    In file included from /var/folders/ld/z0sr6fhn0rz4tndl4nfm941m0000gn/T/dantopa/spack-stage/spack-stage-rocm-smi-lib-5.0.2-2zqxlqlddl5x6comzmgvauatyrgdku74/spack-src/src/rocm_smi_utils.cc:55:
     189    In file included from /var/folders/ld/z0sr6fhn0rz4tndl4nfm941m0000gn/T/dantopa/spack-stage/spack-stage-rocm-smi-lib-5.0.2-2zqxlqlddl5x6comzmgvauatyrgdku74/spack-src/include/rocm_smi/rocm_smi.h:56:
  >> 190    /var/folders/ld/z0sr6fhn0rz4tndl4nfm941m0000gn/T/dantopa/spack-stage/spack-stage-rocm-smi-lib-5.0.2-2zqxlqlddl5x6comzmgvauatyrgdku74/spack-src/include/rocm_smi/kfd_ioctl.h:26:10: fatal error: 'linux/types.h' file not
             found
     191    #include <linux/types.h>
     192             ^~~~~~~~~~~~~~~
     193    1 warning and 1 error generated.
     194    In file included from /var/folders/ld/z0sr6fhn0rz4tndl4nfm941m0000gn/T/dantopa/spack-stage/spack-stage-rocm-smi-lib-5.0.2-2zqxlqlddl5x6comzmgvauatyrgdku74/spack-src/src/rocm_smi_utils.cc:55:
     195    In file included from /var/folders/ld/z0sr6fhn0rz4tndl4nfm941m0000gn/T/dantopa/spack-stage/spack-stage-rocm-smi-lib-5.0.2-2zqxlqlddl5x6comzmgvauatyrgdku74/spack-src/include/rocm_smi/rocm_smi.h:56:
  >> 196    /var/folders/ld/z0sr6fhn0rz4tndl4nfm941m0000gn/T/dantopa/spack-stage/spack-stage-rocm-smi-lib-5.0.2-2zqxlqlddl5x6comzmgvauatyrgdku74/spack-src/include/rocm_smi/kfd_ioctl.h:26:10: fatal error: 'linux/types.h' file not
             found
     197    #include <linux/types.h>
     198             ^~~~~~~~~~~~~~~
     199    1 warning and 1 error generated.
  >> 200    make[2]: *** [oam/CMakeFiles/oam.dir/__/src/rocm_smi_counters.cc.o] Error 1
     201    make[2]: *** Waiting for unfinished jobs....
  >> 202    make[2]: *** [rocm_smi/CMakeFiles/rocm_smi64.dir/__/src/rocm_smi_counters.cc.o] Error 1
     203    make[2]: *** Waiting for unfinished jobs....
     204    [ 58%] Building CXX object rocm_smi/CMakeFiles/rocm_smi64.dir/__/src/rocm_smi_io_link.cc.o
     205    cd /private/var/folders/ld/z0sr6fhn0rz4tndl4nfm941m0000gn/T/dantopa/spack-stage/spack-stage-rocm-smi-lib-5.0.2-2zqxlqlddl5x6comzmgvauatyrgdku74/spack-build-2zqxlql/rocm_smi && /Volumes/T7-Touch/spacktivity/spack-quax
            olotl-darwin/lib/spack/env/clang/clang++ -Drocm_smi64_EXPORTS -I/var/folders/ld/z0sr6fhn0rz4tndl4nfm941m0000gn/T/dantopa/spack-stage/spack-stage-rocm-smi-lib-5.0.2-2zqxlqlddl5x6comzmgvauatyrgdku74/spack-src/include -
            I/var/folders/ld/z0sr6fhn0rz4tndl4nfm941m0000gn/T/dantopa/spack-stage/spack-stage-rocm-smi-lib-5.0.2-2zqxlqlddl5x6comzmgvauatyrgdku74/spack-src/third_party/shared_mutex -I/var/folders/ld/z0sr6fhn0rz4tndl4nfm941m0000g
            n/T/dantopa/spack-stage/spack-stage-rocm-smi-lib-5.0.2-2zqxlqlddl5x6comzmgvauatyrgdku74/spack-src/rocm_smi -I/var/folders/ld/z0sr6fhn0rz4tndl4nfm941m0000gn/T/dantopa/spack-stage/spack-stage-rocm-smi-lib-5.0.2-2zqxlql
            ddl5x6comzmgvauatyrgdku74/spack-src/common/shared_mutex -I/var/folders/ld/z0sr6fhn0rz4tndl4nfm941m0000gn/T/dantopa/spack-stage/spack-stage-rocm-smi-lib-5.0.2-2zqxlqlddl5x6comzmgvauatyrgdku74/spack-src/rocm_smi/includ
            e -Wall -Wextra -fno-rtti -m64 -msse -msse2 -std=c++11  -Wconversion -Wcast-align  -Wformat=2 -fno-common -Wstrict-overflow   -Woverloaded-virtual -Wreorder  -DFORTIFY_SOURCE=2 -fstack-protector-all -Wcast-align -Wl,
            -z,noexecstack -Wl,-znoexecheap -Wl,-z,relro  -Wtrampolines -Wl,-z,now -fPIE -O2 -O3 -DNDEBUG -isysroot /Applications/Xcode.app/Contents/Developer/Platforms/MacOSX.platform/Developer/SDKs/MacOSX.sdk -mmacosx-version-
            min=12 -fPIC -MD -MT rocm_smi/CMakeFiles/rocm_smi64.dir/__/src/rocm_smi_io_link.cc.o -MF CMakeFiles/rocm_smi64.dir/__/src/rocm_smi_io_link.cc.o.d -o CMakeFiles/rocm_smi64.dir/__/src/rocm_smi_io_link.cc.o -c /var/fold
            ers/ld/z0sr6fhn0rz4tndl4nfm941m0000gn/T/dantopa/spack-stage/spack-stage-rocm-smi-lib-5.0.2-2zqxlqlddl5x6comzmgvauatyrgdku74/spack-src/src/rocm_smi_io_link.cc
     206    In file included from /var/folders/ld/z0sr6fhn0rz4tndl4nfm941m0000gn/T/dantopa/spack-stage/spack-stage-rocm-smi-lib-5.0.2-2zqxlqlddl5x6comzmgvauatyrgdku74/spack-src/src/rocm_smi_io_link.cc:56:
     207    In file included from /var/folders/ld/z0sr6fhn0rz4tndl4nfm941m0000gn/T/dantopa/spack-stage/spack-stage-rocm-smi-lib-5.0.2-2zqxlqlddl5x6comzmgvauatyrgdku74/spack-src/include/rocm_smi/rocm_smi.h:56:
  >> 208    /var/folders/ld/z0sr6fhn0rz4tndl4nfm941m0000gn/T/dantopa/spack-stage/spack-stage-rocm-smi-lib-5.0.2-2zqxlqlddl5x6comzmgvauatyrgdku74/spack-src/include/rocm_smi/kfd_ioctl.h:26:10: fatal error: 'linux/types.h' file not
             found
     209    #include <linux/types.h>
     210             ^~~~~~~~~~~~~~~
     211    In file included from /var/folders/ld/z0sr6fhn0rz4tndl4nfm941m0000gn/T/dantopa/spack-stage/spack-stage-rocm-smi-lib-5.0.2-2zqxlqlddl5x6comzmgvauatyrgdku74/spack-src/src/rocm_smi_main.cc:61:
     212    In file included from /var/folders/ld/z0sr6fhn0rz4tndl4nfm941m0000gn/T/dantopa/spack-stage/spack-stage-rocm-smi-lib-5.0.2-2zqxlqlddl5x6comzmgvauatyrgdku74/spack-src/include/rocm_smi/rocm_smi.h:56:
  >> 213    /var/folders/ld/z0sr6fhn0rz4tndl4nfm941m0000gn/T/dantopa/spack-stage/spack-stage-rocm-smi-lib-5.0.2-2zqxlqlddl5x6comzmgvauatyrgdku74/spack-src/include/rocm_smi/kfd_ioctl.h:26:10: fatal error: 'linux/types.h' file not
             found
     214    #include <linux/types.h>
     215             ^~~~~~~~~~~~~~~
     216    clang: warning: -Wl,-z,noexecstack: 'linker' input unused [-Wunused-command-line-argument]
     217    clang: warning: -Wl,-znoexecheap: 'linker' input unused [-Wunused-command-line-argument]
     218    clang: warning: -Wl,-z,relro: 'linker' input unused [-Wunused-command-line-argument]
     219    clang: warning: -Wl,-z,now: 'linker' input unused [-Wunused-command-line-argument]
     220    In file included from /var/folders/ld/z0sr6fhn0rz4tndl4nfm941m0000gn/T/dantopa/spack-stage/spack-stage-rocm-smi-lib-5.0.2-2zqxlqlddl5x6comzmgvauatyrgdku74/spack-src/src/rocm_smi_main.cc:61:
     221    In file included from /var/folders/ld/z0sr6fhn0rz4tndl4nfm941m0000gn/T/dantopa/spack-stage/spack-stage-rocm-smi-lib-5.0.2-2zqxlqlddl5x6comzmgvauatyrgdku74/spack-src/include/rocm_smi/rocm_smi.h:56:
  >> 222    /var/folders/ld/z0sr6fhn0rz4tndl4nfm941m0000gn/T/dantopa/spack-stage/spack-stage-rocm-smi-lib-5.0.2-2zqxlqlddl5x6comzmgvauatyrgdku74/spack-src/include/rocm_smi/kfd_ioctl.h:26:10: fatal error: 'linux/types.h' file not
             found
     223    #include <linux/types.h>
     224             ^~~~~~~~~~~~~~~
     225    In file included from /var/folders/ld/z0sr6fhn0rz4tndl4nfm941m0000gn/T/dantopa/spack-stage/spack-stage-rocm-smi-lib-5.0.2-2zqxlqlddl5x6comzmgvauatyrgdku74/spack-src/src/rocm_smi_kfd.cc:56:
     226    In file included from /var/folders/ld/z0sr6fhn0rz4tndl4nfm941m0000gn/T/dantopa/spack-stage/spack-stage-rocm-smi-lib-5.0.2-2zqxlqlddl5x6comzmgvauatyrgdku74/spack-src/include/rocm_smi/rocm_smi_io_link.h:53:
     227    In file included from /var/folders/ld/z0sr6fhn0rz4tndl4nfm941m0000gn/T/dantopa/spack-stage/spack-stage-rocm-smi-lib-5.0.2-2zqxlqlddl5x6comzmgvauatyrgdku74/spack-src/include/rocm_smi/rocm_smi.h:56:
  >> 228    /var/folders/ld/z0sr6fhn0rz4tndl4nfm941m0000gn/T/dantopa/spack-stage/spack-stage-rocm-smi-lib-5.0.2-2zqxlqlddl5x6comzmgvauatyrgdku74/spack-src/include/rocm_smi/kfd_ioctl.h:26:10: fatal error: 'linux/types.h' file not
             found
     229    #include <linux/types.h>
     230             ^~~~~~~~~~~~~~~
     231    warning: unknown warning option '-Wtrampolines' [-Wunknown-warning-option]
     232    In file included from /var/folders/ld/z0sr6fhn0rz4tndl4nfm941m0000gn/T/dantopa/spack-stage/spack-stage-rocm-smi-lib-5.0.2-2zqxlqlddl5x6comzmgvauatyrgdku74/spack-src/src/rocm_smi_power_mon.cc:53:
     233    In file included from /var/folders/ld/z0sr6fhn0rz4tndl4nfm941m0000gn/T/dantopa/spack-stage/spack-stage-rocm-smi-lib-5.0.2-2zqxlqlddl5x6comzmgvauatyrgdku74/spack-src/include/rocm_smi/rocm_smi_main.h:59:
     234    In file included from /var/folders/ld/z0sr6fhn0rz4tndl4nfm941m0000gn/T/dantopa/spack-stage/spack-stage-rocm-smi-lib-5.0.2-2zqxlqlddl5x6comzmgvauatyrgdku74/spack-src/include/rocm_smi/rocm_smi_io_link.h:53:
     235    In file included from /var/folders/ld/z0sr6fhn0rz4tndl4nfm941m0000gn/T/dantopa/spack-stage/spack-stage-rocm-smi-lib-5.0.2-2zqxlqlddl5x6comzmgvauatyrgdku74/spack-src/include/rocm_smi/rocm_smi.h:56:
  >> 236    /var/folders/ld/z0sr6fhn0rz4tndl4nfm941m0000gn/T/dantopa/spack-stage/spack-stage-rocm-smi-lib-5.0.2-2zqxlqlddl5x6comzmgvauatyrgdku74/spack-src/include/rocm_smi/kfd_ioctl.h:26:10: fatal error: 'linux/types.h' file not
             found
     237    #include <linux/types.h>
     238             ^~~~~~~~~~~~~~~
     239    In file included from /var/folders/ld/z0sr6fhn0rz4tndl4nfm941m0000gn/T/dantopa/spack-stage/spack-stage-rocm-smi-lib-5.0.2-2zqxlqlddl5x6comzmgvauatyrgdku74/spack-src/src/rocm_smi_power_mon.cc:53:
     240    In file included from /var/folders/ld/z0sr6fhn0rz4tndl4nfm941m0000gn/T/dantopa/spack-stage/spack-stage-rocm-smi-lib-5.0.2-2zqxlqlddl5x6comzmgvauatyrgdku74/spack-src/include/rocm_smi/rocm_smi_main.h:59:
     241    In file included from /var/folders/ld/z0sr6fhn0rz4tndl4nfm941m0000gn/T/dantopa/spack-stage/spack-stage-rocm-smi-lib-5.0.2-2zqxlqlddl5x6comzmgvauatyrgdku74/spack-src/include/rocm_smi/rocm_smi_io_link.h:53:
     242    In file included from /var/folders/ld/z0sr6fhn0rz4tndl4nfm941m0000gn/T/dantopa/spack-stage/spack-stage-rocm-smi-lib-5.0.2-2zqxlqlddl5x6comzmgvauatyrgdku74/spack-src/include/rocm_smi/rocm_smi.h:56:
  >> 243    /var/folders/ld/z0sr6fhn0rz4tndl4nfm941m0000gn/T/dantopa/spack-stage/spack-stage-rocm-smi-lib-5.0.2-2zqxlqlddl5x6comzmgvauatyrgdku74/spack-src/include/rocm_smi/kfd_ioctl.h:26:10: fatal error: 'linux/types.h' file not
             found
     244    #include <linux/types.h>
     245             ^~~~~~~~~~~~~~~
     246    1 warning and 1 error generated.
     247    In file included from /var/folders/ld/z0sr6fhn0rz4tndl4nfm941m0000gn/T/dantopa/spack-stage/spack-stage-rocm-smi-lib-5.0.2-2zqxlqlddl5x6comzmgvauatyrgdku74/spack-src/src/rocm_smi_device.cc:62:
     248    In file included from /var/folders/ld/z0sr6fhn0rz4tndl4nfm941m0000gn/T/dantopa/spack-stage/spack-stage-rocm-smi-lib-5.0.2-2zqxlqlddl5x6comzmgvauatyrgdku74/spack-src/include/rocm_smi/rocm_smi_main.h:59:
     249    In file included from /var/folders/ld/z0sr6fhn0rz4tndl4nfm941m0000gn/T/dantopa/spack-stage/spack-stage-rocm-smi-lib-5.0.2-2zqxlqlddl5x6comzmgvauatyrgdku74/spack-src/include/rocm_smi/rocm_smi_io_link.h:53:
     250    In file included from /var/folders/ld/z0sr6fhn0rz4tndl4nfm941m0000gn/T/dantopa/spack-stage/spack-stage-rocm-smi-lib-5.0.2-2zqxlqlddl5x6comzmgvauatyrgdku74/spack-src/include/rocm_smi/rocm_smi.h:56:
  >> 251    /var/folders/ld/z0sr6fhn0rz4tndl4nfm941m0000gn/T/dantopa/spack-stage/spack-stage-rocm-smi-lib-5.0.2-2zqxlqlddl5x6comzmgvauatyrgdku74/spack-src/include/rocm_smi/kfd_ioctl.h:26:10: fatal error: 'linux/types.h' file not
             found
     252    #include <linux/types.h>
     253             ^~~~~~~~~~~~~~~
     254    1 warning and 1 error generated.
     255    In file included from /var/folders/ld/z0sr6fhn0rz4tndl4nfm941m0000gn/T/dantopa/spack-stage/spack-stage-rocm-smi-lib-5.0.2-2zqxlqlddl5x6comzmgvauatyrgdku74/spack-src/src/rocm_smi_device.cc:62:
     256    In file included from /var/folders/ld/z0sr6fhn0rz4tndl4nfm941m0000gn/T/dantopa/spack-stage/spack-stage-rocm-smi-lib-5.0.2-2zqxlqlddl5x6comzmgvauatyrgdku74/spack-src/include/rocm_smi/rocm_smi_main.h:59:
     257    In file included from /var/folders/ld/z0sr6fhn0rz4tndl4nfm941m0000gn/T/dantopa/spack-stage/spack-stage-rocm-smi-lib-5.0.2-2zqxlqlddl5x6comzmgvauatyrgdku74/spack-src/include/rocm_smi/rocm_smi_io_link.h:53:
     258    In file included from /var/folders/ld/z0sr6fhn0rz4tndl4nfm941m0000gn/T/dantopa/spack-stage/spack-stage-rocm-smi-lib-5.0.2-2zqxlqlddl5x6comzmgvauatyrgdku74/spack-src/include/rocm_smi/rocm_smi.h:56:
  >> 259    /var/folders/ld/z0sr6fhn0rz4tndl4nfm941m0000gn/T/dantopa/spack-stage/spack-stage-rocm-smi-lib-5.0.2-2zqxlqlddl5x6comzmgvauatyrgdku74/spack-src/include/rocm_smi/kfd_ioctl.h:26:10: fatal error: 'linux/types.h' file not
             found
     260    #include <linux/types.h>
     261             ^~~~~~~~~~~~~~~
  >> 262    make[2]: *** [oam/CMakeFiles/oam.dir/__/src/rocm_smi_utils.cc.o] Error 1
     263    1 warning and 1 error generated.
  >> 264    make[2]: *** [oam/CMakeFiles/oam.dir/__/src/rocm_smi_io_link.cc.o] Error 1
     265    1 warning and 1 error generated.
     266    1 warning and 1 error generated.
  >> 267    make[2]: *** [rocm_smi/CMakeFiles/rocm_smi64.dir/__/src/rocm_smi_utils.cc.o] Error 1
     268    1 warning and 1 error generated.
     269    1 warning and 1 error generated.
  >> 270    make[2]: *** [oam/CMakeFiles/oam.dir/__/src/rocm_smi_power_mon.cc.o] Error 1
  >> 271    make[2]: *** [rocm_smi/CMakeFiles/rocm_smi64.dir/__/src/rocm_smi_power_mon.cc.o] Error 1
  >> 272    make[2]: *** [rocm_smi/CMakeFiles/rocm_smi64.dir/__/src/rocm_smi_main.cc.o] Error 1
  >> 273    make[2]: *** [oam/CMakeFiles/oam.dir/__/src/rocm_smi_main.cc.o] Error 1
     274    1 warning and 1 error generated.
     275    1 warning and 1 error generated.
     276    1 warning and 1 error generated.
  >> 277    make[2]: *** [oam/CMakeFiles/oam.dir/__/src/rocm_smi_device.cc.o] Error 1
  >> 278    make[2]: *** [oam/CMakeFiles/oam.dir/__/src/rocm_smi_kfd.cc.o] Error 1
  >> 279    make[2]: *** [rocm_smi/CMakeFiles/rocm_smi64.dir/__/src/rocm_smi_device.cc.o] Error 1
     280    In file included from /var/folders/ld/z0sr6fhn0rz4tndl4nfm941m0000gn/T/dantopa/spack-stage/spack-stage-rocm-smi-lib-5.0.2-2zqxlqlddl5x6comzmgvauatyrgdku74/spack-src/src/rocm_smi_monitor.cc:56:
     281    In file included from /var/folders/ld/z0sr6fhn0rz4tndl4nfm941m0000gn/T/dantopa/spack-stage/spack-stage-rocm-smi-lib-5.0.2-2zqxlqlddl5x6comzmgvauatyrgdku74/spack-src/include/rocm_smi/rocm_smi_main.h:59:
     282    In file included from /var/folders/ld/z0sr6fhn0rz4tndl4nfm941m0000gn/T/dantopa/spack-stage/spack-stage-rocm-smi-lib-5.0.2-2zqxlqlddl5x6comzmgvauatyrgdku74/spack-src/include/rocm_smi/rocm_smi_io_link.h:53:
     283    In file included from /var/folders/ld/z0sr6fhn0rz4tndl4nfm941m0000gn/T/dantopa/spack-stage/spack-stage-rocm-smi-lib-5.0.2-2zqxlqlddl5x6comzmgvauatyrgdku74/spack-src/include/rocm_smi/rocm_smi.h:56:
  >> 284    /var/folders/ld/z0sr6fhn0rz4tndl4nfm941m0000gn/T/dantopa/spack-stage/spack-stage-rocm-smi-lib-5.0.2-2zqxlqlddl5x6comzmgvauatyrgdku74/spack-src/include/rocm_smi/kfd_ioctl.h:26:10: fatal error: 'linux/types.h' file not
             found
     285    #include <linux/types.h>
     286             ^~~~~~~~~~~~~~~
     287    In file included from /var/folders/ld/z0sr6fhn0rz4tndl4nfm941m0000gn/T/dantopa/spack-stage/spack-stage-rocm-smi-lib-5.0.2-2zqxlqlddl5x6comzmgvauatyrgdku74/spack-src/src/rocm_smi_monitor.cc:56:
     288    In file included from /var/folders/ld/z0sr6fhn0rz4tndl4nfm941m0000gn/T/dantopa/spack-stage/spack-stage-rocm-smi-lib-5.0.2-2zqxlqlddl5x6comzmgvauatyrgdku74/spack-src/include/rocm_smi/rocm_smi_main.h:59:
     289    In file included from /var/folders/ld/z0sr6fhn0rz4tndl4nfm941m0000gn/T/dantopa/spack-stage/spack-stage-rocm-smi-lib-5.0.2-2zqxlqlddl5x6comzmgvauatyrgdku74/spack-src/include/rocm_smi/rocm_smi_io_link.h:53:
     290    In file included from /var/folders/ld/z0sr6fhn0rz4tndl4nfm941m0000gn/T/dantopa/spack-stage/spack-stage-rocm-smi-lib-5.0.2-2zqxlqlddl5x6comzmgvauatyrgdku74/spack-src/include/rocm_smi/rocm_smi.h:56:
  >> 291    /var/folders/ld/z0sr6fhn0rz4tndl4nfm941m0000gn/T/dantopa/spack-stage/spack-stage-rocm-smi-lib-5.0.2-2zqxlqlddl5x6comzmgvauatyrgdku74/spack-src/include/rocm_smi/kfd_ioctl.h:26:10: fatal error: 'linux/types.h' file not
             found
     292    #include <linux/types.h>
     293             ^~~~~~~~~~~~~~~
     294    In file included from /var/folders/ld/z0sr6fhn0rz4tndl4nfm941m0000gn/T/dantopa/spack-stage/spack-stage-rocm-smi-lib-5.0.2-2zqxlqlddl5x6comzmgvauatyrgdku74/spack-src/src/rocm_smi_kfd.cc:56:
     295    In file included from /var/folders/ld/z0sr6fhn0rz4tndl4nfm941m0000gn/T/dantopa/spack-stage/spack-stage-rocm-smi-lib-5.0.2-2zqxlqlddl5x6comzmgvauatyrgdku74/spack-src/include/rocm_smi/rocm_smi_io_link.h:53:
     296    In file included from /var/folders/ld/z0sr6fhn0rz4tndl4nfm941m0000gn/T/dantopa/spack-stage/spack-stage-rocm-smi-lib-5.0.2-2zqxlqlddl5x6comzmgvauatyrgdku74/spack-src/include/rocm_smi/rocm_smi.h:56:
  >> 297    /var/folders/ld/z0sr6fhn0rz4tndl4nfm941m0000gn/T/dantopa/spack-stage/spack-stage-rocm-smi-lib-5.0.2-2zqxlqlddl5x6comzmgvauatyrgdku74/spack-src/include/rocm_smi/kfd_ioctl.h:26:10: fatal error: 'linux/types.h' file not
             found
     298    #include <linux/types.h>
     299             ^~~~~~~~~~~~~~~
     300    1 warning and 1 error generated.
     301    1 warning and 1 error generated.
  >> 302    make[2]: *** [oam/CMakeFiles/oam.dir/__/src/rocm_smi_monitor.cc.o] Error 1
  >> 303    make[2]: *** [rocm_smi/CMakeFiles/rocm_smi64.dir/__/src/rocm_smi_monitor.cc.o] Error 1
     304    In file included from /var/folders/ld/z0sr6fhn0rz4tndl4nfm941m0000gn/T/dantopa/spack-stage/spack-stage-rocm-smi-lib-5.0.2-2zqxlqlddl5x6comzmgvauatyrgdku74/spack-src/src/rocm_smi_gpu_metrics.cc:58:
     305    In file included from /var/folders/ld/z0sr6fhn0rz4tndl4nfm941m0000gn/T/dantopa/spack-stage/spack-stage-rocm-smi-lib-5.0.2-2zqxlqlddl5x6comzmgvauatyrgdku74/spack-src/include/rocm_smi/rocm_smi_main.h:59:
     306    In file included from /var/folders/ld/z0sr6fhn0rz4tndl4nfm941m0000gn/T/dantopa/spack-stage/spack-stage-rocm-smi-lib-5.0.2-2zqxlqlddl5x6comzmgvauatyrgdku74/spack-src/include/rocm_smi/rocm_smi_io_link.h:53:
     307    In file included from /var/folders/ld/z0sr6fhn0rz4tndl4nfm941m0000gn/T/dantopa/spack-stage/spack-stage-rocm-smi-lib-5.0.2-2zqxlqlddl5x6comzmgvauatyrgdku74/spack-src/include/rocm_smi/rocm_smi.h:56:
  >> 308    /var/folders/ld/z0sr6fhn0rz4tndl4nfm941m0000gn/T/dantopa/spack-stage/spack-stage-rocm-smi-lib-5.0.2-2zqxlqlddl5x6comzmgvauatyrgdku74/spack-src/include/rocm_smi/kfd_ioctl.h:26:10: fatal error: 'linux/types.h' file not
             found
     309    #include <linux/types.h>
     310             ^~~~~~~~~~~~~~~
     311    1 warning and 1 error generated.
     312    1 warning and 1 error generated.
  >> 313    make[2]: *** [oam/CMakeFiles/oam.dir/__/src/rocm_smi_gpu_metrics.cc.o] Error 1
  >> 314    make[1]: *** [oam/CMakeFiles/oam.dir/all] Error 2
     315    make[1]: *** Waiting for unfinished jobs....
  >> 316    make[2]: *** [rocm_smi/CMakeFiles/rocm_smi64.dir/__/src/rocm_smi_kfd.cc.o] Error 1
     317    In file included from /var/folders/ld/z0sr6fhn0rz4tndl4nfm941m0000gn/T/dantopa/spack-stage/spack-stage-rocm-smi-lib-5.0.2-2zqxlqlddl5x6comzmgvauatyrgdku74/spack-src/src/rocm_smi_io_link.cc:56:
     318    In file included from /var/folders/ld/z0sr6fhn0rz4tndl4nfm941m0000gn/T/dantopa/spack-stage/spack-stage-rocm-smi-lib-5.0.2-2zqxlqlddl5x6comzmgvauatyrgdku74/spack-src/include/rocm_smi/rocm_smi.h:56:
  >> 319    /var/folders/ld/z0sr6fhn0rz4tndl4nfm941m0000gn/T/dantopa/spack-stage/spack-stage-rocm-smi-lib-5.0.2-2zqxlqlddl5x6comzmgvauatyrgdku74/spack-src/include/rocm_smi/kfd_ioctl.h:26:10: fatal error: 'linux/types.h' file not
             found
     320    #include <linux/types.h>
     321             ^~~~~~~~~~~~~~~
     322    1 warning and 1 error generated.
  >> 323    make[2]: *** [rocm_smi/CMakeFiles/rocm_smi64.dir/__/src/rocm_smi_io_link.cc.o] Error 1
  >> 324    make[1]: *** [rocm_smi/CMakeFiles/rocm_smi64.dir/all] Error 2
  >> 325    make: *** [all] Error 2

See build log for details:
  /var/folders/ld/z0sr6fhn0rz4tndl4nfm941m0000gn/T/dantopa/spack-stage/spack-stage-rocm-smi-lib-5.0.2-2zqxlqlddl5x6comzmgvauatyrgdku74/spack-build-out.txt

==> Warning: Skipping build of hwloc-2.7.1-tcglezoo6uz7mjqbrwbvzjxa3c5p4cvi since rocm-smi-lib-5.0.2-2zqxlqlddl5x6comzmgvauatyrgdku74 failed
==> Error: tau-2.31-2xibyk3gudfreulpxh7uln2xli6afg46: Package was not installed
==> Error: Installation request failed.  Refer to reported errors for failing package(s).
-bash: zspack: command not found
spack install tau   % gcc@11.2.0  ^python@3.10.2  ^openmpi@4.1.2 ^binutils/5tpg46t 2>&1 | tee -a /Volumes/T7-Touch/spacktivity/spack-quaxolotl-darwin/dantopa/build-logs/tau.txt
[+] /Volumes/T7-Touch/spacktivity/spack-quaxolotl-darwin/opt/spack/darwin-monterey-skylake/apple-clang-13.0.0/bzip2-1.0.8-i3nhmbpizu3uqsmuwgfnouxgwgwqctew
[+] /Volumes/T7-Touch/spacktivity/spack-quaxolotl-darwin/opt/spack/darwin-monterey-skylake/apple-clang-13.0.0/libiconv-1.16-yxhhora32yhhzepcyfabpwnsajdtf6a6
[+] /Volumes/T7-Touch/spacktivity/spack-quaxolotl-darwin/opt/spack/darwin-monterey-skylake/apple-clang-13.0.0/xz-5.2.5-xqqwp674k2kxoqwh7wbpriqkdljrfoqd
[+] /Volumes/T7-Touch/spacktivity/spack-quaxolotl-darwin/opt/spack/darwin-monterey-skylake/apple-clang-13.0.0/zlib-1.2.11-7yfdtza4upfsjhx6nyigqab6ctnbiqxg
[+] /Volumes/T7-Touch/spacktivity/spack-quaxolotl-darwin/opt/spack/darwin-monterey-skylake/apple-clang-13.0.0/ncurses-6.2-otcm5wjdzr2uieoq6gwvtk3l35nxo3eq
[+] /Volumes/T7-Touch/spacktivity/spack-quaxolotl-darwin/opt/spack/darwin-monterey-skylake/apple-clang-13.0.0/berkeley-db-18.1.40-ipc5ol4muoen5pw2ne5vsrtcfhpy4s4q
[+] /Volumes/T7-Touch/spacktivity/spack-quaxolotl-darwin/opt/spack/darwin-monterey-skylake/apple-clang-13.0.0/pkgconf-1.8.0-eliirpx3xgmze6d7dhdtxd35sdnurfif
[+] /Applications/Xcode.app/Contents/Developer/Platforms/MacOSX.platform/Developer/SDKs/MacOSX.sdk (external apple-libuuid-1353.100.2-t6qlfdjchooukuag4wp2stoitefz4xr6)
[+] /Volumes/T7-Touch/spacktivity/spack-quaxolotl-darwin/opt/spack/darwin-monterey-skylake/apple-clang-13.0.0/expat-2.4.8-bzkj7hip52pg5rgidsbq3b6zeiwnpzcx
[+] /Volumes/T7-Touch/spacktivity/spack-quaxolotl-darwin/opt/spack/darwin-monterey-skylake/apple-clang-13.0.0/libffi-3.4.2-upil7iu66m6alulaqlvwhs5p33m62yff
[+] /Volumes/T7-Touch/spacktivity/spack-quaxolotl-darwin/opt/spack/darwin-monterey-skylake/gcc-11.2.0/openjdk-11.0.14.1_1-v4jgdgoo3225xioyb6qcv2rwa6um4j2b
[+] /Volumes/T7-Touch/spacktivity/spack-quaxolotl-darwin/opt/spack/darwin-monterey-skylake/gcc-11.2.0/otf2-2.3-ecjew2vxoxagx5dvmhzt2433oxrrkjpf
[+] /Volumes/T7-Touch/spacktivity/spack-quaxolotl-darwin/opt/spack/darwin-monterey-skylake/gcc-11.2.0/pdt-3.25.1-naeacbnhxp6xueqak5l6dnbkqtol5ll7
[+] /Volumes/T7-Touch/spacktivity/spack-quaxolotl-darwin/opt/spack/darwin-monterey-skylake/apple-clang-13.0.0/tar-1.34-x6okudqpsw6ww3eggf64tutwrvx4ve5r
[+] /Volumes/T7-Touch/spacktivity/spack-quaxolotl-darwin/opt/spack/darwin-monterey-skylake/apple-clang-13.0.0/libxml2-2.9.12-v5rvmvv4p43yv32cikzqkfoibjx5wlgi
[+] /Volumes/T7-Touch/spacktivity/spack-quaxolotl-darwin/opt/spack/darwin-monterey-skylake/apple-clang-13.0.0/readline-8.1-w5qjzr5pt27fwtsoapcdcnhyh44vzfs7
[+] /Volumes/T7-Touch/spacktivity/spack-quaxolotl-darwin/opt/spack/darwin-monterey-skylake/apple-clang-13.0.0/libedit-3.1-20210216-hl4l6dpk72likp6hcwh4jpfpvurwuskk
[+] /Volumes/T7-Touch/spacktivity/spack-quaxolotl-darwin/opt/spack/darwin-monterey-skylake/apple-clang-13.0.0/gettext-0.21-igihndy6mfbfplnt5vgmmqb4lmzko73o
[+] /Volumes/T7-Touch/spacktivity/spack-quaxolotl-darwin/opt/spack/darwin-monterey-skylake/apple-clang-13.0.0/sqlite-3.37.2-tltmobqpqsyofjebftof4xxzxzcpmzuz
[+] /Volumes/T7-Touch/spacktivity/spack-quaxolotl-darwin/opt/spack/darwin-monterey-skylake/apple-clang-13.0.0/gdbm-1.19-w5nkt32ol3owwnflq5bhacbtrrnnqfkr
[+] /Volumes/T7-Touch/spacktivity/spack-quaxolotl-darwin/opt/spack/darwin-monterey-skylake/apple-clang-13.0.0/binutils-2.33.1-5tpg46t24xt7psqvdfxg44oehadlp6ox
==> Installing perl-5.34.1-irmtd6ldpw5eyrogc2wsxzlaswnrx7fl
==> No binary for perl-5.34.1-irmtd6ldpw5eyrogc2wsxzlaswnrx7fl found: installing from source
==> Using cached archive: /Volumes/T7-Touch/spacktivity/spack-quaxolotl-darwin/var/spack/cache/_source-cache/archive/35/357951a491b0ba1ce3611263922feec78ccd581dddc24a446b033e25acf242a1.tar.gz
==> Using cached archive: /Volumes/T7-Touch/spacktivity/spack-quaxolotl-darwin/var/spack/cache/_source-cache/archive/9d/9da50e155df72bce55cb69f51f1dbb4b62d23740fb99f6178bb27f22ebdf8a46.tar.gz
==> Moving resource stage
	source: /var/folders/ld/z0sr6fhn0rz4tndl4nfm941m0000gn/T/dantopa/spack-stage/resource-cpanm-irmtd6ldpw5eyrogc2wsxzlaswnrx7fl/spack-src/
	destination: /var/folders/ld/z0sr6fhn0rz4tndl4nfm941m0000gn/T/dantopa/spack-stage/spack-stage-perl-5.34.1-irmtd6ldpw5eyrogc2wsxzlaswnrx7fl/spack-src/cpanm/cpanm
==> Ran patch() for perl
==> perl: Executing phase: 'configure'
==> perl: Executing phase: 'build'
==> perl: Executing phase: 'install'
==> perl: Successfully installed perl-5.34.1-irmtd6ldpw5eyrogc2wsxzlaswnrx7fl
  Fetch: 0.05s.  Build: 2m 49.58s.  Total: 2m 49.63s.
[+] /Volumes/T7-Touch/spacktivity/spack-quaxolotl-darwin/opt/spack/darwin-monterey-skylake/apple-clang-13.0.0/perl-5.34.1-irmtd6ldpw5eyrogc2wsxzlaswnrx7fl
==> Installing openssl-1.1.1n-esf6b5ush36n3h3iwytp2ea6xpmfgst5
==> No binary for openssl-1.1.1n-esf6b5ush36n3h3iwytp2ea6xpmfgst5 found: installing from source
==> Using cached archive: /Volumes/T7-Touch/spacktivity/spack-quaxolotl-darwin/var/spack/cache/_source-cache/archive/40/40dceb51a4f6a5275bde0e6bf20ef4b91bfc32ed57c0552e2e8e15463372b17a.tar.gz
==> Ran patch() for openssl
==> openssl: Executing phase: 'install'
==> openssl: Successfully installed openssl-1.1.1n-esf6b5ush36n3h3iwytp2ea6xpmfgst5
  Fetch: 0.03s.  Build: 3m 3.85s.  Total: 3m 3.88s.
[+] /Volumes/T7-Touch/spacktivity/spack-quaxolotl-darwin/opt/spack/darwin-monterey-skylake/apple-clang-13.0.0/openssl-1.1.1n-esf6b5ush36n3h3iwytp2ea6xpmfgst5
==> Installing libevent-2.1.12-dzqjxyfk3wrququhego2qpkra3ws5agy
==> No binary for libevent-2.1.12-dzqjxyfk3wrququhego2qpkra3ws5agy found: installing from source
==> Using cached archive: /Volumes/T7-Touch/spacktivity/spack-quaxolotl-darwin/var/spack/cache/_source-cache/archive/92/92e6de1be9ec176428fd2367677e61ceffc2ee1cb119035037a27d346b0403bb.tar.gz
==> Ran patch() for libevent
==> libevent: Executing phase: 'autoreconf'
==> libevent: Executing phase: 'configure'
==> libevent: Executing phase: 'build'
==> libevent: Executing phase: 'install'
==> libevent: Successfully installed libevent-2.1.12-dzqjxyfk3wrququhego2qpkra3ws5agy
  Fetch: 0.01s.  Build: 33.56s.  Total: 33.57s.
[+] /Volumes/T7-Touch/spacktivity/spack-quaxolotl-darwin/opt/spack/darwin-monterey-skylake/apple-clang-13.0.0/libevent-2.1.12-dzqjxyfk3wrququhego2qpkra3ws5agy
==> Installing python-3.10.2-s6oob6e4f3u7lbwp6j5x77hwdz33fuw6
==> No binary for python-3.10.2-s6oob6e4f3u7lbwp6j5x77hwdz33fuw6 found: installing from source
==> Using cached archive: /Volumes/T7-Touch/spacktivity/spack-quaxolotl-darwin/var/spack/cache/_source-cache/archive/3c/3c0ede893011319f9b0a56b44953a3d52c7abf9657c23fb4bc9ced93b86e9c97.tgz
==> Applied patch /Volumes/T7-Touch/spacktivity/spack-quaxolotl-darwin/var/spack/repos/builtin/packages/python/python-3.7.4+-distutils-C++.patch
==> Applied patch /Volumes/T7-Touch/spacktivity/spack-quaxolotl-darwin/var/spack/repos/builtin/packages/python/python-3.7.4+-distutils-C++-testsuite.patch
==> Applied patch /Volumes/T7-Touch/spacktivity/spack-quaxolotl-darwin/var/spack/repos/builtin/packages/python/tkinter-3.10.patch
==> Ran patch() for python
==> python: Executing phase: 'configure'
==> python: Executing phase: 'build'
==> python: Executing phase: 'install'
==> python: Successfully installed python-3.10.2-s6oob6e4f3u7lbwp6j5x77hwdz33fuw6
  Fetch: 0.08s.  Build: 2m 6.09s.  Total: 2m 6.17s.
[+] /Volumes/T7-Touch/spacktivity/spack-quaxolotl-darwin/opt/spack/darwin-monterey-skylake/apple-clang-13.0.0/python-3.10.2-s6oob6e4f3u7lbwp6j5x77hwdz33fuw6
==> Installing cmake-3.23.0-6apwu6qxol5edknzpqvwlmdoanmvxbk6
==> No binary for cmake-3.23.0-6apwu6qxol5edknzpqvwlmdoanmvxbk6 found: installing from source
==> Using cached archive: /Volumes/T7-Touch/spacktivity/spack-quaxolotl-darwin/var/spack/cache/_source-cache/archive/5a/5ab0a12f702f44013be7e19534cd9094d65cc9fe7b2cd0f8c9e5318e0fe4ac82.tar.gz
==> No patches needed for cmake
==> cmake: Executing phase: 'bootstrap'
==> cmake: Executing phase: 'build'
==> cmake: Executing phase: 'install'
==> cmake: Successfully installed cmake-3.23.0-6apwu6qxol5edknzpqvwlmdoanmvxbk6
  Fetch: 0.04s.  Build: 5m 38.39s.  Total: 5m 38.43s.
[+] /Volumes/T7-Touch/spacktivity/spack-quaxolotl-darwin/opt/spack/darwin-monterey-skylake/apple-clang-13.0.0/cmake-3.23.0-6apwu6qxol5edknzpqvwlmdoanmvxbk6
==> Installing openssh-8.9p1-ny56xvkcx5fqjz64kgdwjdyvmcssmqbr
==> No binary for openssh-8.9p1-ny56xvkcx5fqjz64kgdwjdyvmcssmqbr found: installing from source
==> Using cached archive: /Volumes/T7-Touch/spacktivity/spack-quaxolotl-darwin/var/spack/cache/_source-cache/archive/fd/fd497654b7ab1686dac672fb83dfb4ba4096e8b5ffcdaccd262380ae58bec5e7.tar.gz
==> No patches needed for openssh
==> openssh: Executing phase: 'autoreconf'
==> openssh: Executing phase: 'configure'
==> openssh: Executing phase: 'build'
==> openssh: Executing phase: 'install'
==> openssh: Successfully installed openssh-8.9p1-ny56xvkcx5fqjz64kgdwjdyvmcssmqbr
  Fetch: 0.01s.  Build: 1m 38.37s.  Total: 1m 38.38s.
[+] /Volumes/T7-Touch/spacktivity/spack-quaxolotl-darwin/opt/spack/darwin-monterey-skylake/apple-clang-13.0.0/openssh-8.9p1-ny56xvkcx5fqjz64kgdwjdyvmcssmqbr
==> Installing rocm-smi-lib-5.0.2-cxja64xerq2fgusx2qjl7phx6foln63u
==> No binary for rocm-smi-lib-5.0.2-cxja64xerq2fgusx2qjl7phx6foln63u found: installing from source
==> Using cached archive: /Volumes/T7-Touch/spacktivity/spack-quaxolotl-darwin/var/spack/cache/_source-cache/archive/a1/a169129e4ecd1cca134039dc1bf91e1b3721768781abfae4ae61fad60a633472.tar.gz
==> Applied patch /Volumes/T7-Touch/spacktivity/spack-quaxolotl-darwin/var/spack/repos/builtin/packages/rocm-smi-lib/disable_pdf_generation_with_doxygen_and_latex.patch
==> rocm-smi-lib: Executing phase: 'cmake'
==> rocm-smi-lib: Executing phase: 'build'
==> Error: ProcessError: Command exited with status 2:
    'make' '-j16'

36 errors found in build log:
     173    clang: warning: -Wl,-z,relro: 'linker' input unused [-Wunused-command-line-argument]
     174    clang: warning: -Wl,-z,now: 'linker' input unused [-Wunused-command-line-argument]
     175    clang: warning: -Wl,-z,noexecstack: 'linker' input unused [-Wunused-command-line-argument]
     176    clang: warning: -Wl,-znoexecheap: 'linker' input unused [-Wunused-command-line-argument]
     177    clang: warning: -Wl,-z,relro: 'linker' input unused [-Wunused-command-line-argument]
     178    clang: warning: -Wl,-z,now: 'linker' input unused [-Wunused-command-line-argument]
  >> 179    /var/folders/ld/z0sr6fhn0rz4tndl4nfm941m0000gn/T/dantopa/spack-stage/spack-stage-rocm-smi-lib-5.0.2-cxja64xerq2fgusx2qjl7phx6foln63u/spack-src/src/rocm_smi_counters.cc:46:10: fatal error: 'linux/perf_event.h' file no
            t found
     180    #include <linux/perf_event.h>
     181             ^~~~~~~~~~~~~~~~~~~~
     182    warning: unknown warning option '-Wtrampolines' [-Wunknown-warning-option]
     183    warning: unknown warning option '-Wtrampolines' [-Wunknown-warning-option]
     184    warning: unknown warning option '-Wtrampolines' [-Wunknown-warning-option]
  >> 185    /var/folders/ld/z0sr6fhn0rz4tndl4nfm941m0000gn/T/dantopa/spack-stage/spack-stage-rocm-smi-lib-5.0.2-cxja64xerq2fgusx2qjl7phx6foln63u/spack-src/src/rocm_smi_counters.cc:46:10: fatal error: 'linux/perf_event.h' file no
            t found
     186    #include <linux/perf_event.h>
     187             ^~~~~~~~~~~~~~~~~~~~
     188    1 warning and 1 error generated.
  >> 189    make[2]: *** [rocm_smi/CMakeFiles/rocm_smi64.dir/__/src/rocm_smi_counters.cc.o] Error 1
     190    make[2]: *** Waiting for unfinished jobs....
     191    1 warning and 1 error generated.
     192    In file included from /var/folders/ld/z0sr6fhn0rz4tndl4nfm941m0000gn/T/dantopa/spack-stage/spack-stage-rocm-smi-lib-5.0.2-cxja64xerq2fgusx2qjl7phx6foln63u/spack-src/src/rocm_smi_utils.cc:55:
     193    In file included from /var/folders/ld/z0sr6fhn0rz4tndl4nfm941m0000gn/T/dantopa/spack-stage/spack-stage-rocm-smi-lib-5.0.2-cxja64xerq2fgusx2qjl7phx6foln63u/spack-src/include/rocm_smi/rocm_smi.h:56:
  >> 194    /var/folders/ld/z0sr6fhn0rz4tndl4nfm941m0000gn/T/dantopa/spack-stage/spack-stage-rocm-smi-lib-5.0.2-cxja64xerq2fgusx2qjl7phx6foln63u/spack-src/include/rocm_smi/kfd_ioctl.h:26:10: fatal error: 'linux/types.h' file not
             found
     195    #include <linux/types.h>
     196             ^~~~~~~~~~~~~~~
  >> 197    make[2]: *** [oam/CMakeFiles/oam.dir/__/src/rocm_smi_counters.cc.o] Error 1
     198    make[2]: *** Waiting for unfinished jobs....
     199    In file included from /var/folders/ld/z0sr6fhn0rz4tndl4nfm941m0000gn/T/dantopa/spack-stage/spack-stage-rocm-smi-lib-5.0.2-cxja64xerq2fgusx2qjl7phx6foln63u/spack-src/src/rocm_smi_utils.cc:55:
     200    In file included from /var/folders/ld/z0sr6fhn0rz4tndl4nfm941m0000gn/T/dantopa/spack-stage/spack-stage-rocm-smi-lib-5.0.2-cxja64xerq2fgusx2qjl7phx6foln63u/spack-src/include/rocm_smi/rocm_smi.h:56:
  >> 201    /var/folders/ld/z0sr6fhn0rz4tndl4nfm941m0000gn/T/dantopa/spack-stage/spack-stage-rocm-smi-lib-5.0.2-cxja64xerq2fgusx2qjl7phx6foln63u/spack-src/include/rocm_smi/kfd_ioctl.h:26:10: fatal error: 'linux/types.h' file not
             found
     202    #include <linux/types.h>
     203             ^~~~~~~~~~~~~~~
     204    [ 58%] Building CXX object oam/CMakeFiles/oam.dir/__/src/rocm_smi_io_link.cc.o
     205    cd /private/var/folders/ld/z0sr6fhn0rz4tndl4nfm941m0000gn/T/dantopa/spack-stage/spack-stage-rocm-smi-lib-5.0.2-cxja64xerq2fgusx2qjl7phx6foln63u/spack-build-cxja64x/oam && /Volumes/T7-Touch/spacktivity/spack-quaxolotl
            -darwin/lib/spack/env/clang/clang++ -Doam_EXPORTS -I/var/folders/ld/z0sr6fhn0rz4tndl4nfm941m0000gn/T/dantopa/spack-stage/spack-stage-rocm-smi-lib-5.0.2-cxja64xerq2fgusx2qjl7phx6foln63u/spack-src/include -I/var/folder
            s/ld/z0sr6fhn0rz4tndl4nfm941m0000gn/T/dantopa/spack-stage/spack-stage-rocm-smi-lib-5.0.2-cxja64xerq2fgusx2qjl7phx6foln63u/spack-src/third_party/shared_mutex -I/var/folders/ld/z0sr6fhn0rz4tndl4nfm941m0000gn/T/dantopa/
            spack-stage/spack-stage-rocm-smi-lib-5.0.2-cxja64xerq2fgusx2qjl7phx6foln63u/spack-src/oam/include -I/var/folders/ld/z0sr6fhn0rz4tndl4nfm941m0000gn/T/dantopa/spack-stage/spack-stage-rocm-smi-lib-5.0.2-cxja64xerq2fgusx
            2qjl7phx6foln63u/spack-src/common/shared_mutex -Wall -Wextra -fno-rtti -m64 -msse -msse2 -std=c++11  -Wconversion -Wcast-align  -Wformat=2 -fno-common -Wstrict-overflow   -Woverloaded-virtual -Wreorder  -DFORTIFY_SOU
            RCE=2 -fstack-protector-all -Wcast-align -Wl,-z,noexecstack -Wl,-znoexecheap -Wl,-z,relro  -Wtrampolines -Wl,-z,now -fPIE -O2 -O3 -DNDEBUG -isysroot /Applications/Xcode.app/Contents/Developer/Platforms/MacOSX.platfor
            m/Developer/SDKs/MacOSX.sdk -mmacosx-version-min=12 -fPIC -MD -MT oam/CMakeFiles/oam.dir/__/src/rocm_smi_io_link.cc.o -MF CMakeFiles/oam.dir/__/src/rocm_smi_io_link.cc.o.d -o CMakeFiles/oam.dir/__/src/rocm_smi_io_lin
            k.cc.o -c /var/folders/ld/z0sr6fhn0rz4tndl4nfm941m0000gn/T/dantopa/spack-stage/spack-stage-rocm-smi-lib-5.0.2-cxja64xerq2fgusx2qjl7phx6foln63u/spack-src/src/rocm_smi_io_link.cc
     206    In file included from /var/folders/ld/z0sr6fhn0rz4tndl4nfm941m0000gn/T/dantopa/spack-stage/spack-stage-rocm-smi-lib-5.0.2-cxja64xerq2fgusx2qjl7phx6foln63u/spack-src/src/rocm_smi_io_link.cc:56:
     207    In file included from /var/folders/ld/z0sr6fhn0rz4tndl4nfm941m0000gn/T/dantopa/spack-stage/spack-stage-rocm-smi-lib-5.0.2-cxja64xerq2fgusx2qjl7phx6foln63u/spack-src/include/rocm_smi/rocm_smi.h:56:
  >> 208    /var/folders/ld/z0sr6fhn0rz4tndl4nfm941m0000gn/T/dantopa/spack-stage/spack-stage-rocm-smi-lib-5.0.2-cxja64xerq2fgusx2qjl7phx6foln63u/spack-src/include/rocm_smi/kfd_ioctl.h:26:10: fatal error: 'linux/types.h' file not
             found
     209    #include <linux/types.h>
     210             ^~~~~~~~~~~~~~~
     211    clang: warning: -Wl,-z,noexecstack: 'linker' input unused [-Wunused-command-line-argument]
     212    clang: warning: -Wl,-znoexecheap: 'linker' input unused [-Wunused-command-line-argument]
     213    clang: warning: -Wl,-z,relro: 'linker' input unused [-Wunused-command-line-argument]
     214    clang: warning: -Wl,-z,now: 'linker' input unused [-Wunused-command-line-argument]
     215    warning: unknown warning option '-Wtrampolines' [-Wunknown-warning-option]
     216    In file included from /var/folders/ld/z0sr6fhn0rz4tndl4nfm941m0000gn/T/dantopa/spack-stage/spack-stage-rocm-smi-lib-5.0.2-cxja64xerq2fgusx2qjl7phx6foln63u/spack-src/src/rocm_smi_main.cc:61:
     217    In file included from /var/folders/ld/z0sr6fhn0rz4tndl4nfm941m0000gn/T/dantopa/spack-stage/spack-stage-rocm-smi-lib-5.0.2-cxja64xerq2fgusx2qjl7phx6foln63u/spack-src/include/rocm_smi/rocm_smi.h:56:
  >> 218    /var/folders/ld/z0sr6fhn0rz4tndl4nfm941m0000gn/T/dantopa/spack-stage/spack-stage-rocm-smi-lib-5.0.2-cxja64xerq2fgusx2qjl7phx6foln63u/spack-src/include/rocm_smi/kfd_ioctl.h:26:10: fatal error: 'linux/types.h' file not
             found
     219    #include <linux/types.h>
     220             ^~~~~~~~~~~~~~~
     221    In file included from /var/folders/ld/z0sr6fhn0rz4tndl4nfm941m0000gn/T/dantopa/spack-stage/spack-stage-rocm-smi-lib-5.0.2-cxja64xerq2fgusx2qjl7phx6foln63u/spack-src/src/rocm_smi_kfd.cc:56:
     222    In file included from /var/folders/ld/z0sr6fhn0rz4tndl4nfm941m0000gn/T/dantopa/spack-stage/spack-stage-rocm-smi-lib-5.0.2-cxja64xerq2fgusx2qjl7phx6foln63u/spack-src/include/rocm_smi/rocm_smi_io_link.h:53:
     223    In file included from /var/folders/ld/z0sr6fhn0rz4tndl4nfm941m0000gn/T/dantopa/spack-stage/spack-stage-rocm-smi-lib-5.0.2-cxja64xerq2fgusx2qjl7phx6foln63u/spack-src/include/rocm_smi/rocm_smi.h:56:
  >> 224    /var/folders/ld/z0sr6fhn0rz4tndl4nfm941m0000gn/T/dantopa/spack-stage/spack-stage-rocm-smi-lib-5.0.2-cxja64xerq2fgusx2qjl7phx6foln63u/spack-src/include/rocm_smi/kfd_ioctl.h:26:10: fatal error: 'linux/types.h' file not
             found
     225    #include <linux/types.h>
     226             ^~~~~~~~~~~~~~~
     227    In file included from /var/folders/ld/z0sr6fhn0rz4tndl4nfm941m0000gn/T/dantopa/spack-stage/spack-stage-rocm-smi-lib-5.0.2-cxja64xerq2fgusx2qjl7phx6foln63u/spack-src/src/rocm_smi_main.cc:61:
     228    In file included from /var/folders/ld/z0sr6fhn0rz4tndl4nfm941m0000gn/T/dantopa/spack-stage/spack-stage-rocm-smi-lib-5.0.2-cxja64xerq2fgusx2qjl7phx6foln63u/spack-src/include/rocm_smi/rocm_smi.h:56:
  >> 229    /var/folders/ld/z0sr6fhn0rz4tndl4nfm941m0000gn/T/dantopa/spack-stage/spack-stage-rocm-smi-lib-5.0.2-cxja64xerq2fgusx2qjl7phx6foln63u/spack-src/include/rocm_smi/kfd_ioctl.h:26:10: fatal error: 'linux/types.h' file not
             found
     230    #include <linux/types.h>
     231             ^~~~~~~~~~~~~~~
     232    1 warning and 1 error generated.
     233    In file included from /var/folders/ld/z0sr6fhn0rz4tndl4nfm941m0000gn/T/dantopa/spack-stage/spack-stage-rocm-smi-lib-5.0.2-cxja64xerq2fgusx2qjl7phx6foln63u/spack-src/src/rocm_smi_power_mon.cc:53:
     234    In file included from /var/folders/ld/z0sr6fhn0rz4tndl4nfm941m0000gn/T/dantopa/spack-stage/spack-stage-rocm-smi-lib-5.0.2-cxja64xerq2fgusx2qjl7phx6foln63u/spack-src/include/rocm_smi/rocm_smi_main.h:59:
     235    In file included from /var/folders/ld/z0sr6fhn0rz4tndl4nfm941m0000gn/T/dantopa/spack-stage/spack-stage-rocm-smi-lib-5.0.2-cxja64xerq2fgusx2qjl7phx6foln63u/spack-src/include/rocm_smi/rocm_smi_io_link.h:53:
     236    In file included from /var/folders/ld/z0sr6fhn0rz4tndl4nfm941m0000gn/T/dantopa/spack-stage/spack-stage-rocm-smi-lib-5.0.2-cxja64xerq2fgusx2qjl7phx6foln63u/spack-src/include/rocm_smi/rocm_smi.h:56:
  >> 237    /var/folders/ld/z0sr6fhn0rz4tndl4nfm941m0000gn/T/dantopa/spack-stage/spack-stage-rocm-smi-lib-5.0.2-cxja64xerq2fgusx2qjl7phx6foln63u/spack-src/include/rocm_smi/kfd_ioctl.h:26:10: fatal error: 'linux/types.h' file not
             found
     238    #include <linux/types.h>
     239             ^~~~~~~~~~~~~~~
     240    In file included from /var/folders/ld/z0sr6fhn0rz4tndl4nfm941m0000gn/T/dantopa/spack-stage/spack-stage-rocm-smi-lib-5.0.2-cxja64xerq2fgusx2qjl7phx6foln63u/spack-src/src/rocm_smi_kfd.cc:56:
     241    In file included from /var/folders/ld/z0sr6fhn0rz4tndl4nfm941m0000gn/T/dantopa/spack-stage/spack-stage-rocm-smi-lib-5.0.2-cxja64xerq2fgusx2qjl7phx6foln63u/spack-src/include/rocm_smi/rocm_smi_io_link.h:53:
     242    In file included from /var/folders/ld/z0sr6fhn0rz4tndl4nfm941m0000gn/T/dantopa/spack-stage/spack-stage-rocm-smi-lib-5.0.2-cxja64xerq2fgusx2qjl7phx6foln63u/spack-src/include/rocm_smi/rocm_smi.h:56:
  >> 243    /var/folders/ld/z0sr6fhn0rz4tndl4nfm941m0000gn/T/dantopa/spack-stage/spack-stage-rocm-smi-lib-5.0.2-cxja64xerq2fgusx2qjl7phx6foln63u/spack-src/include/rocm_smi/kfd_ioctl.h:26:10: fatal error: 'linux/types.h' file not
             found
     244    #include <linux/types.h>
     245             ^~~~~~~~~~~~~~~
  >> 246    make[2]: *** [rocm_smi/CMakeFiles/rocm_smi64.dir/__/src/rocm_smi_io_link.cc.o] Error 1
     247    In file included from /var/folders/ld/z0sr6fhn0rz4tndl4nfm941m0000gn/T/dantopa/spack-stage/spack-stage-rocm-smi-lib-5.0.2-cxja64xerq2fgusx2qjl7phx6foln63u/spack-src/src/rocm_smi_device.cc:62:
     248    In file included from /var/folders/ld/z0sr6fhn0rz4tndl4nfm941m0000gn/T/dantopa/spack-stage/spack-stage-rocm-smi-lib-5.0.2-cxja64xerq2fgusx2qjl7phx6foln63u/spack-src/include/rocm_smi/rocm_smi_main.h:59:
     249    In file included from /var/folders/ld/z0sr6fhn0rz4tndl4nfm941m0000gn/T/dantopa/spack-stage/spack-stage-rocm-smi-lib-5.0.2-cxja64xerq2fgusx2qjl7phx6foln63u/spack-src/include/rocm_smi/rocm_smi_io_link.hIn file included
             from /var/folders/ld/z0sr6fhn0rz4tndl4nfm941m0000gn/T/dantopa/spack-stage/spack-stage-rocm-smi-lib-5.0.2-cxja64xerq2fgusx2qjl7phx6foln63u/spack-src/src/rocm_smi_power_mon.cc:53:53:
     250    In file included from /var/folders/ld/z0sr6fhn0rz4tndl4nfm941m0000gn/T/dantopa/spack-stage/spack-stage-rocm-smi-lib-5.0.2-cxja64xerq2fgusx2qjl7phx6foln63u/spack-src/include/rocm_smi/rocm_smi_main.h:59:
     251    In file included from /var/folders/ld/z0sr6fhn0rz4tndl4nfm941m0000gn/T/dantopa/spack-stage/spack-stage-rocm-smi-lib-5.0.2-cxja64xerq2fgusx2qjl7phx6foln63u/spack-src/include/rocm_smi/rocm_smi_io_link.h::
     252    In file included from 53/var/folders/ld/z0sr6fhn0rz4tndl4nfm941m0000gn/T/dantopa/spack-stage/spack-stage-rocm-smi-lib-5.0.2-cxja64xerq2fgusx2qjl7phx6foln63u/spack-src/include/rocm_smi/rocm_smi.h:
     253    :In file included from /var/folders/ld/z0sr6fhn0rz4tndl4nfm941m0000gn/T/dantopa/spack-stage/spack-stage-rocm-smi-lib-5.0.2-cxja64xerq2fgusx2qjl7phx6foln63u/spack-src/include/rocm_smi/rocm_smi.h:56:
     254    /var/folders/ld/z0sr6fhn0rz4tndl4nfm941m0000gn/T/dantopa/spack-stage/spack-stage-rocm-smi-lib-5.0.2-cxja64xerq2fgusx2qjl7phx6foln63u/spack-src/include/rocm_smi/kfd_ioctl.h:56:
  >> 255    /var/folders/ld/z0sr6fhn0rz4tndl4nfm941m0000gn/T/dantopa/spack-stage/spack-stage-rocm-smi-lib-5.0.2-cxja64xerq2fgusx2qjl7phx6foln63u/spack-src/include/rocm_smi/kfd_ioctl.h:26:10: fatal error: 26:10: fatal error: 'lin
            ux/types.h' file not found
     256    'linux/types.h' file not found
     257    #include <linux/types.h>
     258             ^~~~~~~~~~~~~~~
     259    #include <linux/types.h>
     260             ^~~~~~~~~~~~~~~
     261    1 warning and 1 error generated.
     262    1 warning and 1 error generated.
     263    In file included from /var/folders/ld/z0sr6fhn0rz4tndl4nfm941m0000gn/T/dantopa/spack-stage/spack-stage-rocm-smi-lib-5.0.2-cxja64xerq2fgusx2qjl7phx6foln63u/spack-src/src/rocm_smi_device.cc:62:
     264    In file included from /var/folders/ld/z0sr6fhn0rz4tndl4nfm941m0000gn/T/dantopa/spack-stage/spack-stage-rocm-smi-lib-5.0.2-cxja64xerq2fgusx2qjl7phx6foln63u/spack-src/include/rocm_smi/rocm_smi_main.h:59:
     265    In file included from /var/folders/ld/z0sr6fhn0rz4tndl4nfm941m0000gn/T/dantopa/spack-stage/spack-stage-rocm-smi-lib-5.0.2-cxja64xerq2fgusx2qjl7phx6foln63u/spack-src/include/rocm_smi/rocm_smi_io_link.h:53:
     266    In file included from /var/folders/ld/z0sr6fhn0rz4tndl4nfm941m0000gn/T/dantopa/spack-stage/spack-stage-rocm-smi-lib-5.0.2-cxja64xerq2fgusx2qjl7phx6foln63u/spack-src/include/rocm_smi/rocm_smi.h:56:
  >> 267    /var/folders/ld/z0sr6fhn0rz4tndl4nfm941m0000gn/T/dantopa/spack-stage/spack-stage-rocm-smi-lib-5.0.2-cxja64xerq2fgusx2qjl7phx6foln63u/spack-src/include/rocm_smi/kfd_ioctl.h:26:10: fatal error: 'linux/types.h' file not
             found
     268    #include <linux/types.h>
     269             ^~~~~~~~~~~~~~~
     270    1 warning and 1 error generated.
  >> 271    make[2]: *** [oam/CMakeFiles/oam.dir/__/src/rocm_smi_utils.cc.o] Error 1
  >> 272    make[2]: *** [rocm_smi/CMakeFiles/rocm_smi64.dir/__/src/rocm_smi_utils.cc.o] Error 1
     273    1 warning and 1 error generated.
  >> 274    make[2]: *** [oam/CMakeFiles/oam.dir/__/src/rocm_smi_power_mon.cc.o] Error 1
     275    1 warning and 1 error generated.
     276    1 warning and 1 error generated.
  >> 277    make[2]: *** [rocm_smi/CMakeFiles/rocm_smi64.dir/__/src/rocm_smi_power_mon.cc.o] Error 1
     278    1 warning and 1 error generated.
     279    1 warning and 1 error generated.
  >> 280    make[2]: *** [rocm_smi/CMakeFiles/rocm_smi64.dir/__/src/rocm_smi_main.cc.o] Error 1
  >> 281    make[2]: *** [rocm_smi/CMakeFiles/rocm_smi64.dir/__/src/rocm_smi_kfd.cc.o] Error 1
  >> 282    make[2]: *** [oam/CMakeFiles/oam.dir/__/src/rocm_smi_device.cc.o] Error 1
  >> 283    make[2]: *** [oam/CMakeFiles/oam.dir/__/src/rocm_smi_main.cc.o] Error 1
     284    1 warning and 1 error generated.
     285    In file included from /var/folders/ld/z0sr6fhn0rz4tndl4nfm941m0000gn/T/dantopa/spack-stage/spack-stage-rocm-smi-lib-5.0.2-cxja64xerq2fgusx2qjl7phx6foln63u/spack-src/src/rocm_smi_monitor.cc:56:
     286    In file included from /var/folders/ld/z0sr6fhn0rz4tndl4nfm941m0000gn/T/dantopa/spack-stage/spack-stage-rocm-smi-lib-5.0.2-cxja64xerq2fgusx2qjl7phx6foln63u/spack-src/include/rocm_smi/rocm_smi_main.h:59:
     287    In file included from /var/folders/ld/z0sr6fhn0rz4tndl4nfm941m0000gn/T/dantopa/spack-stage/spack-stage-rocm-smi-lib-5.0.2-cxja64xerq2fgusx2qjl7phx6foln63u/spack-src/include/rocm_smi/rocm_smi_io_link.h:53:
     288    In file included from /var/folders/ld/z0sr6fhn0rz4tndl4nfm941m0000gn/T/dantopa/spack-stage/spack-stage-rocm-smi-lib-5.0.2-cxja64xerq2fgusx2qjl7phx6foln63u/spack-src/include/rocm_smi/rocm_smi.h:56:
  >> 289    /var/folders/ld/z0sr6fhn0rz4tndl4nfm941m0000gn/T/dantopa/spack-stage/spack-stage-rocm-smi-lib-5.0.2-cxja64xerq2fgusx2qjl7phx6foln63u/spack-src/include/rocm_smi/kfd_ioctl.h:26:10: fatal error: 'linux/types.h' file not
             found
     290    #include <linux/types.h>
     291             ^~~~~~~~~~~~~~~
     292    1 warning and 1 error generated.
  >> 293    make[2]: *** [rocm_smi/CMakeFiles/rocm_smi64.dir/__/src/rocm_smi_device.cc.o] Error 1
     294    In file included from /var/folders/ld/z0sr6fhn0rz4tndl4nfm941m0000gn/T/dantopa/spack-stage/spack-stage-rocm-smi-lib-5.0.2-cxja64xerq2fgusx2qjl7phx6foln63u/spack-src/src/rocm_smi_monitor.cc:56:
     295    In file included from /var/folders/ld/z0sr6fhn0rz4tndl4nfm941m0000gn/T/dantopa/spack-stage/spack-stage-rocm-smi-lib-5.0.2-cxja64xerq2fgusx2qjl7phx6foln63u/spack-src/include/rocm_smi/rocm_smi_main.h:59:
     296    In file included from /var/folders/ld/z0sr6fhn0rz4tndl4nfm941m0000gn/T/dantopa/spack-stage/spack-stage-rocm-smi-lib-5.0.2-cxja64xerq2fgusx2qjl7phx6foln63u/spack-src/include/rocm_smi/rocm_smi_io_link.h:53:
     297    In file included from /var/folders/ld/z0sr6fhn0rz4tndl4nfm941m0000gn/T/dantopa/spack-stage/spack-stage-rocm-smi-lib-5.0.2-cxja64xerq2fgusx2qjl7phx6foln63u/spack-src/include/rocm_smi/rocm_smi.h:56:
  >> 298    /var/folders/ld/z0sr6fhn0rz4tndl4nfm941m0000gn/T/dantopa/spack-stage/spack-stage-rocm-smi-lib-5.0.2-cxja64xerq2fgusx2qjl7phx6foln63u/spack-src/include/rocm_smi/kfd_ioctl.h:26:10: fatal error: 'linux/types.h' file not
             found
     299    #include <linux/types.h>
     300             ^~~~~~~~~~~~~~~
  >> 301    make[2]: *** [oam/CMakeFiles/oam.dir/__/src/rocm_smi_kfd.cc.o] Error 1
     302    1 warning and 1 error generated.
  >> 303    make[2]: *** [oam/CMakeFiles/oam.dir/__/src/rocm_smi_monitor.cc.o] Error 1
     304    1 warning and 1 error generated.
     305    In file included from /var/folders/ld/z0sr6fhn0rz4tndl4nfm941m0000gn/T/dantopa/spack-stage/spack-stage-rocm-smi-lib-5.0.2-cxja64xerq2fgusx2qjl7phx6foln63u/spack-src/src/rocm_smi_gpu_metrics.cc:58:
     306    In file included from /var/folders/ld/z0sr6fhn0rz4tndl4nfm941m0000gn/T/dantopa/spack-stage/spack-stage-rocm-smi-lib-5.0.2-cxja64xerq2fgusx2qjl7phx6foln63u/spack-src/include/rocm_smi/rocm_smi_main.h:59:
     307    In file included from /var/folders/ld/z0sr6fhn0rz4tndl4nfm941m0000gn/T/dantopa/spack-stage/spack-stage-rocm-smi-lib-5.0.2-cxja64xerq2fgusx2qjl7phx6foln63u/spack-src/include/rocm_smi/rocm_smi_io_link.h:53:
     308    In file included from /var/folders/ld/z0sr6fhn0rz4tndl4nfm941m0000gn/T/dantopa/spack-stage/spack-stage-rocm-smi-lib-5.0.2-cxja64xerq2fgusx2qjl7phx6foln63u/spack-src/include/rocm_smi/rocm_smi.h:56:
  >> 309    /var/folders/ld/z0sr6fhn0rz4tndl4nfm941m0000gn/T/dantopa/spack-stage/spack-stage-rocm-smi-lib-5.0.2-cxja64xerq2fgusx2qjl7phx6foln63u/spack-src/include/rocm_smi/kfd_ioctl.h:26:10: fatal error: 'linux/types.h' file not
             found
     310    #include <linux/types.h>
     311             ^~~~~~~~~~~~~~~
  >> 312    make[2]: *** [rocm_smi/CMakeFiles/rocm_smi64.dir/__/src/rocm_smi_monitor.cc.o] Error 1
     313    1 warning and 1 error generated.
  >> 314    make[2]: *** [rocm_smi/CMakeFiles/rocm_smi64.dir/__/src/rocm_smi_gpu_metrics.cc.o] Error 1
  >> 315    make[1]: *** [rocm_smi/CMakeFiles/rocm_smi64.dir/all] Error 2
     316    make[1]: *** Waiting for unfinished jobs....
     317    In file included from /var/folders/ld/z0sr6fhn0rz4tndl4nfm941m0000gn/T/dantopa/spack-stage/spack-stage-rocm-smi-lib-5.0.2-cxja64xerq2fgusx2qjl7phx6foln63u/spack-src/src/rocm_smi_io_link.cc:56:
     318    In file included from /var/folders/ld/z0sr6fhn0rz4tndl4nfm941m0000gn/T/dantopa/spack-stage/spack-stage-rocm-smi-lib-5.0.2-cxja64xerq2fgusx2qjl7phx6foln63u/spack-src/include/rocm_smi/rocm_smi.h:56:
  >> 319    /var/folders/ld/z0sr6fhn0rz4tndl4nfm941m0000gn/T/dantopa/spack-stage/spack-stage-rocm-smi-lib-5.0.2-cxja64xerq2fgusx2qjl7phx6foln63u/spack-src/include/rocm_smi/kfd_ioctl.h:26:10: fatal error: 'linux/types.h' file not
             found
     320    #include <linux/types.h>
     321             ^~~~~~~~~~~~~~~
     322    1 warning and 1 error generated.
  >> 323    make[2]: *** [oam/CMakeFiles/oam.dir/__/src/rocm_smi_io_link.cc.o] Error 1
  >> 324    make[1]: *** [oam/CMakeFiles/oam.dir/all] Error 2
  >> 325    make: *** [all] Error 2

See build log for details:
  /var/folders/ld/z0sr6fhn0rz4tndl4nfm941m0000gn/T/dantopa/spack-stage/spack-stage-rocm-smi-lib-5.0.2-cxja64xerq2fgusx2qjl7phx6foln63u/spack-build-out.txt

==> Installing openmpi-4.1.2-34tpbgmll4oybugpven7a4oweommduys
==> No binary for openmpi-4.1.2-34tpbgmll4oybugpven7a4oweommduys found: installing from source
==> Warning: Skipping build of hwloc-2.7.1-b25jr6guxmcegn4iphbxtyx4ixrrbrvo since rocm-smi-lib-5.0.2-cxja64xerq2fgusx2qjl7phx6foln63u failed
==> Warning: Skipping build of tau-2.31-be2phi34nzhsjienjbnl7bcu6xsaid5s since hwloc-2.7.1-b25jr6guxmcegn4iphbxtyx4ixrrbrvo failed
==> Using cached archive: /Volumes/T7-Touch/spacktivity/spack-quaxolotl-darwin/var/spack/cache/_source-cache/archive/9b/9b78c7cf7fc32131c5cf43dd2ab9740149d9d87cadb2e2189f02685749a6b527.tar.bz2
==> No patches needed for openmpi
==> openmpi: Executing phase: 'autoreconf'
==> openmpi: Executing phase: 'configure'
==> openmpi: Executing phase: 'build'
==> openmpi: Executing phase: 'install'
==> openmpi: Successfully installed openmpi-4.1.2-34tpbgmll4oybugpven7a4oweommduys
  Fetch: 0.05s.  Build: 14m 52.95s.  Total: 14m 53.00s.
[+] /Volumes/T7-Touch/spacktivity/spack-quaxolotl-darwin/opt/spack/darwin-monterey-skylake/apple-clang-13.0.0/openmpi-4.1.2-34tpbgmll4oybugpven7a4oweommduys
==> Error: tau-2.31-be2phi34nzhsjienjbnl7bcu6xsaid5s: Package was not installed
==> Error: Installation request failed.  Refer to reported errors for failing package(s).
